#
# A fatal error has been detected by the Java Runtime Environment:
#
#  EXCEPTION_ACCESS_VIOLATION (0xc0000005) at pc=0x00007ffdb7582dc7, pid=7056, tid=13144
#
# JRE version: Java(TM) SE Runtime Environment (20.0.1+9) (build 20.0.1+9-29)
# Java VM: Java HotSpot(TM) 64-Bit Server VM (20.0.1+9-29, mixed mode, sharing, tiered, compressed oops, compressed class ptrs, g1 gc, windows-amd64)
# Problematic frame:
# C  0x00007ffdb7582dc7
#
# No core dump will be written. Minidumps are not enabled by default on client versions of Windows
#
# If you would like to submit a bug report, please visit:
#   https://bugreport.java.com/bugreport/crash.jsp
# The crash happened outside the Java Virtual Machine in native code.
# See problematic frame for where to report the bug.
#

---------------  S U M M A R Y ------------

Command Line: --module-path=C:\Users\gage1\.m2\repository\org\openjfx\javafx-base\20-ea+4\javafx-base-20-ea+4-win.jar;C:\Users\gage1\.m2\repository\org\openjfx\javafx-base\20-ea+4\javafx-base-20-ea+4.jar;C:\Users\gage1\.m2\repository\org\openjfx\javafx-controls\20-ea+4\javafx-controls-20-ea+4-win.jar;C:\Users\gage1\.m2\repository\org\openjfx\javafx-controls\20-ea+4\javafx-controls-20-ea+4.jar;C:\Users\gage1\.m2\repository\org\openjfx\javafx-fxml\20-ea+4\javafx-fxml-20-ea+4-win.jar;C:\Users\gage1\.m2\repository\org\openjfx\javafx-fxml\20-ea+4\javafx-fxml-20-ea+4.jar;C:\Users\gage1\.m2\repository\org\openjfx\javafx-graphics\20-ea+4\javafx-graphics-20-ea+4-win.jar;C:\Users\gage1\.m2\repository\org\openjfx\javafx-graphics\20-ea+4\javafx-graphics-20-ea+4.jar;C:\Users\gage1\.m2\repository\org\openjfx\javafx-media\20-ea+4\javafx-media-20-ea+4-win.jar;C:\Users\gage1\.m2\repository\org\openjfx\javafx-media\20-ea+4\javafx-media-20-ea+4.jar;C:\Users\gage1\.m2\repository\org\openjfx\javafx-web\20-ea+4\javafx-web-20-ea+4-win.jar;C:\Users\gage1\.m2\repository\org\openjfx\javafx-web\20-ea+4\javafx-web-20-ea+4.jar --add-modules=javafx.base,javafx.controls,javafx.fxml,javafx.graphics,javafx.media,javafx.web com.freyja.Main

Host: AMD Ryzen 5 3600 6-Core Processor              , 12 cores, 15G,  Windows 11 , 64 bit Build 22621 (10.0.22621.1635)
Time: Tue Jun  6 22:59:55 2023 Central Daylight Time elapsed time: 3.254577 seconds (0d 0h 0m 3s)

---------------  T H R E A D  ---------------

Current thread (0x0000021e4a1dd670):  JavaThread "ForkJoinPool.commonPool-worker-1" daemon [_thread_in_native, id=13144, stack(0x0000002d0ae00000,0x0000002d0af00000)]

Stack: [0x0000002d0ae00000,0x0000002d0af00000],  sp=0x0000002d0aefea48,  free space=1018k
Native frames: (J=compiled Java code, j=interpreted, Vv=VM code, C=native code)
C  0x00007ffdb7582dc7

Java frames: (J=compiled Java code, j=interpreted, Vv=VM code)
J 2531  org.lwjgl.system.JNI.invokePI(IJJ)I (0 bytes) @ 0x0000021e2aadbc01 [0x0000021e2aadbba0+0x0000000000000061]
J 2535 c2 org.lwjgl.glfw.GLFW.glfwGetGamepadState(ILorg/lwjgl/glfw/GLFWGamepadState;)Z (17 bytes) @ 0x0000021e2aadc3b0 [0x0000021e2aadc380+0x0000000000000030]
j  com.freyja.helpers.GamepadLogger.lambda$start$0(JLorg/lwjgl/glfw/GLFWGamepadState;)V+13
j  com.freyja.helpers.GamepadLogger$$Lambda$521+0x0000000801275918.run()V+8
j  java.util.concurrent.CompletableFuture$AsyncRun.run()V+36 java.base@20.0.1
j  java.util.concurrent.CompletableFuture$AsyncRun.exec()Z+1 java.base@20.0.1
j  java.util.concurrent.ForkJoinTask.doExec()I+10 java.base@20.0.1
j  java.util.concurrent.ForkJoinPool$WorkQueue.topLevelExec(Ljava/util/concurrent/ForkJoinTask;Ljava/util/concurrent/ForkJoinPool$WorkQueue;)V+19 java.base@20.0.1
j  java.util.concurrent.ForkJoinPool.scan(Ljava/util/concurrent/ForkJoinPool$WorkQueue;II)I+211 java.base@20.0.1
j  java.util.concurrent.ForkJoinPool.runWorker(Ljava/util/concurrent/ForkJoinPool$WorkQueue;)V+35 java.base@20.0.1
j  java.util.concurrent.ForkJoinWorkerThread.run()V+31 java.base@20.0.1
v  ~StubRoutines::call_stub 0x0000021e2a45100d

siginfo: EXCEPTION_ACCESS_VIOLATION (0xc0000005), writing address 0x0000000000000000


Registers:
RAX=0x0000000000000000, RBX=0x00007ffdb75d7018, RCX=0x00007ffdb75d7018, RDX=0x0000000000000000
RSP=0x0000002d0aefea48, RBP=0x0000002d0aefeaf9, RSI=0x0000000000000003, RDI=0x0000000000000003
R8 =0x0000000002ff045e, R9 =0x00000000000002ff, R10=0x000000000000045e, R11=0x00007ffde07ec650
R12=0x0000000000000000, R13=0x0000002d0aefec58, R14=0x00007ffdb75d6990, R15=0x0000021e4a1dd670
RIP=0x00007ffdb7582dc7, EFLAGS=0x0000000000010246


Register to memory mapping:

RIP=0x00007ffdb7582dc7 points into unknown readable memory: f3
RAX=0x0 is NULL
RBX=0x00007ffdb75d7018 points into unknown readable memory: 0x0000000000000000 | 00 00 00 00 00 00 00 00
RCX=0x00007ffdb75d7018 points into unknown readable memory: 0x0000000000000000 | 00 00 00 00 00 00 00 00
RDX=0x0 is NULL
RSP=0x0000002d0aefea48 is pointing into the stack for thread: 0x0000021e4a1dd670
RBP=0x0000002d0aefeaf9 is pointing into the stack for thread: 0x0000021e4a1dd670
RSI=0x0000000000000003 is an unknown value
RDI=0x0000000000000003 is an unknown value
R8 =0x0000000002ff045e is an unknown value
R9 =0x00000000000002ff is an unknown value
R10=0x000000000000045e is an unknown value
R11=0x00007ffde07ec650 points into unknown readable memory: 0x0000000002ff045e | 5e 04 ff 02 00 00 00 00
R12=0x0 is NULL
R13=0x0000002d0aefec58 is pointing into the stack for thread: 0x0000021e4a1dd670
R14=0x00007ffdb75d6990 points into unknown readable memory: 0x0000000000000000 | 00 00 00 00 00 00 00 00
R15=0x0000021e4a1dd670 is a thread


Top of Stack: (sp=0x0000002d0aefea48)
0x0000002d0aefea48:   00007ffdb758cde8 00007ffdb75d7018
0x0000002d0aefea58:   0000021e4a1dd670 0000021e4094b460
0x0000002d0aefea68:   0000002d0aefea70 0000000000000001
0x0000002d0aefea78:   0000000000000000 0000000000000000
0x0000002d0aefea88:   00007ffdb2a63534 0000000000000000
0x0000002d0aefea98:   0000021e4a1dd670 0000021e4a1dd670
0x0000002d0aefeaa8:   0000002d0aefecd0 0000000000000016
0x0000002d0aefeab8:   00007ffdb2a49a15 0000021e4a1dd670
0x0000002d0aefeac8:   0000000000000000 8000400020001000
0x0000002d0aefead8:   0010002002000100 0000021e00800040
0x0000002d0aefeae8:   0000000000000000 0000021e4a1dd670
0x0000002d0aefeaf8:   000074180a077a1c 0000000000000000
0x0000002d0aefeb08:   0000000000000000 0000000000000000
0x0000002d0aefeb18:   0000000000000000 0000000000000000
0x0000002d0aefeb28:   0000000000000000 0000021e4a1dd670
0x0000002d0aefeb38:   00007ffdb75d6990 0000002d0aefec58
0x0000002d0aefeb48:   0000000000000000 0000002d0aefec20
0x0000002d0aefeb58:   00007ffdb7583498 0000000000000000
0x0000002d0aefeb68:   0000000000000000 0000021e40b9ee60
0x0000002d0aefeb78:   0000000000000003 0000000000000000
0x0000002d0aefeb88:   0000000000000000 0000000000000000
0x0000002d0aefeb98:   0000021e2aadc09c 0000000000000110
0x0000002d0aefeba8:   0000021e2aadbc9c 0000002d0aefec20
0x0000002d0aefebb8:   00000000000014c6 0000002d0aefec08
0x0000002d0aefebc8:   0000021e3b918e78 00007ffdb75833e0
0x0000002d0aefebd8:   0000000000000110 0000021e3ba15010
0x0000002d0aefebe8:   0000021e400f2db0 0000021e3b906e40
0x0000002d0aefebf8:   0000000710dae048 0000021e3b906e40
0x0000002d0aefec08:   0000000710dae048 0000002d0aefecb0
0x0000002d0aefec18:   0000021e2aadc9b0 0000002d0aefecb0
0x0000002d0aefec28:   0000021e2aadc3b0 00000000000014c6
0x0000002d0aefec38:   0000021e2a4779b4 0000002d0aefecb0 

Instructions: (pc=0x00007ffdb7582dc7)
0x00007ffdb7582cc7:   c8 8b fa 48 8b d9 83 f8 5e 76 08 81 fa a0 00 00
0x00007ffdb7582cd7:   00 72 34 48 8b 81 48 03 00 00 48 85 c0 74 11 41
0x00007ffdb7582ce7:   83 e0 cf 83 b9 80 00 00 00 00 45 0f 45 c1 ff d0
0x00007ffdb7582cf7:   85 f6 74 13 48 8b 83 40 03 00 00 48 85 c0 74 07
0x00007ffdb7582d07:   8b d7 48 8b cb ff d0 48 8b 5c 24 30 48 8b 74 24
0x00007ffdb7582d17:   38 48 83 c4 20 5f c3 cc cc 48 8b 81 28 03 00 00
0x00007ffdb7582d27:   48 85 c0 74 03 48 ff e0 c3 f2 0f 10 81 f0 01 00
0x00007ffdb7582d37:   00 66 0f 2e c1 7a 12 75 10 f2 0f 10 81 f8 01 00
0x00007ffdb7582d47:   00 66 0f 2e c2 7a 02 74 1f 48 8b 81 20 03 00 00
0x00007ffdb7582d57:   f2 0f 11 89 f0 01 00 00 f2 0f 11 91 f8 01 00 00
0x00007ffdb7582d67:   48 85 c0 74 03 48 ff e0 c3 48 8b 81 50 03 00 00
0x00007ffdb7582d77:   48 85 c0 74 03 48 ff e0 c3 4c 8b 05 71 56 05 00
0x00007ffdb7582d87:   44 8b ca 4d 85 c0 74 2e 48 8d 05 82 42 05 00 48
0x00007ffdb7582d97:   2b c8 48 b8 39 8e e3 38 8e e3 38 0e 48 f7 e9 48
0x00007ffdb7582da7:   8b ca 41 8b d1 48 c1 f9 04 48 8b c1 48 c1 e8 3f
0x00007ffdb7582db7:   48 03 c8 49 ff e0 c3 cc cc 48 8b 41 08 48 63 d2
0x00007ffdb7582dc7:   f3 0f 11 14 90 c3 cc cc cc 48 8b 41 18 48 63 d2
0x00007ffdb7582dd7:   44 88 04 02 c3 cc cc cc cc 48 89 5c 24 08 8b 41
0x00007ffdb7582de7:   20 48 8b d9 45 0f be d0 44 8d 0c 90 48 8b 41 18
0x00007ffdb7582df7:   4d 63 d9 45 0f b6 c8 41 80 e1 01 45 88 0c 03 45
0x00007ffdb7582e07:   8b ca 48 8b 41 18 41 8b ca c1 e9 02 80 e1 01 41
0x00007ffdb7582e17:   d1 e9 41 80 e1 01 41 c1 ea 03 46 88 4c 18 01 41
0x00007ffdb7582e27:   80 e2 01 48 8b 43 18 42 88 4c 18 02 48 8b 43 18
0x00007ffdb7582e37:   48 63 ca 46 88 54 18 03 48 8b 43 28 48 8b 5c 24
0x00007ffdb7582e47:   08 44 88 04 01 c3 cc cc cc 4c 8b d1 81 fa 5c 01
0x00007ffdb7582e57:   00 00 77 4b 33 c9 48 63 c2 45 85 c9 75 1b 42 38
0x00007ffdb7582e67:   8c 10 90 00 00 00 74 61 41 39 4a 78 74 1e 41 c6
0x00007ffdb7582e77:   84 02 90 00 00 00 03 eb 26 41 83 f9 01 75 0d 46
0x00007ffdb7582e87:   38 8c 10 90 00 00 00 75 03 41 8b c9 46 88 8c 10
0x00007ffdb7582e97:   90 00 00 00 85 c9 b8 02 00 00 00 44 0f 45 c8 4d
0x00007ffdb7582ea7:   8b 9a 38 03 00 00 4d 85 db 74 1e 8b 4c 24 28 83
0x00007ffdb7582eb7:   e1 cf 41 83 ba 80 00 00 00 00 0f 45 4c 24 28 89 


Stack slot to memory mapping:
stack at sp + 0 slots: 0x00007ffdb758cde8 points into unknown readable memory: 0x000001ba8145bf0f | 0f bf 45 81 ba 01 00 00
stack at sp + 1 slots: 0x00007ffdb75d7018 points into unknown readable memory: 0x0000000000000000 | 00 00 00 00 00 00 00 00
stack at sp + 2 slots: 0x0000021e4a1dd670 is a thread
stack at sp + 3 slots: 0x0000021e4094b460 points into unknown readable memory: 0x0000000000000001 | 01 00 00 00 00 00 00 00
stack at sp + 4 slots: 0x0000002d0aefea70 is pointing into the stack for thread: 0x0000021e4a1dd670
stack at sp + 5 slots: 0x0000000000000001 is an unknown value
stack at sp + 6 slots: 0x0 is NULL
stack at sp + 7 slots: 0x0 is NULL


Compiled method (n/a)    3360 2531     n 0       org.lwjgl.system.JNI::invokePI (native)
 total in heap  [0x0000021e2aadba10,0x0000021e2aadbde0] = 976
 relocation     [0x0000021e2aadbb58,0x0000021e2aadbb90] = 56
 main code      [0x0000021e2aadbba0,0x0000021e2aadbdd8] = 568
 oops           [0x0000021e2aadbdd8,0x0000021e2aadbde0] = 8

[Constant Pool (empty)]

[MachCode]
[Entry Point]
  # {method} {0x0000021e3ba14f78} 'invokePI' '(IJJ)I' in 'org/lwjgl/system/JNI'
  # parm0:    rdx       = int
  # parm1:    r8:r8     = long
  # parm2:    r9:r9     = long
  #           [sp+0x80]  (sp of caller)
  0x0000021e2aadbba0: 448b 5208 | 49bb 0000 | 0000 0800 | 0000 4d03 | d349 3bc2 | 0f84 0600 

  0x0000021e2aadbbb8: ;   {runtime_call ic_miss_stub}
  0x0000021e2aadbbb8: 0000 e941 | 829d ff90 
[Verified Entry Point]
  0x0000021e2aadbbc0: 8984 2400 | 80ff ff55 | 488b ec48 | 83ec 7090 | 4181 7f20 | 0100 0000 

  0x0000021e2aadbbd8: ;   {runtime_call StubRoutines (2)}
  0x0000021e2aadbbd8: 7405 e8e1 | c99b ff4c | 894c 2420 | 4d8b c84c 

  0x0000021e2aadbbe8: ;   {oop(a 'java/lang/Class'{0x0000000710dae048} = 'org/lwjgl/system/JNI')}
  0x0000021e2aadbbe8: 8bc2 49be | 48e0 da10 | 0700 0000 | 4c89 7424 | 584c 8d74 | 2458 498b | d6c5 f877 

  0x0000021e2aadbc04: ;   {internal_word}
  0x0000021e2aadbc04: 49ba 01bc | ad2a 1e02 | 0000 4d89 | 97c8 0200 | 0049 89a7 | c002 0000 

  0x0000021e2aadbc1c: ;   {external_word}
  0x0000021e2aadbc1c: 49ba e109 | 22b3 fd7f | 0000 4180 | 3a00 0f84 | 4e00 0000 | 5241 5041 

  0x0000021e2aadbc34: ;   {metadata({method} {0x0000021e3ba14f78} 'invokePI' '(IJJ)I' in 'org/lwjgl/system/JNI')}
  0x0000021e2aadbc34: 5148 ba70 | 4fa1 3b1e | 0200 0049 | 8bcf 4883 | ec20 40f6 | c40f 0f84 | 1900 0000 | 4883 ec08 
  0x0000021e2aadbc54: ;   {runtime_call}
  0x0000021e2aadbc54: 48b8 a006 | d9b2 fd7f | 0000 ffd0 | 4883 c408 | e90c 0000 

  0x0000021e2aadbc68: ;   {runtime_call}
  0x0000021e2aadbc68: 0048 b8a0 | 06d9 b2fd | 7f00 00ff | d048 83c4 | 2041 5941 | 585a 498d | 8fe0 0200 | 0041 c787 
  0x0000021e2aadbc88: 7403 0000 | 0400 0000 

  0x0000021e2aadbc90: ;   {runtime_call}
  0x0000021e2aadbc90: 48b8 a014 | d2b7 fd7f | 0000 ffd0 | c5f8 7741 | c787 7403 | 0000 0500 | 0000 f083 | 4424 c000 
  0x0000021e2aadbcb0: 493b af78 | 0300 000f | 870e 0000 | 0041 83bf | 7003 0000 | 000f 842b | 0000 00c5 | f877 4889 
  0x0000021e2aadbcd0: 45f8 498b | cf4c 8be4 | 4883 ec20 | 4883 e4f0 

  0x0000021e2aadbce0: ;   {runtime_call}
  0x0000021e2aadbce0: 48b8 60fc | a5b2 fd7f | 0000 ffd0 | 498b e44d | 33e4 488b | 45f8 41c7 | 8774 0300 | 0008 0000 
  0x0000021e2aadbd00: 0041 83bf | f003 0000 | 020f 849c 

  0x0000021e2aadbd0c: ;   {external_word}
  0x0000021e2aadbd0c: 0000 0049 | bae1 0922 | b3fd 7f00 | 0041 803a | 000f 844c | 0000 0048 

  0x0000021e2aadbd24: ;   {metadata({method} {0x0000021e3ba14f78} 'invokePI' '(IJJ)I' in 'org/lwjgl/system/JNI')}
  0x0000021e2aadbd24: 8945 f848 | ba70 4fa1 | 3b1e 0200 | 0049 8bcf | 4883 ec20 | 40f6 c40f | 0f84 1900 | 0000 4883 
  0x0000021e2aadbd44: ;   {runtime_call}
  0x0000021e2aadbd44: ec08 48b8 | a006 d9b2 | fd7f 0000 | ffd0 4883 | c408 e90c 

  0x0000021e2aadbd58: ;   {runtime_call}
  0x0000021e2aadbd58: 0000 0048 | b8a0 06d9 | b2fd 7f00 | 00ff d048 | 83c4 2048 | 8b45 f849 | c787 c002 | 0000 0000 
  0x0000021e2aadbd78: 0000 49c7 | 87c8 0200 | 0000 0000 | 00c5 f877 | 498b 8f50 | 0300 00c7 | 8100 0100 | 0000 0000 
  0x0000021e2aadbd98: 00c9 4983 | 7f08 000f | 8501 0000 

  0x0000021e2aadbda4: ;   {runtime_call StubRoutines (1)}
  0x0000021e2aadbda4: 00c3 e955 | 5197 ffc5 | f877 4889 | 45f8 4c8b | e448 83ec | 2048 83e4 

  0x0000021e2aadbdbc: ;   {runtime_call}
  0x0000021e2aadbdbc: f048 b840 | 3dd9 b2fd | 7f00 00ff | d049 8be4 | 4d33 e448 | 8b45 f8e9 | 37ff ffff 
[/MachCode]


Compiled method (c2)    3367 2535       4       org.lwjgl.glfw.GLFW::glfwGetGamepadState (17 bytes)
 total in heap  [0x0000021e2aadc210,0x0000021e2aadc4f0] = 736
 relocation     [0x0000021e2aadc358,0x0000021e2aadc378] = 32
 main code      [0x0000021e2aadc380,0x0000021e2aadc408] = 136
 stub code      [0x0000021e2aadc408,0x0000021e2aadc430] = 40
 oops           [0x0000021e2aadc430,0x0000021e2aadc438] = 8
 metadata       [0x0000021e2aadc438,0x0000021e2aadc458] = 32
 scopes data    [0x0000021e2aadc458,0x0000021e2aadc480] = 40
 scopes pcs     [0x0000021e2aadc480,0x0000021e2aadc4c0] = 64
 dependencies   [0x0000021e2aadc4c0,0x0000021e2aadc4c8] = 8
 handler table  [0x0000021e2aadc4c8,0x0000021e2aadc4e0] = 24
 nul chk table  [0x0000021e2aadc4e0,0x0000021e2aadc4f0] = 16

[Constant Pool (empty)]

[MachCode]
[Verified Entry Point]
  # {method} {0x0000021e3b918e80} 'glfwGetGamepadState' '(ILorg/lwjgl/glfw/GLFWGamepadState;)Z' in 'org/lwjgl/glfw/GLFW'
  # parm0:    rdx       = int
  # parm1:    r8:r8     = 'org/lwjgl/glfw/GLFWGamepadState'
  #           [sp+0x20]  (sp of caller)
  0x0000021e2aadc380: 8984 2400 | 80ff ff55 | 4883 ec10 | 4181 7f20 | 0100 0000 | 0f85 6000 | 0000 4d8b | 4010 49b9 
  0x0000021e2aadc3a0: e033 58b7 | fd7f 0000 

  0x0000021e2aadc3a8: ;   {static_call}
  0x0000021e2aadc3a8: 6666 90e8 

  0x0000021e2aadc3ac: ; ImmutableOopMap {}
                      ;*invokestatic invokePI {reexecute=0 rethrow=0 return_oop=0}
                      ; - org.lwjgl.glfw.GLFW::nglfwGetGamepadState@7 (line 4636)
                      ; - org.lwjgl.glfw.GLFW::glfwGetGamepadState@5 (line 4661)
  0x0000021e2aadc3ac: 10f8 ffff | 85c0 0f95 | c00f b6c0 | 4883 c410 

  0x0000021e2aadc3bc: ;   {poll_return}
  0x0000021e2aadc3bc: 5d49 3ba7 | 7803 0000 | 0f87 1a00 | 0000 c348 | 8bd0 4883 

  0x0000021e2aadc3d0: ;   {runtime_call _rethrow_Java}
  0x0000021e2aadc3d0: c410 5de9 | 2832 aaff | baf6 ffff 

  0x0000021e2aadc3dc: ;   {runtime_call UncommonTrapBlob}
  0x0000021e2aadc3dc: ff66 90e8 

  0x0000021e2aadc3e0: ; ImmutableOopMap {}
                      ;*invokevirtual address {reexecute=0 rethrow=0 return_oop=0}
                      ; - org.lwjgl.glfw.GLFW::glfwGetGamepadState@2 (line 4661)
  0x0000021e2aadc3e0: 9cd8 9dff 

  0x0000021e2aadc3e4: ;   {internal_word}
  0x0000021e2aadc3e4: 49ba bdc3 | ad2a 1e02 | 0000 4d89 | 9790 0300 

  0x0000021e2aadc3f4: ;   {runtime_call SafepointBlob}
  0x0000021e2aadc3f4: 00e9 86e9 

  0x0000021e2aadc3f8: ;   {runtime_call StubRoutines (2)}
  0x0000021e2aadc3f8: 9dff e8c1 | c19b ffe9 | 96ff ffff | f4f4 f4f4 
[Exception Handler]
  0x0000021e2aadc408: ;   {no_reloc}
  0x0000021e2aadc408: e9f3 68a0 | ffe8 0000 | 0000 4883 

  0x0000021e2aadc414: ;   {runtime_call DeoptimizationBlob}
  0x0000021e2aadc414: 2c24 05e9 | 04dc 9dff 

  0x0000021e2aadc41c: ;   {static_stub}
  0x0000021e2aadc41c: 48bb 0000 | 0000 0000 

  0x0000021e2aadc424: ;   {runtime_call}
  0x0000021e2aadc424: 0000 e9fb | ffff fff4 | f4f4 f4f4 
[/MachCode]


---------------  P R O C E S S  ---------------

Threads class SMR info:
_java_thread_list=0x0000021e49f015e0, length=20, elements={
0x0000021e1ae6ded0, 0x0000021e3a89fe10, 0x0000021e3a8a2a00, 0x0000021e3a8a7230,
0x0000021e3a8aa520, 0x0000021e3a8ab1a0, 0x0000021e3a8ac7c0, 0x0000021e3a8b5ec0,
0x0000021e3a8b9470, 0x0000021e3ecc0660, 0x0000021e3ee5d330, 0x0000021e3f3c0160,
0x0000021e3f783540, 0x0000021e3f7a1390, 0x0000021e40017040, 0x0000021e3ffe1380,
0x0000021e405dee40, 0x0000021e40719fa0, 0x0000021e4a1dd670, 0x0000021e49f01850
}

Java Threads: ( => current thread )
  0x0000021e1ae6ded0 JavaThread "main" [_thread_blocked, id=1888, stack(0x0000002d08300000,0x0000002d08400000)]
  0x0000021e3a89fe10 JavaThread "Reference Handler" daemon [_thread_blocked, id=15412, stack(0x0000002d08a00000,0x0000002d08b00000)]
  0x0000021e3a8a2a00 JavaThread "Finalizer" daemon [_thread_blocked, id=18492, stack(0x0000002d08b00000,0x0000002d08c00000)]
  0x0000021e3a8a7230 JavaThread "Signal Dispatcher" daemon [_thread_blocked, id=1284, stack(0x0000002d08c00000,0x0000002d08d00000)]
  0x0000021e3a8aa520 JavaThread "Attach Listener" daemon [_thread_blocked, id=20408, stack(0x0000002d08d00000,0x0000002d08e00000)]
  0x0000021e3a8ab1a0 JavaThread "Service Thread" daemon [_thread_blocked, id=19204, stack(0x0000002d08e00000,0x0000002d08f00000)]
  0x0000021e3a8ac7c0 JavaThread "Monitor Deflation Thread" daemon [_thread_blocked, id=15132, stack(0x0000002d08f00000,0x0000002d09000000)]
  0x0000021e3a8b5ec0 JavaThread "C2 CompilerThread0" daemon [_thread_in_vm, id=9840, stack(0x0000002d09000000,0x0000002d09100000)]
  0x0000021e3a8b9470 JavaThread "C1 CompilerThread0" daemon [_thread_blocked, id=15856, stack(0x0000002d09100000,0x0000002d09200000)]
  0x0000021e3ecc0660 JavaThread "Common-Cleaner" daemon [_thread_blocked, id=21436, stack(0x0000002d09200000,0x0000002d09300000)]
  0x0000021e3ee5d330 JavaThread "Notification Thread" daemon [_thread_blocked, id=12004, stack(0x0000002d09500000,0x0000002d09600000)]
  0x0000021e3f3c0160 JavaThread "QuantumRenderer-0" daemon [_thread_blocked, id=12992, stack(0x0000002d09700000,0x0000002d09800000)]
  0x0000021e3f783540 JavaThread "InvokeLaterDispatcher" daemon [_thread_blocked, id=1152, stack(0x0000002d09900000,0x0000002d09a00000)]
  0x0000021e3f7a1390 JavaThread "JavaFX Application Thread" [_thread_in_native, id=17452, stack(0x0000002d09a00000,0x0000002d09b00000)]
  0x0000021e40017040 JavaThread "JavaFX-Launcher" [_thread_blocked, id=12460, stack(0x0000002d09400000,0x0000002d09500000)]
  0x0000021e3ffe1380 JavaThread "Thread-2" daemon [_thread_in_native, id=22540, stack(0x0000002d09300000,0x0000002d09400000)]
  0x0000021e405dee40 JavaThread "Prism Font Disposer" daemon [_thread_blocked, id=2040, stack(0x0000002d0a600000,0x0000002d0a700000)]
  0x0000021e40719fa0 JavaThread "Cleaner-0" daemon [_thread_blocked, id=4304, stack(0x0000002d0a700000,0x0000002d0a800000)]
=>0x0000021e4a1dd670 JavaThread "ForkJoinPool.commonPool-worker-1" daemon [_thread_in_native, id=13144, stack(0x0000002d0ae00000,0x0000002d0af00000)]
  0x0000021e49f01850 JavaThread "C2 CompilerThread1" daemon [_thread_in_native, id=25252, stack(0x0000002d0af00000,0x0000002d0b000000)]

Other Threads:
  0x0000021e3a881b20 VMThread "VM Thread" [stack: 0x0000002d08900000,0x0000002d08a00000] [id=4504]
  0x0000021e3ed9db50 WatcherThread "VM Periodic Task Thread" [stack: 0x0000002d09600000,0x0000002d09700000] [id=4676]
  0x0000021e1aee2fd0 WorkerThread "GC Thread#0" [stack: 0x0000002d08400000,0x0000002d08500000] [id=9432]
  0x0000021e3fed1ab0 WorkerThread "GC Thread#1" [stack: 0x0000002d09d00000,0x0000002d09e00000] [id=13748]
  0x0000021e3fed2050 WorkerThread "GC Thread#2" [stack: 0x0000002d09e00000,0x0000002d09f00000] [id=2448]
  0x0000021e3fed3f40 WorkerThread "GC Thread#3" [stack: 0x0000002d09f00000,0x0000002d0a000000] [id=14644]
  0x0000021e3fed44e0 WorkerThread "GC Thread#4" [stack: 0x0000002d0a000000,0x0000002d0a100000] [id=15180]
  0x0000021e3fed17e0 WorkerThread "GC Thread#5" [stack: 0x0000002d0a100000,0x0000002d0a200000] [id=5352]
  0x0000021e406cf850 WorkerThread "GC Thread#6" [stack: 0x0000002d0a200000,0x0000002d0a300000] [id=22132]
  0x0000021e406cfb20 WorkerThread "GC Thread#7" [stack: 0x0000002d0a300000,0x0000002d0a400000] [id=9656]
  0x0000021e406d00c0 WorkerThread "GC Thread#8" [stack: 0x0000002d0a800000,0x0000002d0a900000] [id=20812]
  0x0000021e406d0390 WorkerThread "GC Thread#9" [stack: 0x0000002d0a900000,0x0000002d0aa00000] [id=3640]
  0x0000021e1aef3de0 ConcurrentGCThread "G1 Main Marker" [stack: 0x0000002d08500000,0x0000002d08600000] [id=7900]
  0x0000021e1aef59c0 WorkerThread "G1 Conc#0" [stack: 0x0000002d08600000,0x0000002d08700000] [id=13016]
  0x0000021e3a732ff0 ConcurrentGCThread "G1 Refine#0" [stack: 0x0000002d08700000,0x0000002d08800000] [id=14748]
  0x0000021e3a733740 ConcurrentGCThread "G1 Service" [stack: 0x0000002d08800000,0x0000002d08900000] [id=6132]

Threads with active compile tasks:
C2 CompilerThread0     3372 2697       4       javafx.css.SimpleSelector::applies (54 bytes)
C2 CompilerThread1     3372 2685   !   4       javafx.scene.CssStyleHelper::lookup (516 bytes)

VM state: not at safepoint (normal execution)

VM Mutex/Monitor currently owned by a thread: None

Heap address: 0x0000000701000000, size: 4080 MB, Compressed Oops mode: Zero based, Oop shift amount: 3

CDS archive(s) mapped at: [0x0000000800000000-0x0000000800c60000-0x0000000800c60000), size 12976128, SharedBaseAddress: 0x0000000800000000, ArchiveRelocationMode: 0.
Compressed class space mapped at: 0x0000000801000000-0x0000000841000000, reserved size: 1073741824
Narrow klass base: 0x0000000800000000, Narrow klass shift: 0, Narrow klass range: 0x100000000

GC Precious Log:
 CardTable entry size: 512
 Card Set container configuration: InlinePtr #cards 4 size 8 Array Of Cards #cards 16 size 48 Howl #buckets 8 coarsen threshold 3686 Howl Bitmap #cards 512 size 80 coarsen threshold 460 Card regions per heap region 1 cards per card region 4096
 CPUs: 12 total, 12 available
 Memory: 16314M
 Large Page Support: Disabled
 NUMA Support: Disabled
 Compressed Oops: Enabled (Zero based)
 Heap Region Size: 2M
 Heap Min Capacity: 8M
 Heap Initial Capacity: 256M
 Heap Max Capacity: 4080M
 Pre-touch: Disabled
 Parallel Workers: 10
 Concurrent Workers: 3
 Concurrent Refinement Workers: 10
 Periodic GC: Disabled

Heap:
 garbage-first heap   total 262144K, used 16416K [0x0000000701000000, 0x0000000800000000)
  region size 2048K, 7 young (14336K), 3 survivors (6144K)
 Metaspace       used 17066K, committed 17408K, reserved 1114112K
  class space    used 2392K, committed 2560K, reserved 1048576K

Heap Regions: E=young(eden), S=young(survivor), O=old, HS=humongous(starts), HC=humongous(continues), CS=collection set, F=free, OA=open archive, CA=closed archive, TAMS=top-at-mark-start, PB=parsable bottom
|   0|0x0000000701000000, 0x0000000701200000, 0x0000000701200000|100%|HS|  |TAMS 0x0000000701000000| PB 0x0000000701000000| Complete 
|   1|0x0000000701200000, 0x0000000701400000, 0x0000000701400000|100%| O|  |TAMS 0x0000000701200000| PB 0x0000000701200000| Untracked 
|   2|0x0000000701400000, 0x0000000701408200, 0x0000000701600000|  1%| O|  |TAMS 0x0000000701400000| PB 0x0000000701400000| Untracked 
|   3|0x0000000701600000, 0x0000000701600000, 0x0000000701800000|  0%| F|  |TAMS 0x0000000701600000| PB 0x0000000701600000| Untracked 
|   4|0x0000000701800000, 0x0000000701800000, 0x0000000701a00000|  0%| F|  |TAMS 0x0000000701800000| PB 0x0000000701800000| Untracked 
|   5|0x0000000701a00000, 0x0000000701a00000, 0x0000000701c00000|  0%| F|  |TAMS 0x0000000701a00000| PB 0x0000000701a00000| Untracked 
|   6|0x0000000701c00000, 0x0000000701c00000, 0x0000000701e00000|  0%| F|  |TAMS 0x0000000701c00000| PB 0x0000000701c00000| Untracked 
|   7|0x0000000701e00000, 0x0000000701e00000, 0x0000000702000000|  0%| F|  |TAMS 0x0000000701e00000| PB 0x0000000701e00000| Untracked 
|   8|0x0000000702000000, 0x0000000702000000, 0x0000000702200000|  0%| F|  |TAMS 0x0000000702000000| PB 0x0000000702000000| Untracked 
|   9|0x0000000702200000, 0x0000000702200000, 0x0000000702400000|  0%| F|  |TAMS 0x0000000702200000| PB 0x0000000702200000| Untracked 
|  10|0x0000000702400000, 0x0000000702400000, 0x0000000702600000|  0%| F|  |TAMS 0x0000000702400000| PB 0x0000000702400000| Untracked 
|  11|0x0000000702600000, 0x0000000702600000, 0x0000000702800000|  0%| F|  |TAMS 0x0000000702600000| PB 0x0000000702600000| Untracked 
|  12|0x0000000702800000, 0x0000000702800000, 0x0000000702a00000|  0%| F|  |TAMS 0x0000000702800000| PB 0x0000000702800000| Untracked 
|  13|0x0000000702a00000, 0x0000000702a00000, 0x0000000702c00000|  0%| F|  |TAMS 0x0000000702a00000| PB 0x0000000702a00000| Untracked 
|  14|0x0000000702c00000, 0x0000000702c00000, 0x0000000702e00000|  0%| F|  |TAMS 0x0000000702c00000| PB 0x0000000702c00000| Untracked 
|  15|0x0000000702e00000, 0x0000000702e00000, 0x0000000703000000|  0%| F|  |TAMS 0x0000000702e00000| PB 0x0000000702e00000| Untracked 
|  16|0x0000000703000000, 0x0000000703000000, 0x0000000703200000|  0%| F|  |TAMS 0x0000000703000000| PB 0x0000000703000000| Untracked 
|  17|0x0000000703200000, 0x0000000703200000, 0x0000000703400000|  0%| F|  |TAMS 0x0000000703200000| PB 0x0000000703200000| Untracked 
|  18|0x0000000703400000, 0x0000000703400000, 0x0000000703600000|  0%| F|  |TAMS 0x0000000703400000| PB 0x0000000703400000| Untracked 
|  19|0x0000000703600000, 0x0000000703600000, 0x0000000703800000|  0%| F|  |TAMS 0x0000000703600000| PB 0x0000000703600000| Untracked 
|  20|0x0000000703800000, 0x0000000703800000, 0x0000000703a00000|  0%| F|  |TAMS 0x0000000703800000| PB 0x0000000703800000| Untracked 
|  21|0x0000000703a00000, 0x0000000703a00000, 0x0000000703c00000|  0%| F|  |TAMS 0x0000000703a00000| PB 0x0000000703a00000| Untracked 
|  22|0x0000000703c00000, 0x0000000703c00000, 0x0000000703e00000|  0%| F|  |TAMS 0x0000000703c00000| PB 0x0000000703c00000| Untracked 
|  23|0x0000000703e00000, 0x0000000703e00000, 0x0000000704000000|  0%| F|  |TAMS 0x0000000703e00000| PB 0x0000000703e00000| Untracked 
|  24|0x0000000704000000, 0x0000000704000000, 0x0000000704200000|  0%| F|  |TAMS 0x0000000704000000| PB 0x0000000704000000| Untracked 
|  25|0x0000000704200000, 0x0000000704200000, 0x0000000704400000|  0%| F|  |TAMS 0x0000000704200000| PB 0x0000000704200000| Untracked 
|  26|0x0000000704400000, 0x0000000704400000, 0x0000000704600000|  0%| F|  |TAMS 0x0000000704400000| PB 0x0000000704400000| Untracked 
|  27|0x0000000704600000, 0x0000000704600000, 0x0000000704800000|  0%| F|  |TAMS 0x0000000704600000| PB 0x0000000704600000| Untracked 
|  28|0x0000000704800000, 0x0000000704800000, 0x0000000704a00000|  0%| F|  |TAMS 0x0000000704800000| PB 0x0000000704800000| Untracked 
|  29|0x0000000704a00000, 0x0000000704a00000, 0x0000000704c00000|  0%| F|  |TAMS 0x0000000704a00000| PB 0x0000000704a00000| Untracked 
|  30|0x0000000704c00000, 0x0000000704c00000, 0x0000000704e00000|  0%| F|  |TAMS 0x0000000704c00000| PB 0x0000000704c00000| Untracked 
|  31|0x0000000704e00000, 0x0000000704e00000, 0x0000000705000000|  0%| F|  |TAMS 0x0000000704e00000| PB 0x0000000704e00000| Untracked 
|  32|0x0000000705000000, 0x0000000705000000, 0x0000000705200000|  0%| F|  |TAMS 0x0000000705000000| PB 0x0000000705000000| Untracked 
|  33|0x0000000705200000, 0x0000000705200000, 0x0000000705400000|  0%| F|  |TAMS 0x0000000705200000| PB 0x0000000705200000| Untracked 
|  34|0x0000000705400000, 0x0000000705400000, 0x0000000705600000|  0%| F|  |TAMS 0x0000000705400000| PB 0x0000000705400000| Untracked 
|  35|0x0000000705600000, 0x0000000705600000, 0x0000000705800000|  0%| F|  |TAMS 0x0000000705600000| PB 0x0000000705600000| Untracked 
|  36|0x0000000705800000, 0x0000000705800000, 0x0000000705a00000|  0%| F|  |TAMS 0x0000000705800000| PB 0x0000000705800000| Untracked 
|  37|0x0000000705a00000, 0x0000000705a00000, 0x0000000705c00000|  0%| F|  |TAMS 0x0000000705a00000| PB 0x0000000705a00000| Untracked 
|  38|0x0000000705c00000, 0x0000000705c00000, 0x0000000705e00000|  0%| F|  |TAMS 0x0000000705c00000| PB 0x0000000705c00000| Untracked 
|  39|0x0000000705e00000, 0x0000000705e00000, 0x0000000706000000|  0%| F|  |TAMS 0x0000000705e00000| PB 0x0000000705e00000| Untracked 
|  40|0x0000000706000000, 0x0000000706000000, 0x0000000706200000|  0%| F|  |TAMS 0x0000000706000000| PB 0x0000000706000000| Untracked 
|  41|0x0000000706200000, 0x0000000706200000, 0x0000000706400000|  0%| F|  |TAMS 0x0000000706200000| PB 0x0000000706200000| Untracked 
|  42|0x0000000706400000, 0x0000000706400000, 0x0000000706600000|  0%| F|  |TAMS 0x0000000706400000| PB 0x0000000706400000| Untracked 
|  43|0x0000000706600000, 0x0000000706600000, 0x0000000706800000|  0%| F|  |TAMS 0x0000000706600000| PB 0x0000000706600000| Untracked 
|  44|0x0000000706800000, 0x0000000706800000, 0x0000000706a00000|  0%| F|  |TAMS 0x0000000706800000| PB 0x0000000706800000| Untracked 
|  45|0x0000000706a00000, 0x0000000706a00000, 0x0000000706c00000|  0%| F|  |TAMS 0x0000000706a00000| PB 0x0000000706a00000| Untracked 
|  46|0x0000000706c00000, 0x0000000706c00000, 0x0000000706e00000|  0%| F|  |TAMS 0x0000000706c00000| PB 0x0000000706c00000| Untracked 
|  47|0x0000000706e00000, 0x0000000706e00000, 0x0000000707000000|  0%| F|  |TAMS 0x0000000706e00000| PB 0x0000000706e00000| Untracked 
|  48|0x0000000707000000, 0x0000000707000000, 0x0000000707200000|  0%| F|  |TAMS 0x0000000707000000| PB 0x0000000707000000| Untracked 
|  49|0x0000000707200000, 0x0000000707200000, 0x0000000707400000|  0%| F|  |TAMS 0x0000000707200000| PB 0x0000000707200000| Untracked 
|  50|0x0000000707400000, 0x0000000707400000, 0x0000000707600000|  0%| F|  |TAMS 0x0000000707400000| PB 0x0000000707400000| Untracked 
|  51|0x0000000707600000, 0x0000000707600000, 0x0000000707800000|  0%| F|  |TAMS 0x0000000707600000| PB 0x0000000707600000| Untracked 
|  52|0x0000000707800000, 0x0000000707800000, 0x0000000707a00000|  0%| F|  |TAMS 0x0000000707800000| PB 0x0000000707800000| Untracked 
|  53|0x0000000707a00000, 0x0000000707a00000, 0x0000000707c00000|  0%| F|  |TAMS 0x0000000707a00000| PB 0x0000000707a00000| Untracked 
|  54|0x0000000707c00000, 0x0000000707c00000, 0x0000000707e00000|  0%| F|  |TAMS 0x0000000707c00000| PB 0x0000000707c00000| Untracked 
|  55|0x0000000707e00000, 0x0000000707e00000, 0x0000000708000000|  0%| F|  |TAMS 0x0000000707e00000| PB 0x0000000707e00000| Untracked 
|  56|0x0000000708000000, 0x0000000708000000, 0x0000000708200000|  0%| F|  |TAMS 0x0000000708000000| PB 0x0000000708000000| Untracked 
|  57|0x0000000708200000, 0x0000000708200000, 0x0000000708400000|  0%| F|  |TAMS 0x0000000708200000| PB 0x0000000708200000| Untracked 
|  58|0x0000000708400000, 0x0000000708400000, 0x0000000708600000|  0%| F|  |TAMS 0x0000000708400000| PB 0x0000000708400000| Untracked 
|  59|0x0000000708600000, 0x0000000708600000, 0x0000000708800000|  0%| F|  |TAMS 0x0000000708600000| PB 0x0000000708600000| Untracked 
|  60|0x0000000708800000, 0x0000000708800000, 0x0000000708a00000|  0%| F|  |TAMS 0x0000000708800000| PB 0x0000000708800000| Untracked 
|  61|0x0000000708a00000, 0x0000000708a00000, 0x0000000708c00000|  0%| F|  |TAMS 0x0000000708a00000| PB 0x0000000708a00000| Untracked 
|  62|0x0000000708c00000, 0x0000000708c00000, 0x0000000708e00000|  0%| F|  |TAMS 0x0000000708c00000| PB 0x0000000708c00000| Untracked 
|  63|0x0000000708e00000, 0x0000000708e00000, 0x0000000709000000|  0%| F|  |TAMS 0x0000000708e00000| PB 0x0000000708e00000| Untracked 
|  64|0x0000000709000000, 0x0000000709000000, 0x0000000709200000|  0%| F|  |TAMS 0x0000000709000000| PB 0x0000000709000000| Untracked 
|  65|0x0000000709200000, 0x0000000709200000, 0x0000000709400000|  0%| F|  |TAMS 0x0000000709200000| PB 0x0000000709200000| Untracked 
|  66|0x0000000709400000, 0x0000000709400000, 0x0000000709600000|  0%| F|  |TAMS 0x0000000709400000| PB 0x0000000709400000| Untracked 
|  67|0x0000000709600000, 0x0000000709600000, 0x0000000709800000|  0%| F|  |TAMS 0x0000000709600000| PB 0x0000000709600000| Untracked 
|  68|0x0000000709800000, 0x0000000709800000, 0x0000000709a00000|  0%| F|  |TAMS 0x0000000709800000| PB 0x0000000709800000| Untracked 
|  69|0x0000000709a00000, 0x0000000709a00000, 0x0000000709c00000|  0%| F|  |TAMS 0x0000000709a00000| PB 0x0000000709a00000| Untracked 
|  70|0x0000000709c00000, 0x0000000709c00000, 0x0000000709e00000|  0%| F|  |TAMS 0x0000000709c00000| PB 0x0000000709c00000| Untracked 
|  71|0x0000000709e00000, 0x0000000709e00000, 0x000000070a000000|  0%| F|  |TAMS 0x0000000709e00000| PB 0x0000000709e00000| Untracked 
|  72|0x000000070a000000, 0x000000070a000000, 0x000000070a200000|  0%| F|  |TAMS 0x000000070a000000| PB 0x000000070a000000| Untracked 
|  73|0x000000070a200000, 0x000000070a200000, 0x000000070a400000|  0%| F|  |TAMS 0x000000070a200000| PB 0x000000070a200000| Untracked 
|  74|0x000000070a400000, 0x000000070a400000, 0x000000070a600000|  0%| F|  |TAMS 0x000000070a400000| PB 0x000000070a400000| Untracked 
|  75|0x000000070a600000, 0x000000070a600000, 0x000000070a800000|  0%| F|  |TAMS 0x000000070a600000| PB 0x000000070a600000| Untracked 
|  76|0x000000070a800000, 0x000000070a800000, 0x000000070aa00000|  0%| F|  |TAMS 0x000000070a800000| PB 0x000000070a800000| Untracked 
|  77|0x000000070aa00000, 0x000000070aa00000, 0x000000070ac00000|  0%| F|  |TAMS 0x000000070aa00000| PB 0x000000070aa00000| Untracked 
|  78|0x000000070ac00000, 0x000000070ac00000, 0x000000070ae00000|  0%| F|  |TAMS 0x000000070ac00000| PB 0x000000070ac00000| Untracked 
|  79|0x000000070ae00000, 0x000000070ae00000, 0x000000070b000000|  0%| F|  |TAMS 0x000000070ae00000| PB 0x000000070ae00000| Untracked 
|  80|0x000000070b000000, 0x000000070b000000, 0x000000070b200000|  0%| F|  |TAMS 0x000000070b000000| PB 0x000000070b000000| Untracked 
|  81|0x000000070b200000, 0x000000070b200000, 0x000000070b400000|  0%| F|  |TAMS 0x000000070b200000| PB 0x000000070b200000| Untracked 
|  82|0x000000070b400000, 0x000000070b400000, 0x000000070b600000|  0%| F|  |TAMS 0x000000070b400000| PB 0x000000070b400000| Untracked 
|  83|0x000000070b600000, 0x000000070b600000, 0x000000070b800000|  0%| F|  |TAMS 0x000000070b600000| PB 0x000000070b600000| Untracked 
|  84|0x000000070b800000, 0x000000070b800000, 0x000000070ba00000|  0%| F|  |TAMS 0x000000070b800000| PB 0x000000070b800000| Untracked 
|  85|0x000000070ba00000, 0x000000070ba00000, 0x000000070bc00000|  0%| F|  |TAMS 0x000000070ba00000| PB 0x000000070ba00000| Untracked 
|  86|0x000000070bc00000, 0x000000070bc00000, 0x000000070be00000|  0%| F|  |TAMS 0x000000070bc00000| PB 0x000000070bc00000| Untracked 
|  87|0x000000070be00000, 0x000000070be00000, 0x000000070c000000|  0%| F|  |TAMS 0x000000070be00000| PB 0x000000070be00000| Untracked 
|  88|0x000000070c000000, 0x000000070c000000, 0x000000070c200000|  0%| F|  |TAMS 0x000000070c000000| PB 0x000000070c000000| Untracked 
|  89|0x000000070c200000, 0x000000070c200000, 0x000000070c400000|  0%| F|  |TAMS 0x000000070c200000| PB 0x000000070c200000| Untracked 
|  90|0x000000070c400000, 0x000000070c400000, 0x000000070c600000|  0%| F|  |TAMS 0x000000070c400000| PB 0x000000070c400000| Untracked 
|  91|0x000000070c600000, 0x000000070c600000, 0x000000070c800000|  0%| F|  |TAMS 0x000000070c600000| PB 0x000000070c600000| Untracked 
|  92|0x000000070c800000, 0x000000070c800000, 0x000000070ca00000|  0%| F|  |TAMS 0x000000070c800000| PB 0x000000070c800000| Untracked 
|  93|0x000000070ca00000, 0x000000070ca00000, 0x000000070cc00000|  0%| F|  |TAMS 0x000000070ca00000| PB 0x000000070ca00000| Untracked 
|  94|0x000000070cc00000, 0x000000070cc00000, 0x000000070ce00000|  0%| F|  |TAMS 0x000000070cc00000| PB 0x000000070cc00000| Untracked 
|  95|0x000000070ce00000, 0x000000070ce00000, 0x000000070d000000|  0%| F|  |TAMS 0x000000070ce00000| PB 0x000000070ce00000| Untracked 
|  96|0x000000070d000000, 0x000000070d000000, 0x000000070d200000|  0%| F|  |TAMS 0x000000070d000000| PB 0x000000070d000000| Untracked 
|  97|0x000000070d200000, 0x000000070d200000, 0x000000070d400000|  0%| F|  |TAMS 0x000000070d200000| PB 0x000000070d200000| Untracked 
|  98|0x000000070d400000, 0x000000070d400000, 0x000000070d600000|  0%| F|  |TAMS 0x000000070d400000| PB 0x000000070d400000| Untracked 
|  99|0x000000070d600000, 0x000000070d600000, 0x000000070d800000|  0%| F|  |TAMS 0x000000070d600000| PB 0x000000070d600000| Untracked 
| 100|0x000000070d800000, 0x000000070d800000, 0x000000070da00000|  0%| F|  |TAMS 0x000000070d800000| PB 0x000000070d800000| Untracked 
| 101|0x000000070da00000, 0x000000070da00000, 0x000000070dc00000|  0%| F|  |TAMS 0x000000070da00000| PB 0x000000070da00000| Untracked 
| 102|0x000000070dc00000, 0x000000070dc00000, 0x000000070de00000|  0%| F|  |TAMS 0x000000070dc00000| PB 0x000000070dc00000| Untracked 
| 103|0x000000070de00000, 0x000000070de00000, 0x000000070e000000|  0%| F|  |TAMS 0x000000070de00000| PB 0x000000070de00000| Untracked 
| 104|0x000000070e000000, 0x000000070e200000, 0x000000070e200000|100%| S|CS|TAMS 0x000000070e000000| PB 0x000000070e000000| Complete 
| 105|0x000000070e200000, 0x000000070e400000, 0x000000070e400000|100%| S|CS|TAMS 0x000000070e200000| PB 0x000000070e200000| Complete 
| 106|0x000000070e400000, 0x000000070e600000, 0x000000070e600000|100%| S|CS|TAMS 0x000000070e400000| PB 0x000000070e400000| Complete 
| 107|0x000000070e600000, 0x000000070e600000, 0x000000070e800000|  0%| F|  |TAMS 0x000000070e600000| PB 0x000000070e600000| Untracked 
| 108|0x000000070e800000, 0x000000070e800000, 0x000000070ea00000|  0%| F|  |TAMS 0x000000070e800000| PB 0x000000070e800000| Untracked 
| 109|0x000000070ea00000, 0x000000070ea00000, 0x000000070ec00000|  0%| F|  |TAMS 0x000000070ea00000| PB 0x000000070ea00000| Untracked 
| 110|0x000000070ec00000, 0x000000070ec00000, 0x000000070ee00000|  0%| F|  |TAMS 0x000000070ec00000| PB 0x000000070ec00000| Untracked 
| 111|0x000000070ee00000, 0x000000070ee00000, 0x000000070f000000|  0%| F|  |TAMS 0x000000070ee00000| PB 0x000000070ee00000| Untracked 
| 112|0x000000070f000000, 0x000000070f000000, 0x000000070f200000|  0%| F|  |TAMS 0x000000070f000000| PB 0x000000070f000000| Untracked 
| 113|0x000000070f200000, 0x000000070f200000, 0x000000070f400000|  0%| F|  |TAMS 0x000000070f200000| PB 0x000000070f200000| Untracked 
| 114|0x000000070f400000, 0x000000070f400000, 0x000000070f600000|  0%| F|  |TAMS 0x000000070f400000| PB 0x000000070f400000| Untracked 
| 115|0x000000070f600000, 0x000000070f600000, 0x000000070f800000|  0%| F|  |TAMS 0x000000070f600000| PB 0x000000070f600000| Untracked 
| 116|0x000000070f800000, 0x000000070f800000, 0x000000070fa00000|  0%| F|  |TAMS 0x000000070f800000| PB 0x000000070f800000| Untracked 
| 117|0x000000070fa00000, 0x000000070fa00000, 0x000000070fc00000|  0%| F|  |TAMS 0x000000070fa00000| PB 0x000000070fa00000| Untracked 
| 118|0x000000070fc00000, 0x000000070fc00000, 0x000000070fe00000|  0%| F|  |TAMS 0x000000070fc00000| PB 0x000000070fc00000| Untracked 
| 119|0x000000070fe00000, 0x000000070fe00000, 0x0000000710000000|  0%| F|  |TAMS 0x000000070fe00000| PB 0x000000070fe00000| Untracked 
| 120|0x0000000710000000, 0x0000000710000000, 0x0000000710200000|  0%| F|  |TAMS 0x0000000710000000| PB 0x0000000710000000| Untracked 
| 121|0x0000000710200000, 0x0000000710200000, 0x0000000710400000|  0%| F|  |TAMS 0x0000000710200000| PB 0x0000000710200000| Untracked 
| 122|0x0000000710400000, 0x0000000710400000, 0x0000000710600000|  0%| F|  |TAMS 0x0000000710400000| PB 0x0000000710400000| Untracked 
| 123|0x0000000710600000, 0x0000000710600000, 0x0000000710800000|  0%| F|  |TAMS 0x0000000710600000| PB 0x0000000710600000| Untracked 
| 124|0x0000000710800000, 0x00000007109aed90, 0x0000000710a00000| 84%| E|  |TAMS 0x0000000710800000| PB 0x0000000710800000| Complete 
| 125|0x0000000710a00000, 0x0000000710c00000, 0x0000000710c00000|100%| E|CS|TAMS 0x0000000710a00000| PB 0x0000000710a00000| Complete 
| 126|0x0000000710c00000, 0x0000000710e00000, 0x0000000710e00000|100%| E|CS|TAMS 0x0000000710c00000| PB 0x0000000710c00000| Complete 
| 127|0x0000000710e00000, 0x0000000711000000, 0x0000000711000000|100%| E|CS|TAMS 0x0000000710e00000| PB 0x0000000710e00000| Complete 

Card table byte_map: [0x0000021e32c70000,0x0000021e33470000] _byte_map_base: 0x0000021e2f468000

Marking Bits: (CMBitMap*) 0x0000021e1aee3600
 Bits: [0x0000021e33c70000, 0x0000021e37c30000)

Polling page: 0x0000021e18df0000

Metaspace:

Usage:
  Non-class:     14.33 MB used.
      Class:      2.34 MB used.
       Both:     16.67 MB used.

Virtual space:
  Non-class space:       64.00 MB reserved,      14.50 MB ( 23%) committed,  1 nodes.
      Class space:        1.00 GB reserved,       2.50 MB ( <1%) committed,  1 nodes.
             Both:        1.06 GB reserved,      17.00 MB (  2%) committed. 

Chunk freelists:
   Non-Class:  1.28 MB
       Class:  1.45 MB
        Both:  2.73 MB

MaxMetaspaceSize: unlimited
CompressedClassSpaceSize: 1.00 GB
Initial GC threshold: 21.00 MB
Current GC threshold: 21.00 MB
CDS: on
MetaspaceReclaimPolicy: balanced
 - commit_granule_bytes: 65536.
 - commit_granule_words: 8192.
 - virtual_space_node_default_size: 8388608.
 - enlarge_chunks_in_place: 1.
 - new_chunks_are_fully_committed: 0.
 - uncommit_free_chunks: 1.
 - use_allocation_guard: 0.


Internal statistics:

num_allocs_failed_limit: 0.
num_arena_births: 364.
num_arena_deaths: 0.
num_vsnodes_births: 2.
num_vsnodes_deaths: 0.
num_space_committed: 272.
num_space_uncommitted: 0.
num_chunks_returned_to_freelist: 0.
num_chunks_taken_from_freelist: 926.
num_chunk_merges: 0.
num_chunk_splits: 634.
num_chunks_enlarged: 478.
num_inconsistent_stats: 0.

CodeHeap 'non-profiled nmethods': size=120000Kb used=1008Kb max_used=1008Kb free=118991Kb
 bounds [0x0000021e2a9f0000, 0x0000021e2ac60000, 0x0000021e31f20000]
CodeHeap 'profiled nmethods': size=120000Kb used=5035Kb max_used=5035Kb free=114964Kb
 bounds [0x0000021e22f20000, 0x0000021e23410000, 0x0000021e2a450000]
CodeHeap 'non-nmethods': size=5760Kb used=2540Kb max_used=2545Kb free=3219Kb
 bounds [0x0000021e2a450000, 0x0000021e2a6e0000, 0x0000021e2a9f0000]
 total_blobs=4112 nmethods=2741 adapters=1278
 compilation: enabled
              stopped_count=0, restarted_count=0
 full_count=0

Compilation events (20 events):
Event: 3.217 Thread 0x0000021e3a8b9470 2522       3       java.util.zip.CRC32::update (38 bytes)
Event: 3.217 Thread 0x0000021e3a8b9470 nmethod 2522 0x0000021e2339a590 code [0x0000021e2339a760, 0x0000021e2339ab88]
Event: 3.217 Thread 0x0000021e3a8b9470 2523       3       java.util.zip.CRC32::updateBytes (14 bytes)
Event: 3.217 Thread 0x0000021e3a8b9470 nmethod 2523 0x0000021e2339ad90 code [0x0000021e2339af40, 0x0000021e2339b2f8]
Event: 3.222 Thread 0x0000021e3a8b9470 2528       1       org.lwjgl.system.Pointer$Default::address (5 bytes)
Event: 3.222 Thread 0x0000021e3a8b9470 nmethod 2528 0x0000021e2aadb710 code [0x0000021e2aadb880, 0x0000021e2aadb948]
Event: 3.222 Thread 0x0000021e3a8b9470 2529       3       org.lwjgl.glfw.GLFW::glfwGetGamepadState (17 bytes)
Event: 3.223 Thread 0x0000021e3a8b9470 nmethod 2529 0x0000021e2339b510 code [0x0000021e2339b6a0, 0x0000021e2339b8b0]
Event: 3.223 Thread 0x0000021e3a8b9470 2530       3       org.lwjgl.glfw.GLFW::nglfwGetGamepadState (11 bytes)
Event: 3.223 Thread 0x0000021e3a8b9470 nmethod 2530 0x0000021e2339b990 code [0x0000021e2339bb20, 0x0000021e2339bc40]
Event: 3.223 Thread 0x0000021e3a8b9470 2532       3       org.lwjgl.glfw.GLFW::glfwGetKey (22 bytes)
Event: 3.223 Thread 0x0000021e3a8b9470 nmethod 2532 0x0000021e2339bd10 code [0x0000021e2339bec0, 0x0000021e2339c160]
Event: 3.223 Thread 0x0000021e3a8b9470 2534       3       org.lwjgl.system.Checks::check (16 bytes)
Event: 3.223 Thread 0x0000021e3a8b9470 nmethod 2534 0x0000021e2339c290 code [0x0000021e2339c420, 0x0000021e2339c610]
Event: 3.229 Thread 0x0000021e3a8b5ec0 2535       4       org.lwjgl.glfw.GLFW::glfwGetGamepadState (17 bytes)
Event: 3.230 Thread 0x0000021e3a8b5ec0 nmethod 2535 0x0000021e2aadc210 code [0x0000021e2aadc380, 0x0000021e2aadc430]
Event: 3.230 Thread 0x0000021e3a8b5ec0 2536       4       org.lwjgl.glfw.GLFW::nglfwGetGamepadState (11 bytes)
Event: 3.230 Thread 0x0000021e3a8b5ec0 nmethod 2536 0x0000021e2aadc510 code [0x0000021e2aadc680, 0x0000021e2aadc718]
Event: 3.237 Thread 0x0000021e3a8b5ec0 2537       4       org.lwjgl.glfw.GLFW::glfwGetKey (22 bytes)
Event: 3.237 Thread 0x0000021e3a8b5ec0 nmethod 2537 0x0000021e2aadc810 code [0x0000021e2aadc980, 0x0000021e2aadca48]

GC Heap History (4 events):
Event: 0.609 GC heap before
{Heap before GC invocations=0 (full 0):
 garbage-first heap   total 262144K, used 20480K [0x0000000701000000, 0x0000000800000000)
  region size 2048K, 11 young (22528K), 0 survivors (0K)
 Metaspace       used 4321K, committed 4608K, reserved 1114112K
  class space    used 497K, committed 640K, reserved 1048576K
}
Event: 0.612 GC heap after
{Heap after GC invocations=1 (full 0):
 garbage-first heap   total 262144K, used 2687K [0x0000000701000000, 0x0000000800000000)
  region size 2048K, 2 young (4096K), 2 survivors (4096K)
 Metaspace       used 4321K, committed 4608K, reserved 1114112K
  class space    used 497K, committed 640K, reserved 1048576K
}
Event: 2.763 GC heap before
{Heap before GC invocations=1 (full 0):
 garbage-first heap   total 262144K, used 43647K [0x0000000701000000, 0x0000000800000000)
  region size 2048K, 21 young (43008K), 2 survivors (4096K)
 Metaspace       used 14902K, committed 15232K, reserved 1114112K
  class space    used 2154K, committed 2304K, reserved 1048576K
}
Event: 2.772 GC heap after
{Heap after GC invocations=2 (full 0):
 garbage-first heap   total 262144K, used 10272K [0x0000000701000000, 0x0000000800000000)
  region size 2048K, 3 young (6144K), 3 survivors (6144K)
 Metaspace       used 14902K, committed 15232K, reserved 1114112K
  class space    used 2154K, committed 2304K, reserved 1048576K
}

Dll operation events (20 events):
Event: 0.311 Loaded shared library C:\Users\gage1\.openjfx\cache\20-ea+4\amd64\api-ms-win-crt-math-l1-1-0.dll
Event: 0.312 Loaded shared library C:\Users\gage1\.openjfx\cache\20-ea+4\amd64\api-ms-win-crt-multibyte-l1-1-0.dll
Event: 0.315 Loaded shared library C:\Users\gage1\.openjfx\cache\20-ea+4\amd64\api-ms-win-crt-private-l1-1-0.dll
Event: 0.316 Loaded shared library C:\Users\gage1\.openjfx\cache\20-ea+4\amd64\api-ms-win-crt-process-l1-1-0.dll
Event: 0.318 Loaded shared library C:\Users\gage1\.openjfx\cache\20-ea+4\amd64\api-ms-win-crt-runtime-l1-1-0.dll
Event: 0.319 Loaded shared library C:\Users\gage1\.openjfx\cache\20-ea+4\amd64\api-ms-win-crt-stdio-l1-1-0.dll
Event: 0.321 Loaded shared library C:\Users\gage1\.openjfx\cache\20-ea+4\amd64\api-ms-win-crt-string-l1-1-0.dll
Event: 0.323 Loaded shared library C:\Users\gage1\.openjfx\cache\20-ea+4\amd64\api-ms-win-crt-time-l1-1-0.dll
Event: 0.325 Loaded shared library C:\Users\gage1\.openjfx\cache\20-ea+4\amd64\api-ms-win-crt-utility-l1-1-0.dll
Event: 0.337 Loaded shared library C:\Users\gage1\.openjfx\cache\20-ea+4\amd64\ucrtbase.dll
Event: 0.340 Loaded shared library C:\Users\gage1\.openjfx\cache\20-ea+4\amd64\vcruntime140.dll
Event: 0.341 Loaded shared library C:\Users\gage1\.openjfx\cache\20-ea+4\amd64\vcruntime140_1.dll
Event: 0.348 Loaded shared library C:\Users\gage1\.openjfx\cache\20-ea+4\amd64\msvcp140.dll
Event: 0.352 Loaded shared library C:\Users\gage1\.openjfx\cache\20-ea+4\amd64\msvcp140_1.dll
Event: 0.355 Loaded shared library C:\Users\gage1\.openjfx\cache\20-ea+4\amd64\msvcp140_2.dll
Event: 0.392 Loaded shared library C:\Users\gage1\.openjfx\cache\20-ea+4\amd64\prism_d3d.dll
Event: 0.463 Loaded shared library C:\Users\gage1\.openjfx\cache\20-ea+4\amd64\glass.dll
Event: 0.600 Loaded shared library C:\Program Files\Java\jdk-20\bin\jimage.dll
Event: 0.754 Loaded shared library C:\Users\gage1\.openjfx\cache\20-ea+4\amd64\javafx_font.dll
Event: 2.840 Loaded shared library C:\Users\gage1\AppData\Local\Temp\lwjgl_gage1\3.3.2+13\x64\lwjgl.dll

Deoptimization events (20 events):
Event: 2.779 Thread 0x0000021e3f7a1390 DEOPT PACKING pc=0x0000021e23356c3e sp=0x0000002d09afbd20
Event: 2.779 Thread 0x0000021e3f7a1390 DEOPT UNPACKING pc=0x0000021e2a4ba4c2 sp=0x0000002d09afb1b0 mode 0
Event: 2.779 Thread 0x0000021e3f7a1390 DEOPT PACKING pc=0x0000021e23356c3e sp=0x0000002d09afbd20
Event: 2.779 Thread 0x0000021e3f7a1390 DEOPT UNPACKING pc=0x0000021e2a4ba4c2 sp=0x0000002d09afb1b0 mode 0
Event: 2.779 Thread 0x0000021e3f7a1390 DEOPT PACKING pc=0x0000021e23356c3e sp=0x0000002d09afbd20
Event: 2.779 Thread 0x0000021e3f7a1390 DEOPT UNPACKING pc=0x0000021e2a4ba4c2 sp=0x0000002d09afb1b0 mode 0
Event: 2.780 Thread 0x0000021e3f7a1390 DEOPT PACKING pc=0x0000021e23356c3e sp=0x0000002d09afbd20
Event: 2.780 Thread 0x0000021e3f7a1390 DEOPT UNPACKING pc=0x0000021e2a4ba4c2 sp=0x0000002d09afb1b0 mode 0
Event: 2.780 Thread 0x0000021e3f7a1390 DEOPT PACKING pc=0x0000021e23357732 sp=0x0000002d09afbd20
Event: 2.780 Thread 0x0000021e3f7a1390 DEOPT UNPACKING pc=0x0000021e2a4ba4c2 sp=0x0000002d09afb1b0 mode 0
Event: 2.780 Thread 0x0000021e3f7a1390 DEOPT PACKING pc=0x0000021e23357732 sp=0x0000002d09afbd20
Event: 2.780 Thread 0x0000021e3f7a1390 DEOPT UNPACKING pc=0x0000021e2a4ba4c2 sp=0x0000002d09afb1b0 mode 0
Event: 2.836 Thread 0x0000021e3f7a1390 Uncommon trap: trap_request=0xffffff45 fr.pc=0x0000021e2aa49e4c relative=0x000000000000004c
Event: 2.836 Thread 0x0000021e3f7a1390 Uncommon trap: reason=unstable_if action=reinterpret pc=0x0000021e2aa49e4c method=sun.nio.fs.WindowsPathParser.isSlash(C)Z @ 9 c2
Event: 2.836 Thread 0x0000021e3f7a1390 DEOPT PACKING pc=0x0000021e2aa49e4c sp=0x0000002d09afa190
Event: 2.836 Thread 0x0000021e3f7a1390 DEOPT UNPACKING pc=0x0000021e2a4b9d22 sp=0x0000002d09afa118 mode 2
Event: 2.844 Thread 0x0000021e3f7a1390 Uncommon trap: trap_request=0xffffff45 fr.pc=0x0000021e2aa2b52c relative=0x00000000000000ac
Event: 2.844 Thread 0x0000021e3f7a1390 Uncommon trap: reason=unstable_if action=reinterpret pc=0x0000021e2aa2b52c method=jdk.internal.misc.Unsafe.convEndian(ZI)I @ 4 c2
Event: 2.844 Thread 0x0000021e3f7a1390 DEOPT PACKING pc=0x0000021e2aa2b52c sp=0x0000002d09afa060
Event: 2.845 Thread 0x0000021e3f7a1390 DEOPT UNPACKING pc=0x0000021e2a4b9d22 sp=0x0000002d09af9ef8 mode 2

Classes loaded (20 events):
Event: 2.870 Loading class java/util/function/LongPredicate
Event: 2.870 Loading class java/util/function/LongPredicate done
Event: 2.871 Loading class java/lang/foreign/MemorySegment
Event: 2.871 Loading class java/lang/foreign/MemorySegment done
Event: 2.874 Loading class java/nio/InvalidMarkException
Event: 2.874 Loading class java/nio/InvalidMarkException done
Event: 2.874 Loading class java/nio/BufferUnderflowException
Event: 2.874 Loading class java/nio/BufferUnderflowException done
Event: 3.219 Loading class java/util/concurrent/CompletableFuture
Event: 3.220 Loading class java/util/concurrent/CompletionStage
Event: 3.220 Loading class java/util/concurrent/CompletionStage done
Event: 3.220 Loading class java/util/concurrent/CompletableFuture done
Event: 3.220 Loading class java/util/concurrent/CompletableFuture$AltResult
Event: 3.220 Loading class java/util/concurrent/CompletableFuture$AltResult done
Event: 3.220 Loading class java/util/concurrent/CompletableFuture$Completion
Event: 3.220 Loading class java/util/concurrent/CompletableFuture$AsynchronousCompletionTask
Event: 3.220 Loading class java/util/concurrent/CompletableFuture$AsynchronousCompletionTask done
Event: 3.220 Loading class java/util/concurrent/CompletableFuture$Completion done
Event: 3.220 Loading class java/util/concurrent/CompletableFuture$AsyncRun
Event: 3.220 Loading class java/util/concurrent/CompletableFuture$AsyncRun done

Classes unloaded (0 events):
No events

Classes redefined (0 events):
No events

Internal exceptions (20 events):
Event: 2.559 Thread 0x0000021e3f7a1390 Exception <a 'java/lang/NoSuchMethodError'{0x000000070e657628}: 'long java.lang.invoke.DirectMethodHandle$Holder.invokeStaticInit(java.lang.Object, java.lang.Object, java.lang.Object)'> (0x000000070e657628) 
thrown [s\open\src\hotspot\share\interpreter\linkResolver.cpp, line 773]
Event: 2.561 Thread 0x0000021e3f7a1390 Exception <a 'java/lang/NoSuchMethodError'{0x000000070e66f9f8}: 'java.lang.Object java.lang.invoke.DirectMethodHandle$Holder.newInvokeSpecial(java.lang.Object, java.lang.Object, long)'> (0x000000070e66f9f8) 
thrown [s\open\src\hotspot\share\interpreter\linkResolver.cpp, line 773]
Event: 2.561 Thread 0x0000021e3f7a1390 Exception <a 'java/lang/NoSuchMethodError'{0x000000070e6732f0}: 'java.lang.Object java.lang.invoke.Invokers$Holder.linkToTargetMethod(java.lang.Object, long, java.lang.Object)'> (0x000000070e6732f0) 
thrown [s\open\src\hotspot\share\interpreter\linkResolver.cpp, line 773]
Event: 2.738 Thread 0x0000021e3f7a1390 Exception <a 'java/lang/NoSuchMethodError'{0x000000070e6bbb08}: 'void java.lang.invoke.Invokers$Holder.invokeExact_MT(java.lang.Object, java.lang.Object, java.lang.Object, java.lang.Object)'> (0x000000070e6bbb08) 
thrown [s\open\src\hotspot\share\interpreter\linkResolver.cpp, line 773]
Event: 2.800 Thread 0x0000021e3f7a1390 Exception <a 'java/lang/NoSuchMethodError'{0x0000000710f82750}: 'void java.lang.invoke.DirectMethodHandle$Holder.invokeVirtual(java.lang.Object, java.lang.Object)'> (0x0000000710f82750) 
thrown [s\open\src\hotspot\share\interpreter\linkResolver.cpp, line 773]
Event: 2.812 Thread 0x0000021e3f7a1390 Exception <a 'java/lang/NoSuchMethodError'{0x0000000710c63c90}: 'void java.lang.System.load(java.lang.String, java.lang.Class)'> (0x0000000710c63c90) 
thrown [s\open\src\hotspot\share\interpreter\linkResolver.cpp, line 773]
Event: 2.813 Thread 0x0000021e3f7a1390 Exception <a 'java/lang/NoSuchMethodError'{0x0000000710c68918}: 'java.lang.Object java.lang.invoke.DirectMethodHandle$Holder.invokeStatic(java.lang.Object, java.lang.Object, int)'> (0x0000000710c68918) 
thrown [s\open\src\hotspot\share\interpreter\linkResolver.cpp, line 773]
Event: 2.813 Thread 0x0000021e3f7a1390 Exception <a 'java/lang/NoSuchMethodError'{0x0000000710c6ca50}: 'void java.lang.invoke.DirectMethodHandle$Holder.invokeStatic(java.lang.Object, java.lang.Object, int, java.lang.Object)'> (0x0000000710c6ca50) 
thrown [s\open\src\hotspot\share\interpreter\linkResolver.cpp, line 773]
Event: 2.814 Thread 0x0000021e3f7a1390 Exception <a 'java/lang/NoSuchMethodError'{0x0000000710c73a20}: 'void java.lang.invoke.DelegatingMethodHandle$Holder.delegate(java.lang.Object, java.lang.Object, int, java.lang.Object)'> (0x0000000710c73a20) 
thrown [s\open\src\hotspot\share\interpreter\linkResolver.cpp, line 773]
Event: 2.817 Thread 0x0000021e3f7a1390 Exception <a 'java/lang/NoSuchMethodError'{0x0000000710c8d5f8}: 'void java.lang.System.loadLibrary(java.lang.String, java.lang.Class)'> (0x0000000710c8d5f8) 
thrown [s\open\src\hotspot\share\interpreter\linkResolver.cpp, line 773]
Event: 2.836 Thread 0x0000021e3f7a1390 Exception <a 'sun/nio/fs/WindowsException'{0x0000000710cb8508}> (0x0000000710cb8508) 
thrown [s\open\src\hotspot\share\prims\jni.cpp, line 519]
Event: 2.837 Thread 0x0000021e3f7a1390 Exception <a 'sun/nio/fs/WindowsException'{0x0000000710cb8a38}> (0x0000000710cb8a38) 
thrown [s\open\src\hotspot\share\prims\jni.cpp, line 519]
Event: 2.862 Thread 0x0000021e3f7a1390 Exception <a 'sun/nio/fs/WindowsException'{0x0000000710ce8918}> (0x0000000710ce8918) 
thrown [s\open\src\hotspot\share\prims\jni.cpp, line 519]
Event: 2.862 Thread 0x0000021e3f7a1390 Exception <a 'sun/nio/fs/WindowsException'{0x0000000710ce8c78}> (0x0000000710ce8c78) 
thrown [s\open\src\hotspot\share\prims\jni.cpp, line 519]
Event: 2.870 Thread 0x0000021e3f7a1390 Exception <a 'java/lang/NoSuchMethodError'{0x0000000710d321c0}: 'int java.lang.invoke.DirectMethodHandle$Holder.invokeStaticInit(java.lang.Object, java.lang.Object, int, long)'> (0x0000000710d321c0) 
thrown [s\open\src\hotspot\share\interpreter\linkResolver.cpp, line 773]
Event: 2.872 Thread 0x0000021e3f7a1390 Exception <a 'java/lang/NoSuchMethodError'{0x0000000710d423e0}: 'int java.lang.invoke.DirectMethodHandle$Holder.invokeStaticInit(java.lang.Object, java.lang.Object, long, long)'> (0x0000000710d423e0) 
thrown [s\open\src\hotspot\share\interpreter\linkResolver.cpp, line 773]
Event: 2.873 Thread 0x0000021e3f7a1390 Exception <a 'java/lang/NoSuchMethodError'{0x0000000710d4c468}: 'int java.lang.invoke.DirectMethodHandle$Holder.invokeStaticInit(java.lang.Object, java.lang.Object, java.lang.Object, long)'> (0x0000000710d4c468) 
thrown [s\open\src\hotspot\share\interpreter\linkResolver.cpp, line 773]
Event: 3.217 Thread 0x0000021e3f7a1390 Exception <a 'java/lang/NoSuchMethodError'{0x0000000710dc8e68}: 'void java.lang.invoke.DirectMethodHandle$Holder.invokeStatic(java.lang.Object, long, java.lang.Object)'> (0x0000000710dc8e68) 
thrown [s\open\src\hotspot\share\interpreter\linkResolver.cpp, line 773]
Event: 3.218 Thread 0x0000021e3f7a1390 Exception <a 'java/lang/NoSuchMethodError'{0x0000000710dcf010}: 'java.lang.Object java.lang.invoke.DirectMethodHandle$Holder.newInvokeSpecial(java.lang.Object, long, java.lang.Object)'> (0x0000000710dcf010) 
thrown [s\open\src\hotspot\share\interpreter\linkResolver.cpp, line 773]
Event: 3.218 Thread 0x0000021e3f7a1390 Exception <a 'java/lang/NoSuchMethodError'{0x0000000710dd2f70}: 'java.lang.Object java.lang.invoke.DirectMethodHandle$Holder.invokeSpecial(java.lang.Object, java.lang.Object, long, java.lang.Object)'> (0x0000000710dd2f70) 
thrown [s\open\src\hotspot\share\interpreter\linkResolver.cpp, line 773]

VM Operations (20 events):
Event: 0.870 Executing VM operation: HandshakeAllThreads
Event: 0.870 Executing VM operation: HandshakeAllThreads done
Event: 0.965 Executing VM operation: ICBufferFull
Event: 0.966 Executing VM operation: ICBufferFull done
Event: 1.252 Executing VM operation: HandshakeAllThreads
Event: 1.252 Executing VM operation: HandshakeAllThreads done
Event: 1.254 Executing VM operation: ICBufferFull
Event: 1.254 Executing VM operation: ICBufferFull done
Event: 2.255 Executing VM operation: Cleanup
Event: 2.256 Executing VM operation: Cleanup done
Event: 2.763 Executing VM operation: G1CollectForAllocation
Event: 2.772 Executing VM operation: G1CollectForAllocation done
Event: 2.802 Executing VM operation: HandshakeAllThreads
Event: 2.802 Executing VM operation: HandshakeAllThreads done
Event: 2.813 Executing VM operation: HandshakeAllThreads
Event: 2.813 Executing VM operation: HandshakeAllThreads done
Event: 2.838 Executing VM operation: HandshakeAllThreads
Event: 2.838 Executing VM operation: HandshakeAllThreads done
Event: 2.844 Executing VM operation: HandshakeAllThreads
Event: 2.844 Executing VM operation: HandshakeAllThreads done

Events (20 events):
Event: 0.068 Thread 0x0000021e3ecc0660 Thread added: 0x0000021e3ecc0660
Event: 0.116 Thread 0x0000021e3ed91590 Thread added: 0x0000021e3ed91590
Event: 0.118 Thread 0x0000021e3edbe500 Thread added: 0x0000021e3edbe500
Event: 0.160 Thread 0x0000021e3ee5d330 Thread added: 0x0000021e3ee5d330
Event: 0.385 Thread 0x0000021e3f3c0160 Thread added: 0x0000021e3f3c0160
Event: 0.465 Thread 0x0000021e3f783540 Thread added: 0x0000021e3f783540
Event: 0.468 Thread 0x0000021e3f7a1390 Thread added: 0x0000021e3f7a1390
Event: 0.551 Thread 0x0000021e3edbe500 Thread exited: 0x0000021e3edbe500
Event: 0.553 Thread 0x0000021e3ed91590 Thread exited: 0x0000021e3ed91590
Event: 0.578 Thread 0x0000021e40017040 Thread added: 0x0000021e40017040
Event: 0.589 Thread 0x0000021e3ffe1380 Thread added: 0x0000021e3ffe1380
Event: 0.773 Thread 0x0000021e40099fc0 Thread added: 0x0000021e40099fc0
Event: 0.796 Thread 0x0000021e404170b0 Thread added: 0x0000021e404170b0
Event: 1.108 Thread 0x0000021e405dee40 Thread added: 0x0000021e405dee40
Event: 1.388 Thread 0x0000021e40719fa0 Thread added: 0x0000021e40719fa0
Event: 1.770 Thread 0x0000021e404170b0 Thread exited: 0x0000021e404170b0
Event: 1.771 Thread 0x0000021e40099fc0 Thread exited: 0x0000021e40099fc0
Event: 2.843 Thread 0x0000021e408d8460 Thread added: 0x0000021e408d8460
Event: 3.102 Thread 0x0000021e408d8460 Thread exited: 0x0000021e408d8460
Event: 3.221 Thread 0x0000021e4a1dd670 Thread added: 0x0000021e4a1dd670


Dynamic libraries:
0x00007ff792d30000 - 0x00007ff792d40000 	C:\Program Files\Java\jdk-20\bin\java.exe
0x00007ffe03f90000 - 0x00007ffe041a4000 	C:\WINDOWS\SYSTEM32\ntdll.dll
0x00007ffe02840000 - 0x00007ffe02902000 	C:\WINDOWS\System32\KERNEL32.DLL
0x00007ffe01450000 - 0x00007ffe017f3000 	C:\WINDOWS\System32\KERNELBASE.dll
0x00007ffdda770000 - 0x00007ffdda78b000 	C:\Program Files\Java\jdk-20\bin\VCRUNTIME140.dll
0x00007ffdda790000 - 0x00007ffdda7a9000 	C:\Program Files\Java\jdk-20\bin\jli.dll
0x00007ffe02790000 - 0x00007ffe0283e000 	C:\WINDOWS\System32\ADVAPI32.dll
0x00007ffe01800000 - 0x00007ffe01911000 	C:\WINDOWS\System32\ucrtbase.dll
0x00007ffe01f40000 - 0x00007ffe01fe7000 	C:\WINDOWS\System32\msvcrt.dll
0x00007ffe02300000 - 0x00007ffe023a4000 	C:\WINDOWS\System32\sechost.dll
0x00007ffe03050000 - 0x00007ffe03167000 	C:\WINDOWS\System32\RPCRT4.dll
0x00007ffe01d90000 - 0x00007ffe01f3b000 	C:\WINDOWS\System32\USER32.dll
0x00007ffe01ca0000 - 0x00007ffe01cc6000 	C:\WINDOWS\System32\win32u.dll
0x00007ffdecfb0000 - 0x00007ffded23e000 	C:\WINDOWS\WinSxS\amd64_microsoft.windows.common-controls_6595b64144ccf1df_6.0.22621.1635_none_270f70857386168e\COMCTL32.dll
0x00007ffe02530000 - 0x00007ffe02559000 	C:\WINDOWS\System32\GDI32.dll
0x00007ffe019a0000 - 0x00007ffe01ab8000 	C:\WINDOWS\System32\gdi32full.dll
0x00007ffe013b0000 - 0x00007ffe0144a000 	C:\WINDOWS\System32\msvcp_win.dll
0x00007ffdf7220000 - 0x00007ffdf722a000 	C:\WINDOWS\SYSTEM32\VERSION.dll
0x00007ffe03f10000 - 0x00007ffe03f41000 	C:\WINDOWS\System32\IMM32.DLL
0x00007ffddeac0000 - 0x00007ffddeacc000 	C:\Program Files\Java\jdk-20\bin\vcruntime140_1.dll
0x00007ffdbadd0000 - 0x00007ffdbae5e000 	C:\Program Files\Java\jdk-20\bin\msvcp140.dll
0x00007ffdb2670000 - 0x00007ffdb3307000 	C:\Program Files\Java\jdk-20\bin\server\jvm.dll
0x00007ffdf1ac0000 - 0x00007ffdf1af4000 	C:\WINDOWS\SYSTEM32\WINMM.dll
0x00007ffded6d0000 - 0x00007ffded6d9000 	C:\WINDOWS\SYSTEM32\WSOCK32.dll
0x00007ffe024b0000 - 0x00007ffe02521000 	C:\WINDOWS\System32\WS2_32.dll
0x00007ffe004b0000 - 0x00007ffe004c8000 	C:\WINDOWS\SYSTEM32\kernel.appcore.dll
0x00007ffdde5e0000 - 0x00007ffdde5ea000 	C:\Program Files\Java\jdk-20\bin\jimage.dll
0x00007ffdecd80000 - 0x00007ffdecfae000 	C:\WINDOWS\SYSTEM32\DBGHELP.DLL
0x00007ffe03380000 - 0x00007ffe03709000 	C:\WINDOWS\System32\combase.dll
0x00007ffe03280000 - 0x00007ffe03357000 	C:\WINDOWS\System32\OLEAUT32.dll
0x00007ffdebf40000 - 0x00007ffdebf72000 	C:\WINDOWS\SYSTEM32\dbgcore.DLL
0x00007ffe01920000 - 0x00007ffe0199b000 	C:\WINDOWS\System32\bcryptPrimitives.dll
0x00007ffdda740000 - 0x00007ffdda766000 	C:\Program Files\Java\jdk-20\bin\java.dll
0x00007ffdbacf0000 - 0x00007ffdbadc7000 	C:\Program Files\Java\jdk-20\bin\jsvml.dll
0x00007ffe03710000 - 0x00007ffe03f0a000 	C:\WINDOWS\System32\SHELL32.dll
0x00007ffdff360000 - 0x00007ffdffc2e000 	C:\WINDOWS\SYSTEM32\windows.storage.dll
0x00007ffdff220000 - 0x00007ffdff35e000 	C:\WINDOWS\SYSTEM32\wintypes.dll
0x00007ffe02080000 - 0x00007ffe02171000 	C:\WINDOWS\System32\SHCORE.dll
0x00007ffe022a0000 - 0x00007ffe022fe000 	C:\WINDOWS\System32\shlwapi.dll
0x00007ffe012e0000 - 0x00007ffe01301000 	C:\WINDOWS\SYSTEM32\profapi.dll
0x00007ffdda330000 - 0x00007ffdda343000 	C:\Program Files\Java\jdk-20\bin\net.dll
0x00007ffdfaf50000 - 0x00007ffdfb087000 	C:\WINDOWS\SYSTEM32\WINHTTP.dll
0x00007ffe00910000 - 0x00007ffe00979000 	C:\WINDOWS\system32\mswsock.dll
0x00007ffdda310000 - 0x00007ffdda326000 	C:\Program Files\Java\jdk-20\bin\nio.dll
0x00007ffdda2f0000 - 0x00007ffdda308000 	C:\Program Files\Java\jdk-20\bin\zip.dll
0x0000021e1ae20000 - 0x0000021e1ae23000 	C:\Users\gage1\.openjfx\cache\20-ea+4\amd64\api-ms-win-core-console-l1-1-0.dll
0x0000021e3a9d0000 - 0x0000021e3a9d3000 	C:\Users\gage1\.openjfx\cache\20-ea+4\amd64\api-ms-win-core-console-l1-2-0.dll
0x0000021e3a9e0000 - 0x0000021e3a9e3000 	C:\Users\gage1\.openjfx\cache\20-ea+4\amd64\api-ms-win-core-datetime-l1-1-0.dll
0x0000021e3a9f0000 - 0x0000021e3a9f3000 	C:\Users\gage1\.openjfx\cache\20-ea+4\amd64\api-ms-win-core-debug-l1-1-0.dll
0x0000021e3aa00000 - 0x0000021e3aa03000 	C:\Users\gage1\.openjfx\cache\20-ea+4\amd64\api-ms-win-core-errorhandling-l1-1-0.dll
0x0000021e3aa10000 - 0x0000021e3aa14000 	C:\Users\gage1\.openjfx\cache\20-ea+4\amd64\api-ms-win-core-file-l1-1-0.dll
0x0000021e3aa20000 - 0x0000021e3aa23000 	C:\Users\gage1\.openjfx\cache\20-ea+4\amd64\api-ms-win-core-file-l1-2-0.dll
0x0000021e3aa30000 - 0x0000021e3aa33000 	C:\Users\gage1\.openjfx\cache\20-ea+4\amd64\api-ms-win-core-file-l2-1-0.dll
0x0000021e3aa40000 - 0x0000021e3aa43000 	C:\Users\gage1\.openjfx\cache\20-ea+4\amd64\api-ms-win-core-handle-l1-1-0.dll
0x0000021e3aa50000 - 0x0000021e3aa53000 	C:\Users\gage1\.openjfx\cache\20-ea+4\amd64\api-ms-win-core-heap-l1-1-0.dll
0x0000021e3aa60000 - 0x0000021e3aa63000 	C:\Users\gage1\.openjfx\cache\20-ea+4\amd64\api-ms-win-core-interlocked-l1-1-0.dll
0x0000021e3aa70000 - 0x0000021e3aa73000 	C:\Users\gage1\.openjfx\cache\20-ea+4\amd64\api-ms-win-core-libraryloader-l1-1-0.dll
0x0000021e3aa80000 - 0x0000021e3aa83000 	C:\Users\gage1\.openjfx\cache\20-ea+4\amd64\api-ms-win-core-localization-l1-2-0.dll
0x0000021e3aa90000 - 0x0000021e3aa93000 	C:\Users\gage1\.openjfx\cache\20-ea+4\amd64\api-ms-win-core-memory-l1-1-0.dll
0x0000021e3aaa0000 - 0x0000021e3aaa3000 	C:\Users\gage1\.openjfx\cache\20-ea+4\amd64\api-ms-win-core-namedpipe-l1-1-0.dll
0x0000021e3aab0000 - 0x0000021e3aab3000 	C:\Users\gage1\.openjfx\cache\20-ea+4\amd64\api-ms-win-core-processenvironment-l1-1-0.dll
0x0000021e3aac0000 - 0x0000021e3aac3000 	C:\Users\gage1\.openjfx\cache\20-ea+4\amd64\api-ms-win-core-processthreads-l1-1-0.dll
0x0000021e3aad0000 - 0x0000021e3aad3000 	C:\Users\gage1\.openjfx\cache\20-ea+4\amd64\api-ms-win-core-processthreads-l1-1-1.dll
0x0000021e3aae0000 - 0x0000021e3aae3000 	C:\Users\gage1\.openjfx\cache\20-ea+4\amd64\api-ms-win-core-profile-l1-1-0.dll
0x0000021e3aaf0000 - 0x0000021e3aaf3000 	C:\Users\gage1\.openjfx\cache\20-ea+4\amd64\api-ms-win-core-rtlsupport-l1-1-0.dll
0x0000021e3ab00000 - 0x0000021e3ab03000 	C:\Users\gage1\.openjfx\cache\20-ea+4\amd64\api-ms-win-core-string-l1-1-0.dll
0x0000021e3ab10000 - 0x0000021e3ab13000 	C:\Users\gage1\.openjfx\cache\20-ea+4\amd64\api-ms-win-core-synch-l1-1-0.dll
0x0000021e3ab20000 - 0x0000021e3ab23000 	C:\Users\gage1\.openjfx\cache\20-ea+4\amd64\api-ms-win-core-synch-l1-2-0.dll
0x0000021e3ab30000 - 0x0000021e3ab33000 	C:\Users\gage1\.openjfx\cache\20-ea+4\amd64\api-ms-win-core-sysinfo-l1-1-0.dll
0x0000021e3ab40000 - 0x0000021e3ab43000 	C:\Users\gage1\.openjfx\cache\20-ea+4\amd64\api-ms-win-core-timezone-l1-1-0.dll
0x0000021e3ab50000 - 0x0000021e3ab53000 	C:\Users\gage1\.openjfx\cache\20-ea+4\amd64\api-ms-win-core-util-l1-1-0.dll
0x0000021e3ab60000 - 0x0000021e3ab63000 	C:\Users\gage1\.openjfx\cache\20-ea+4\amd64\api-ms-win-crt-conio-l1-1-0.dll
0x0000021e3ab70000 - 0x0000021e3ab74000 	C:\Users\gage1\.openjfx\cache\20-ea+4\amd64\api-ms-win-crt-convert-l1-1-0.dll
0x0000021e3ab80000 - 0x0000021e3ab83000 	C:\Users\gage1\.openjfx\cache\20-ea+4\amd64\api-ms-win-crt-environment-l1-1-0.dll
0x0000021e3ab90000 - 0x0000021e3ab93000 	C:\Users\gage1\.openjfx\cache\20-ea+4\amd64\api-ms-win-crt-filesystem-l1-1-0.dll
0x0000021e3aba0000 - 0x0000021e3aba3000 	C:\Users\gage1\.openjfx\cache\20-ea+4\amd64\api-ms-win-crt-heap-l1-1-0.dll
0x0000021e3abb0000 - 0x0000021e3abb3000 	C:\Users\gage1\.openjfx\cache\20-ea+4\amd64\api-ms-win-crt-locale-l1-1-0.dll
0x0000021e3abc0000 - 0x0000021e3abc5000 	C:\Users\gage1\.openjfx\cache\20-ea+4\amd64\api-ms-win-crt-math-l1-1-0.dll
0x0000021e3abd0000 - 0x0000021e3abd5000 	C:\Users\gage1\.openjfx\cache\20-ea+4\amd64\api-ms-win-crt-multibyte-l1-1-0.dll
0x0000021e3abe0000 - 0x0000021e3abf0000 	C:\Users\gage1\.openjfx\cache\20-ea+4\amd64\api-ms-win-crt-private-l1-1-0.dll
0x0000021e3abf0000 - 0x0000021e3abf3000 	C:\Users\gage1\.openjfx\cache\20-ea+4\amd64\api-ms-win-crt-process-l1-1-0.dll
0x0000021e3f800000 - 0x0000021e3f804000 	C:\Users\gage1\.openjfx\cache\20-ea+4\amd64\api-ms-win-crt-runtime-l1-1-0.dll
0x0000021e3f810000 - 0x0000021e3f814000 	C:\Users\gage1\.openjfx\cache\20-ea+4\amd64\api-ms-win-crt-stdio-l1-1-0.dll
0x0000021e3f820000 - 0x0000021e3f824000 	C:\Users\gage1\.openjfx\cache\20-ea+4\amd64\api-ms-win-crt-string-l1-1-0.dll
0x0000021e3f830000 - 0x0000021e3f833000 	C:\Users\gage1\.openjfx\cache\20-ea+4\amd64\api-ms-win-crt-time-l1-1-0.dll
0x0000021e3f840000 - 0x0000021e3f843000 	C:\Users\gage1\.openjfx\cache\20-ea+4\amd64\api-ms-win-crt-utility-l1-1-0.dll
0x00007ffdba990000 - 0x00007ffdbaa8c000 	C:\Users\gage1\.openjfx\cache\20-ea+4\amd64\ucrtbase.dll
0x00007ffdd70b0000 - 0x00007ffdd70cb000 	C:\Users\gage1\.openjfx\cache\20-ea+4\amd64\vcruntime140.dll
0x00007ffddd0c0000 - 0x00007ffddd0cc000 	C:\Users\gage1\.openjfx\cache\20-ea+4\amd64\vcruntime140_1.dll
0x00007ffdba900000 - 0x00007ffdba98e000 	C:\Users\gage1\.openjfx\cache\20-ea+4\amd64\msvcp140.dll
0x00007ffddc880000 - 0x00007ffddc889000 	C:\Users\gage1\.openjfx\cache\20-ea+4\amd64\msvcp140_1.dll
0x00007ffdd42d0000 - 0x00007ffdd4300000 	C:\Users\gage1\.openjfx\cache\20-ea+4\amd64\msvcp140_2.dll
0x00007ffdc7c70000 - 0x00007ffdc7c9c000 	C:\Users\gage1\.openjfx\cache\20-ea+4\amd64\prism_d3d.dll
0x00007ffdd8060000 - 0x00007ffdd8209000 	C:\WINDOWS\system32\d3d9.dll
0x00007ffdfeda0000 - 0x00007ffdfedcb000 	C:\WINDOWS\SYSTEM32\dwmapi.dll
0x00007ffdfea70000 - 0x00007ffdfeaa6000 	C:\WINDOWS\SYSTEM32\dxcore.dll
0x00007ffdfe940000 - 0x00007ffdfe9eb000 	C:\WINDOWS\system32\uxtheme.dll
0x00007ffdf7230000 - 0x00007ffdf72ed000 	C:\WINDOWS\System32\DriverStore\FileRepository\nv_dispi.inf_amd64_059948e396d205d5\nvldumdx.dll
0x00007ffe01050000 - 0x00007ffe01062000 	C:\WINDOWS\SYSTEM32\msasn1.dll
0x00007ffdf71e0000 - 0x00007ffdf7212000 	C:\WINDOWS\SYSTEM32\cryptnet.dll
0x00007ffe01b30000 - 0x00007ffe01c97000 	C:\WINDOWS\System32\CRYPT32.dll
0x00007ffdf6fd0000 - 0x00007ffdf7131000 	C:\WINDOWS\SYSTEM32\drvstore.dll
0x00007ffe010c0000 - 0x00007ffe010ec000 	C:\WINDOWS\SYSTEM32\devobj.dll
0x00007ffe01070000 - 0x00007ffe010be000 	C:\WINDOWS\SYSTEM32\cfgmgr32.dll
0x00007ffe00c10000 - 0x00007ffe00c58000 	C:\WINDOWS\SYSTEM32\wldp.dll
0x00007ffe00b20000 - 0x00007ffe00b2c000 	C:\WINDOWS\SYSTEM32\cryptbase.dll
0x00007ffe01ac0000 - 0x00007ffe01b2b000 	C:\WINDOWS\System32\WINTRUST.DLL
0x00007ffe03360000 - 0x00007ffe0337f000 	C:\WINDOWS\System32\imagehlp.dll
0x00007ffe00bb0000 - 0x00007ffe00bcb000 	C:\WINDOWS\SYSTEM32\CRYPTSP.dll
0x00007ffe00420000 - 0x00007ffe00455000 	C:\WINDOWS\system32\rsaenh.dll
0x00007ffe00d60000 - 0x00007ffe00d88000 	C:\WINDOWS\SYSTEM32\bcrypt.dll
0x00007ffd9b5e0000 - 0x00007ffd9e4db000 	C:\WINDOWS\System32\DriverStore\FileRepository\nv_dispi.inf_amd64_059948e396d205d5\nvd3dumx.dll
0x00007ffdfadb0000 - 0x00007ffdfadf8000 	C:\WINDOWS\SYSTEM32\directxdatabasehelper.dll
0x00007ffdbda90000 - 0x00007ffdbdad2000 	C:\Users\gage1\.openjfx\cache\20-ea+4\amd64\glass.dll
0x00007ffe023b0000 - 0x00007ffe024a7000 	C:\WINDOWS\System32\COMDLG32.dll
0x00007ffe02ea0000 - 0x00007ffe0303c000 	C:\WINDOWS\System32\ole32.dll
0x00007ffe02180000 - 0x00007ffe0229e000 	C:\WINDOWS\System32\MSCTF.dll
0x00007ffda2770000 - 0x00007ffda2a41000 	C:\WINDOWS\system32\nvspcap64.dll
0x00007ffe004d0000 - 0x00007ffe00504000 	C:\WINDOWS\SYSTEM32\ntmarta.dll
0x00007ffe00980000 - 0x00007ffe009a6000 	C:\WINDOWS\SYSTEM32\gpapi.dll
0x00007ffdca6a0000 - 0x00007ffdca6b4000 	C:\Users\gage1\.openjfx\cache\20-ea+4\amd64\javafx_font.dll
0x00007ffdfcf70000 - 0x00007ffdfd1d7000 	C:\WINDOWS\SYSTEM32\dwrite.dll
0x00007ffe03170000 - 0x00007ffe03220000 	C:\WINDOWS\System32\clbcatq.dll
0x00007ffdfcd40000 - 0x00007ffdfcef0000 	C:\WINDOWS\SYSTEM32\WindowsCodecs.dll
0x00007ffdd4cd0000 - 0x00007ffdd4d2e000 	C:\WINDOWS\system32\dataexchange.dll
0x00007ffdf7ca0000 - 0x00007ffdf7f17000 	C:\WINDOWS\system32\twinapi.appcore.dll
0x00007ffdbd3b0000 - 0x00007ffdbd3e2000 	C:\Program Files\Common Files\Microsoft Shared\Ink\rtscom.dll
0x00007ffdf09b0000 - 0x00007ffdf0add000 	C:\WINDOWS\SYSTEM32\textinputframework.dll

dbghelp: loaded successfully - version: 4.0.5 - missing functions: none
symbol engine: initialized successfully - sym options: 0x614 - pdb path: .;C:\Program Files\Java\jdk-20\bin;C:\WINDOWS\SYSTEM32;C:\WINDOWS\WinSxS\amd64_microsoft.windows.common-controls_6595b64144ccf1df_6.0.22621.1635_none_270f70857386168e;C:\Program Files\Java\jdk-20\bin\server;C:\Users\gage1\.openjfx\cache\20-ea+4\amd64;C:\WINDOWS\System32\DriverStore\FileRepository\nv_dispi.inf_amd64_059948e396d205d5;C:\Program Files\Common Files\Microsoft Shared\Ink;C:\Users\gage1\AppData\Local\Temp\lwjgl_gage1\3.3.2+13\x64

VM Arguments:
jvm_args: --module-path=C:\Users\gage1\.m2\repository\org\openjfx\javafx-base\20-ea+4\javafx-base-20-ea+4-win.jar;C:\Users\gage1\.m2\repository\org\openjfx\javafx-base\20-ea+4\javafx-base-20-ea+4.jar;C:\Users\gage1\.m2\repository\org\openjfx\javafx-controls\20-ea+4\javafx-controls-20-ea+4-win.jar;C:\Users\gage1\.m2\repository\org\openjfx\javafx-controls\20-ea+4\javafx-controls-20-ea+4.jar;C:\Users\gage1\.m2\repository\org\openjfx\javafx-fxml\20-ea+4\javafx-fxml-20-ea+4-win.jar;C:\Users\gage1\.m2\repository\org\openjfx\javafx-fxml\20-ea+4\javafx-fxml-20-ea+4.jar;C:\Users\gage1\.m2\repository\org\openjfx\javafx-graphics\20-ea+4\javafx-graphics-20-ea+4-win.jar;C:\Users\gage1\.m2\repository\org\openjfx\javafx-graphics\20-ea+4\javafx-graphics-20-ea+4.jar;C:\Users\gage1\.m2\repository\org\openjfx\javafx-media\20-ea+4\javafx-media-20-ea+4-win.jar;C:\Users\gage1\.m2\repository\org\openjfx\javafx-media\20-ea+4\javafx-media-20-ea+4.jar;C:\Users\gage1\.m2\repository\org\openjfx\javafx-web\20-ea+4\javafx-web-20-ea+4-win.jar;C:\Users\gage1\.m2\repository\org\openjfx\javafx-web\20-ea+4\javafx-web-20-ea+4.jar --add-modules=javafx.base,javafx.controls,javafx.fxml,javafx.graphics,javafx.media,javafx.web 
java_command: com.freyja.Main
java_class_path (initial): C:\Users\gage1\Documents\GitHub\RepairSoftwareSuite\target\classes;C:\Users\gage1\.m2\repository\com\dlsc\formsfx\formsfx-core\11.5.0\formsfx-core-11.5.0.jar;C:\Users\gage1\.m2\repository\com\fasterxml\jackson\core\jackson-annotations\2.12.1\jackson-annotations-2.12.1.jar;C:\Users\gage1\.m2\repository\com\fasterxml\jackson\core\jackson-core\2.12.1\jackson-core-2.12.1.jar;C:\Users\gage1\.m2\repository\com\fasterxml\jackson\core\jackson-databind\2.12.1\jackson-databind-2.12.1.jar;C:\Users\gage1\.m2\repository\com\github\almasb\fxgl\17.2\fxgl-17.2.jar;C:\Users\gage1\.m2\repository\com\github\almasb\fxgl-core\17.2\fxgl-core-17.2.jar;C:\Users\gage1\.m2\repository\com\github\almasb\fxgl-entity\17.2\fxgl-entity-17.2.jar;C:\Users\gage1\.m2\repository\com\github\almasb\fxgl-gameplay\17.2\fxgl-gameplay-17.2.jar;C:\Users\gage1\.m2\repository\com\github\almasb\fxgl-io\17.2\fxgl-io-17.2.jar;C:\Users\gage1\.m2\repository\com\github\almasb\fxgl-scene\17.2\fxgl-scene-17.2.jar;C:\Users\gage1\.m2\repository\com\gluonhq\attach\audio\4.0.13\audio-4.0.13.jar;C:\Users\gage1\.m2\repository\com\gluonhq\attach\lifecycle\4.0.13\lifecycle-4.0.13.jar;C:\Users\gage1\.m2\repository\com\gluonhq\attach\storage\4.0.13\storage-4.0.13.jar;C:\Users\gage1\.m2\repository\com\gluonhq\attach\util\4.0.13\util-4.0.13.jar;C:\Users\gage1\.m2\repository\commons-io\commons-io\2.6\commons-io-2.6.jar;C:\Users\gage1\.m2\repository\eu\hansolo\tilesfx\17.1.15\tilesfx-17.1.15.jar;C:\Users\gage1\.m2\repository\eu\hansolo\toolbox\17.0.26\toolbox-17.0.26.jar;C:\Users\gage1\.m2\repository\eu\hansolo\toolboxfx\17.0.29\toolboxfx-17.0.29.jar;C:\Users\gage1\.m2\repository\eu\hansolo\fx\countries\17.0.23\countries-17.0.23.jar;C:\Users\gage1\.m2\repository\eu\hansolo\fx\heatmap\17.0.12\heatmap-17.0.12.jar;C:\Users\gage1\.m2\repository\net\synedra\validatorfx\0.4.0\validatorfx-0.4.0.jar;C:\Users\gage1\.m2\repository\org\controlsfx\controlsfx\11.1.2\controlsfx-11.1.2.jar;C:\Users\gage1\.m2\repository\org\jetbrains\annotations\13.0\annotations-13.0.jar;C:\Users\gage1\.m2\repository\org\jetbrains\kotlin\kotlin-stdlib\1.6.0\kotlin-stdlib-1.6.0-modular.jar;C:\Users\gage1\.m2\repository\org\jetbrains\kotlin\kotlin-stdlib-common\1.6.0\kotlin-stdlib-common-1.6.0.jar;C:\Users\gage1\.m2\repository\org\jsoup\jsoup\1.15.4\jsoup-1.15.4.jar;C:\Users\gage1\.m2\repository\org\kordamp\bootstrapfx\bootstrapfx-core\0.4.0\bootstrapfx-core-0.4.0.jar;C:\Users\gage1\.m2\repository\org\kordamp\ikonli\ikonli-core\12.3.1\ikonli-core-12.3.1.jar;C:\Users\gage1\.m2\repository\org\kordamp\ikonli\ikonli-javafx\12.3.1\ikonli-javafx-12.3.1.jar;C:\Users\gage1\.m2\repository\org\lwjgl\lwjgl\3.3.2\lwjgl-3.3.2.jar;C:\Users\gage1\.m2\repository\org\lwjgl\lwjgl-glfw\3.3.1\lwjgl-glfw-3.3.1.jar;C:\Users\gage1\.m2\repository\org\lwjgl\lwjgl-stb\3.3.0\lwjgl-stb-3.3.0.jar;C:\Users\gage1\.m2\repository\org\lwjgl\osgi\org.lwjgl.glfw\3.3.0\org.lwjgl.glfw-3.3.0.jar;C:\Users\gage1\.m2\repository\org\lwjgl\osgi\org.lwjgl.jawt\3.3.0\org.lwjgl.jawt-3.3.0.jar;C:\Users\gage1\.m2\repository\org\lwjgl\osgi\org.lwjgl.lwjgl\3.3.0\org.lwjgl.lwjgl-3.3.0.jar
Launcher Type: SUN_STANDARD

[Global flags]
     intx CICompilerCount                          = 4                                         {product} {ergonomic}
     uint ConcGCThreads                            = 3                                         {product} {ergonomic}
     uint G1ConcRefinementThreads                  = 10                                        {product} {ergonomic}
   size_t G1HeapRegionSize                         = 2097152                                   {product} {ergonomic}
    uintx GCDrainStackTargetSize                   = 64                                        {product} {ergonomic}
   size_t InitialHeapSize                          = 268435456                                 {product} {ergonomic}
   size_t MarkStackSize                            = 4194304                                   {product} {ergonomic}
   size_t MaxHeapSize                              = 4278190080                                {product} {ergonomic}
   size_t MaxNewSize                               = 2566914048                                {product} {ergonomic}
   size_t MinHeapDeltaBytes                        = 2097152                                   {product} {ergonomic}
   size_t MinHeapSize                              = 8388608                                   {product} {ergonomic}
    uintx NonNMethodCodeHeapSize                   = 5839372                                {pd product} {ergonomic}
    uintx NonProfiledCodeHeapSize                  = 122909434                              {pd product} {ergonomic}
    uintx ProfiledCodeHeapSize                     = 122909434                              {pd product} {ergonomic}
    uintx ReservedCodeCacheSize                    = 251658240                              {pd product} {ergonomic}
     bool SegmentedCodeCache                       = true                                      {product} {ergonomic}
   size_t SoftMaxHeapSize                          = 4278190080                             {manageable} {ergonomic}
     bool UseCompressedClassPointers               = true                           {product lp64_product} {ergonomic}
     bool UseCompressedOops                        = true                           {product lp64_product} {ergonomic}
     bool UseG1GC                                  = true                                      {product} {ergonomic}
     bool UseLargePagesIndividualAllocation        = false                                  {pd product} {ergonomic}

Logging:
Log output configuration:
 #0: stdout all=warning uptime,level,tags foldmultilines=false
 #1: stderr all=off uptime,level,tags foldmultilines=false

Environment Variables:
PATH=C:\Program Files\Common Files\Oracle\Java\javapath;C:\Python311\Scripts\;C:\Python311\;C:\Program Files\Eclipse Adoptium\jre-17.0.5.8-hotspot\bin;C:\Program Files\Eclipse Adoptium\jre-11.0.17.8-hotspot\bin;C:\WINDOWS\system32;C:\WINDOWS;C:\WINDOWS\System32\Wbem;C:\WINDOWS\System32\WindowsPowerShell\v1.0\;C:\WINDOWS\System32\OpenSSH\;C:\Program Files\dotnet\;C:\Program Files\nodejs\;C:\ProgramData\chocolatey\bin;;C:\Program Files\NVIDIA Corporation\NVIDIA NvDLISR;C:\Program Files (x86)\NVIDIA Corporation\PhysX\Common;C:\Users\gage1\.cargo\bin;C:\Users\gage1\AppData\Local\Programs\Python\Python38\Scripts\;C:\Users\gage1\AppData\Local\Programs\Python\Python38\;C:\Users\gage1\AppData\Local\Microsoft\WindowsApps;C:\Users\gage1\AppData\Local\GitHubDesktop\bin;C:\Users\gage1\AppData\Local\spicetify;C:\Users\gage1\AppData\Local\Programs\Microsoft VS Code\bin;C:\Program Files\JetBrains\CLion 2022.3.2\bin;C:\Users\gage1\AppData\Roaming\npm;C:\Program Files\JetBrains\IntelliJ IDEA Community Edition 2022.3.2\bin;C:\Users\gage1\AppData\Local\JetBrains\Toolbox\scripts;C:\Users\gage1\.dotnet\tools
USERNAME=gage1
OS=Windows_NT
PROCESSOR_IDENTIFIER=AMD64 Family 23 Model 113 Stepping 0, AuthenticAMD
TMP=C:\Users\gage1\AppData\Local\Temp
TEMP=C:\Users\gage1\AppData\Local\Temp




---------------  S Y S T E M  ---------------

OS:
 Windows 11 , 64 bit Build 22621 (10.0.22621.1635)
OS uptime: 19 days 11:11 hours
Hyper-V role detected

CPU: total 12 (initial active 12) (12 cores per cpu, 2 threads per core) family 23 model 113 stepping 0 microcode 0x0, cx8, cmov, fxsr, ht, mmx, 3dnowpref, sse, sse2, sse3, ssse3, sse4a, sse4.1, sse4.2, popcnt, lzcnt, tsc, tscinvbit, avx, avx2, aes, clmul, bmi1, bmi2, adx, sha, fma, vzeroupper, clflush, clflushopt, hv, rdtscp, rdpid, f16c

Memory: 4k page, system-wide physical 16314M (4963M free)
TotalPageFile size 28176M (AvailPageFile size 11050M)
current process WorkingSet (physical memory assigned to process): 183M, peak: 185M
current process commit charge ("private bytes"): 476M, peak: 478M

vm_info: Java HotSpot(TM) 64-Bit Server VM (20.0.1+9-29) for windows-amd64 JRE (20.0.1+9-29), built on 2023-03-07T13:56:11Z by "mach5one" with MS VC++ 17.1 (VS2022)

END.
