#
# A fatal error has been detected by the Java Runtime Environment:
#
#  EXCEPTION_ACCESS_VIOLATION (0xc0000005) at pc=0x00007ffdb7582dc7, pid=4072, tid=10784
#
# JRE version: Java(TM) SE Runtime Environment (20.0.1+9) (build 20.0.1+9-29)
# Java VM: Java HotSpot(TM) 64-Bit Server VM (20.0.1+9-29, mixed mode, sharing, tiered, compressed oops, compressed class ptrs, g1 gc, windows-amd64)
# Problematic frame:
# C  0x00007ffdb7582dc7
#
# No core dump will be written. Minidumps are not enabled by default on client versions of Windows
#
# If you would like to submit a bug report, please visit:
#   https://bugreport.java.com/bugreport/crash.jsp
# The crash happened outside the Java Virtual Machine in native code.
# See problematic frame for where to report the bug.
#

---------------  S U M M A R Y ------------

Command Line: --module-path=C:\Users\gage1\.m2\repository\org\openjfx\javafx-base\20-ea+4\javafx-base-20-ea+4-win.jar;C:\Users\gage1\.m2\repository\org\openjfx\javafx-base\20-ea+4\javafx-base-20-ea+4.jar;C:\Users\gage1\.m2\repository\org\openjfx\javafx-controls\20-ea+4\javafx-controls-20-ea+4-win.jar;C:\Users\gage1\.m2\repository\org\openjfx\javafx-controls\20-ea+4\javafx-controls-20-ea+4.jar;C:\Users\gage1\.m2\repository\org\openjfx\javafx-fxml\20-ea+4\javafx-fxml-20-ea+4-win.jar;C:\Users\gage1\.m2\repository\org\openjfx\javafx-fxml\20-ea+4\javafx-fxml-20-ea+4.jar;C:\Users\gage1\.m2\repository\org\openjfx\javafx-graphics\20-ea+4\javafx-graphics-20-ea+4-win.jar;C:\Users\gage1\.m2\repository\org\openjfx\javafx-graphics\20-ea+4\javafx-graphics-20-ea+4.jar;C:\Users\gage1\.m2\repository\org\openjfx\javafx-media\20-ea+4\javafx-media-20-ea+4-win.jar;C:\Users\gage1\.m2\repository\org\openjfx\javafx-media\20-ea+4\javafx-media-20-ea+4.jar;C:\Users\gage1\.m2\repository\org\openjfx\javafx-web\20-ea+4\javafx-web-20-ea+4-win.jar;C:\Users\gage1\.m2\repository\org\openjfx\javafx-web\20-ea+4\javafx-web-20-ea+4.jar --add-modules=javafx.base,javafx.controls,javafx.fxml,javafx.graphics,javafx.media,javafx.web com.freyja.Main

Host: AMD Ryzen 5 3600 6-Core Processor              , 12 cores, 15G,  Windows 11 , 64 bit Build 22621 (10.0.22621.1635)
Time: Tue Jun  6 22:59:42 2023 Central Daylight Time elapsed time: 12.262551 seconds (0d 0h 0m 12s)

---------------  T H R E A D  ---------------

Current thread (0x000001e7ecf125c0):  JavaThread "ForkJoinPool.commonPool-worker-1" daemon [_thread_in_native, id=10784, stack(0x0000004f08f70000,0x0000004f09070000)]

Stack: [0x0000004f08f70000,0x0000004f09070000],  sp=0x0000004f0906eeb8,  free space=1019k
Native frames: (J=compiled Java code, j=interpreted, Vv=VM code, C=native code)
C  0x00007ffdb7582dc7

Java frames: (J=compiled Java code, j=interpreted, Vv=VM code)
J 2750  org.lwjgl.system.JNI.invokePI(IJJ)I (0 bytes) @ 0x000001e7d757c801 [0x000001e7d757c7a0+0x0000000000000061]
J 2753 c2 org.lwjgl.glfw.GLFW.glfwGetGamepadState(ILorg/lwjgl/glfw/GLFWGamepadState;)Z (17 bytes) @ 0x000001e7d757cfb0 [0x000001e7d757cf80+0x0000000000000030]
j  com.freyja.helpers.GamepadLogger.lambda$start$0(JLorg/lwjgl/glfw/GLFWGamepadState;)V+13
j  com.freyja.helpers.GamepadLogger$$Lambda$523+0x0000000801276220.run()V+8
j  java.util.concurrent.CompletableFuture$AsyncRun.run()V+36 java.base@20.0.1
j  java.util.concurrent.CompletableFuture$AsyncRun.exec()Z+1 java.base@20.0.1
j  java.util.concurrent.ForkJoinTask.doExec()I+10 java.base@20.0.1
j  java.util.concurrent.ForkJoinPool$WorkQueue.topLevelExec(Ljava/util/concurrent/ForkJoinTask;Ljava/util/concurrent/ForkJoinPool$WorkQueue;)V+19 java.base@20.0.1
j  java.util.concurrent.ForkJoinPool.scan(Ljava/util/concurrent/ForkJoinPool$WorkQueue;II)I+211 java.base@20.0.1
j  java.util.concurrent.ForkJoinPool.runWorker(Ljava/util/concurrent/ForkJoinPool$WorkQueue;)V+35 java.base@20.0.1
j  java.util.concurrent.ForkJoinWorkerThread.run()V+31 java.base@20.0.1
v  ~StubRoutines::call_stub 0x000001e7d6ee100d

siginfo: EXCEPTION_ACCESS_VIOLATION (0xc0000005), writing address 0x0000000000000000


Registers:
RAX=0x0000000000000000, RBX=0x00007ffdb75d7018, RCX=0x00007ffdb75d7018, RDX=0x0000000000000000
RSP=0x0000004f0906eeb8, RBP=0x0000004f0906ef69, RSI=0x0000000000000003, RDI=0x0000000000000003
R8 =0x0000000002ff045e, R9 =0x00000000000002ff, R10=0x000000000000045e, R11=0x00007ffde07ec650
R12=0x0000000000000000, R13=0x0000004f0906f0c8, R14=0x00007ffdb75d6990, R15=0x000001e7ecf125c0
RIP=0x00007ffdb7582dc7, EFLAGS=0x0000000000010246


Register to memory mapping:

RIP=0x00007ffdb7582dc7 points into unknown readable memory: f3
RAX=0x0 is NULL
RBX=0x00007ffdb75d7018 points into unknown readable memory: 0x0000000000000000 | 00 00 00 00 00 00 00 00
RCX=0x00007ffdb75d7018 points into unknown readable memory: 0x0000000000000000 | 00 00 00 00 00 00 00 00
RDX=0x0 is NULL
RSP=0x0000004f0906eeb8 is pointing into the stack for thread: 0x000001e7ecf125c0
RBP=0x0000004f0906ef69 is pointing into the stack for thread: 0x000001e7ecf125c0
RSI=0x0000000000000003 is an unknown value
RDI=0x0000000000000003 is an unknown value
R8 =0x0000000002ff045e is an unknown value
R9 =0x00000000000002ff is an unknown value
R10=0x000000000000045e is an unknown value
R11=0x00007ffde07ec650 points into unknown readable memory: 0x0000000002ff045e | 5e 04 ff 02 00 00 00 00
R12=0x0 is NULL
R13=0x0000004f0906f0c8 is pointing into the stack for thread: 0x000001e7ecf125c0
R14=0x00007ffdb75d6990 points into unknown readable memory: 0x0000000000000000 | 00 00 00 00 00 00 00 00
R15=0x000001e7ecf125c0 is a thread


Top of Stack: (sp=0x0000004f0906eeb8)
0x0000004f0906eeb8:   00007ffdb758cde8 00007ffdb75d7018
0x0000004f0906eec8:   000001e7ecf125c0 000001e7eba230c0
0x0000004f0906eed8:   0000004f0906eee0 0000000000000001
0x0000004f0906eee8:   0000000000000000 0000000000000000
0x0000004f0906eef8:   00007ffdb2a63534 0000000000000000
0x0000004f0906ef08:   000001e7ecf125c0 000001e7ecf125c0
0x0000004f0906ef18:   0000004f0906f140 0000000000000016
0x0000004f0906ef28:   00007ffdb2a49a15 000001e7ecf125c0
0x0000004f0906ef38:   0000000000000000 8000400020001000
0x0000004f0906ef48:   0010002002000100 0000004f00800040
0x0000004f0906ef58:   0000000000000000 000001e7ecf125c0
0x0000004f0906ef68:   0000524275933091 0000000000000000
0x0000004f0906ef78:   0000000000000000 0000000000000000
0x0000004f0906ef88:   0000000000000000 0000000000000000
0x0000004f0906ef98:   0000000000000000 000001e7ecf125c0
0x0000004f0906efa8:   00007ffdb75d6990 0000004f0906f0c8
0x0000004f0906efb8:   0000000000000000 0000004f0906f090
0x0000004f0906efc8:   00007ffdb7583498 00007ffdb7583ea0
0x0000004f0906efd8:   0000000000000000 000001e7ecfe5600
0x0000004f0906efe8:   0000000000000003 0000000000000000
0x0000004f0906eff8:   0000000000000000 0000000000000000
0x0000004f0906f008:   0000000710a690f0 0000000000000110
0x0000004f0906f018:   000001e7d757c89c 0000004f0906f120
0x0000004f0906f028:   00000000000010f8 0000004f0906f078
0x0000004f0906f038:   000001e7e8157498 00007ffdb75833e0
0x0000004f0906f048:   0000000000000168 0000004f0906f090
0x0000004f0906f058:   000001e7e8157498 000001e7e82114d8
0x0000004f0906f068:   0000000000000002 000001e7e8145948
0x0000004f0906f078:   0000000710a690f0 000001e7e8145948
0x0000004f0906f088:   0000000000000202 0000004f0906f120
0x0000004f0906f098:   000001e7d757cfb0 0000000000000f15
0x0000004f0906f0a8:   000001e7d6f079b4 0000004f0906f120 

Instructions: (pc=0x00007ffdb7582dc7)
0x00007ffdb7582cc7:   c8 8b fa 48 8b d9 83 f8 5e 76 08 81 fa a0 00 00
0x00007ffdb7582cd7:   00 72 34 48 8b 81 48 03 00 00 48 85 c0 74 11 41
0x00007ffdb7582ce7:   83 e0 cf 83 b9 80 00 00 00 00 45 0f 45 c1 ff d0
0x00007ffdb7582cf7:   85 f6 74 13 48 8b 83 40 03 00 00 48 85 c0 74 07
0x00007ffdb7582d07:   8b d7 48 8b cb ff d0 48 8b 5c 24 30 48 8b 74 24
0x00007ffdb7582d17:   38 48 83 c4 20 5f c3 cc cc 48 8b 81 28 03 00 00
0x00007ffdb7582d27:   48 85 c0 74 03 48 ff e0 c3 f2 0f 10 81 f0 01 00
0x00007ffdb7582d37:   00 66 0f 2e c1 7a 12 75 10 f2 0f 10 81 f8 01 00
0x00007ffdb7582d47:   00 66 0f 2e c2 7a 02 74 1f 48 8b 81 20 03 00 00
0x00007ffdb7582d57:   f2 0f 11 89 f0 01 00 00 f2 0f 11 91 f8 01 00 00
0x00007ffdb7582d67:   48 85 c0 74 03 48 ff e0 c3 48 8b 81 50 03 00 00
0x00007ffdb7582d77:   48 85 c0 74 03 48 ff e0 c3 4c 8b 05 71 56 05 00
0x00007ffdb7582d87:   44 8b ca 4d 85 c0 74 2e 48 8d 05 82 42 05 00 48
0x00007ffdb7582d97:   2b c8 48 b8 39 8e e3 38 8e e3 38 0e 48 f7 e9 48
0x00007ffdb7582da7:   8b ca 41 8b d1 48 c1 f9 04 48 8b c1 48 c1 e8 3f
0x00007ffdb7582db7:   48 03 c8 49 ff e0 c3 cc cc 48 8b 41 08 48 63 d2
0x00007ffdb7582dc7:   f3 0f 11 14 90 c3 cc cc cc 48 8b 41 18 48 63 d2
0x00007ffdb7582dd7:   44 88 04 02 c3 cc cc cc cc 48 89 5c 24 08 8b 41
0x00007ffdb7582de7:   20 48 8b d9 45 0f be d0 44 8d 0c 90 48 8b 41 18
0x00007ffdb7582df7:   4d 63 d9 45 0f b6 c8 41 80 e1 01 45 88 0c 03 45
0x00007ffdb7582e07:   8b ca 48 8b 41 18 41 8b ca c1 e9 02 80 e1 01 41
0x00007ffdb7582e17:   d1 e9 41 80 e1 01 41 c1 ea 03 46 88 4c 18 01 41
0x00007ffdb7582e27:   80 e2 01 48 8b 43 18 42 88 4c 18 02 48 8b 43 18
0x00007ffdb7582e37:   48 63 ca 46 88 54 18 03 48 8b 43 28 48 8b 5c 24
0x00007ffdb7582e47:   08 44 88 04 01 c3 cc cc cc 4c 8b d1 81 fa 5c 01
0x00007ffdb7582e57:   00 00 77 4b 33 c9 48 63 c2 45 85 c9 75 1b 42 38
0x00007ffdb7582e67:   8c 10 90 00 00 00 74 61 41 39 4a 78 74 1e 41 c6
0x00007ffdb7582e77:   84 02 90 00 00 00 03 eb 26 41 83 f9 01 75 0d 46
0x00007ffdb7582e87:   38 8c 10 90 00 00 00 75 03 41 8b c9 46 88 8c 10
0x00007ffdb7582e97:   90 00 00 00 85 c9 b8 02 00 00 00 44 0f 45 c8 4d
0x00007ffdb7582ea7:   8b 9a 38 03 00 00 4d 85 db 74 1e 8b 4c 24 28 83
0x00007ffdb7582eb7:   e1 cf 41 83 ba 80 00 00 00 00 0f 45 4c 24 28 89 


Stack slot to memory mapping:
stack at sp + 0 slots: 0x00007ffdb758cde8 points into unknown readable memory: 0x000001ba8145bf0f | 0f bf 45 81 ba 01 00 00
stack at sp + 1 slots: 0x00007ffdb75d7018 points into unknown readable memory: 0x0000000000000000 | 00 00 00 00 00 00 00 00
stack at sp + 2 slots: 0x000001e7ecf125c0 is a thread
stack at sp + 3 slots: 0x000001e7eba230c0 points into unknown readable memory: 0x0000000000000001 | 01 00 00 00 00 00 00 00
stack at sp + 4 slots: 0x0000004f0906eee0 is pointing into the stack for thread: 0x000001e7ecf125c0
stack at sp + 5 slots: 0x0000000000000001 is an unknown value
stack at sp + 6 slots: 0x0 is NULL
stack at sp + 7 slots: 0x0 is NULL


Compiled method (n/a)   12383 2750     n 0       org.lwjgl.system.JNI::invokePI (native)
 total in heap  [0x000001e7d757c610,0x000001e7d757c9e0] = 976
 relocation     [0x000001e7d757c758,0x000001e7d757c790] = 56
 main code      [0x000001e7d757c7a0,0x000001e7d757c9d8] = 568
 oops           [0x000001e7d757c9d8,0x000001e7d757c9e0] = 8

[Constant Pool (empty)]

[MachCode]
[Entry Point]
  # {method} {0x000001e7e82114e0} 'invokePI' '(IJJ)I' in 'org/lwjgl/system/JNI'
  # parm0:    rdx       = int
  # parm1:    r8:r8     = long
  # parm2:    r9:r9     = long
  #           [sp+0x80]  (sp of caller)
  0x000001e7d757c7a0: 448b 5208 | 49bb 0000 | 0000 0800 | 0000 4d03 | d349 3bc2 | 0f84 0600 

  0x000001e7d757c7b8: ;   {runtime_call ic_miss_stub}
  0x000001e7d757c7b8: 0000 e941 | 769c ff90 
[Verified Entry Point]
  0x000001e7d757c7c0: 8984 2400 | 80ff ff55 | 488b ec48 | 83ec 7090 | 4181 7f20 | 0100 0000 

  0x000001e7d757c7d8: ;   {runtime_call StubRoutines (2)}
  0x000001e7d757c7d8: 7405 e801 | bf9a ff4c | 894c 2420 | 4d8b c84c 

  0x000001e7d757c7e8: ;   {oop(a 'java/lang/Class'{0x0000000710a690f0} = 'org/lwjgl/system/JNI')}
  0x000001e7d757c7e8: 8bc2 49be | f090 a610 | 0700 0000 | 4c89 7424 | 584c 8d74 | 2458 498b | d6c5 f877 

  0x000001e7d757c804: ;   {internal_word}
  0x000001e7d757c804: 49ba 01c8 | 57d7 e701 | 0000 4d89 | 97c8 0200 | 0049 89a7 | c002 0000 

  0x000001e7d757c81c: ;   {external_word}
  0x000001e7d757c81c: 49ba e109 | 22b3 fd7f | 0000 4180 | 3a00 0f84 | 4e00 0000 | 5241 5041 

  0x000001e7d757c834: ;   {metadata({method} {0x000001e7e82114e0} 'invokePI' '(IJJ)I' in 'org/lwjgl/system/JNI')}
  0x000001e7d757c834: 5148 bad8 | 1421 e8e7 | 0100 0049 | 8bcf 4883 | ec20 40f6 | c40f 0f84 | 1900 0000 | 4883 ec08 
  0x000001e7d757c854: ;   {runtime_call}
  0x000001e7d757c854: 48b8 a006 | d9b2 fd7f | 0000 ffd0 | 4883 c408 | e90c 0000 

  0x000001e7d757c868: ;   {runtime_call}
  0x000001e7d757c868: 0048 b8a0 | 06d9 b2fd | 7f00 00ff | d048 83c4 | 2041 5941 | 585a 498d | 8fe0 0200 | 0041 c787 
  0x000001e7d757c888: 7403 0000 | 0400 0000 

  0x000001e7d757c890: ;   {runtime_call}
  0x000001e7d757c890: 48b8 a014 | d2b7 fd7f | 0000 ffd0 | c5f8 7741 | c787 7403 | 0000 0500 | 0000 f083 | 4424 c000 
  0x000001e7d757c8b0: 493b af78 | 0300 000f | 870e 0000 | 0041 83bf | 7003 0000 | 000f 842b | 0000 00c5 | f877 4889 
  0x000001e7d757c8d0: 45f8 498b | cf4c 8be4 | 4883 ec20 | 4883 e4f0 

  0x000001e7d757c8e0: ;   {runtime_call}
  0x000001e7d757c8e0: 48b8 60fc | a5b2 fd7f | 0000 ffd0 | 498b e44d | 33e4 488b | 45f8 41c7 | 8774 0300 | 0008 0000 
  0x000001e7d757c900: 0041 83bf | f003 0000 | 020f 849c 

  0x000001e7d757c90c: ;   {external_word}
  0x000001e7d757c90c: 0000 0049 | bae1 0922 | b3fd 7f00 | 0041 803a | 000f 844c | 0000 0048 

  0x000001e7d757c924: ;   {metadata({method} {0x000001e7e82114e0} 'invokePI' '(IJJ)I' in 'org/lwjgl/system/JNI')}
  0x000001e7d757c924: 8945 f848 | bad8 1421 | e8e7 0100 | 0049 8bcf | 4883 ec20 | 40f6 c40f | 0f84 1900 | 0000 4883 
  0x000001e7d757c944: ;   {runtime_call}
  0x000001e7d757c944: ec08 48b8 | a006 d9b2 | fd7f 0000 | ffd0 4883 | c408 e90c 

  0x000001e7d757c958: ;   {runtime_call}
  0x000001e7d757c958: 0000 0048 | b8a0 06d9 | b2fd 7f00 | 00ff d048 | 83c4 2048 | 8b45 f849 | c787 c002 | 0000 0000 
  0x000001e7d757c978: 0000 49c7 | 87c8 0200 | 0000 0000 | 00c5 f877 | 498b 8f50 | 0300 00c7 | 8100 0100 | 0000 0000 
  0x000001e7d757c998: 00c9 4983 | 7f08 000f | 8501 0000 

  0x000001e7d757c9a4: ;   {runtime_call StubRoutines (1)}
  0x000001e7d757c9a4: 00c3 e955 | 4596 ffc5 | f877 4889 | 45f8 4c8b | e448 83ec | 2048 83e4 

  0x000001e7d757c9bc: ;   {runtime_call}
  0x000001e7d757c9bc: f048 b840 | 3dd9 b2fd | 7f00 00ff | d049 8be4 | 4d33 e448 | 8b45 f8e9 | 37ff ffff 
[/MachCode]


Compiled method (c2)   12391 2753       4       org.lwjgl.glfw.GLFW::glfwGetGamepadState (17 bytes)
 total in heap  [0x000001e7d757ce10,0x000001e7d757d0f0] = 736
 relocation     [0x000001e7d757cf58,0x000001e7d757cf78] = 32
 main code      [0x000001e7d757cf80,0x000001e7d757d008] = 136
 stub code      [0x000001e7d757d008,0x000001e7d757d030] = 40
 oops           [0x000001e7d757d030,0x000001e7d757d038] = 8
 metadata       [0x000001e7d757d038,0x000001e7d757d058] = 32
 scopes data    [0x000001e7d757d058,0x000001e7d757d080] = 40
 scopes pcs     [0x000001e7d757d080,0x000001e7d757d0c0] = 64
 dependencies   [0x000001e7d757d0c0,0x000001e7d757d0c8] = 8
 handler table  [0x000001e7d757d0c8,0x000001e7d757d0e0] = 24
 nul chk table  [0x000001e7d757d0e0,0x000001e7d757d0f0] = 16

[Constant Pool (empty)]

[MachCode]
[Verified Entry Point]
  # {method} {0x000001e7e81574a0} 'glfwGetGamepadState' '(ILorg/lwjgl/glfw/GLFWGamepadState;)Z' in 'org/lwjgl/glfw/GLFW'
  # parm0:    rdx       = int
  # parm1:    r8:r8     = 'org/lwjgl/glfw/GLFWGamepadState'
  #           [sp+0x20]  (sp of caller)
  0x000001e7d757cf80: 8984 2400 | 80ff ff55 | 4883 ec10 | 4181 7f20 | 0100 0000 | 0f85 6000 | 0000 4d8b | 4010 49b9 
  0x000001e7d757cfa0: e033 58b7 | fd7f 0000 

  0x000001e7d757cfa8: ;   {static_call}
  0x000001e7d757cfa8: 6666 90e8 

  0x000001e7d757cfac: ; ImmutableOopMap {}
                      ;*invokestatic invokePI {reexecute=0 rethrow=0 return_oop=0}
                      ; - org.lwjgl.glfw.GLFW::nglfwGetGamepadState@7 (line 4636)
                      ; - org.lwjgl.glfw.GLFW::glfwGetGamepadState@5 (line 4661)
  0x000001e7d757cfac: 10f8 ffff | 85c0 0f95 | c00f b6c0 | 4883 c410 

  0x000001e7d757cfbc: ;   {poll_return}
  0x000001e7d757cfbc: 5d49 3ba7 | 7803 0000 | 0f87 1a00 | 0000 c348 | 8bd0 4883 

  0x000001e7d757cfd0: ;   {runtime_call _rethrow_Java}
  0x000001e7d757cfd0: c410 5de9 | 281d a9ff | baf6 ffff 

  0x000001e7d757cfdc: ;   {runtime_call UncommonTrapBlob}
  0x000001e7d757cfdc: ff66 90e8 

  0x000001e7d757cfe0: ; ImmutableOopMap {}
                      ;*invokevirtual address {reexecute=0 rethrow=0 return_oop=0}
                      ; - org.lwjgl.glfw.GLFW::glfwGetGamepadState@2 (line 4661)
  0x000001e7d757cfe0: 9ccc 9cff 

  0x000001e7d757cfe4: ;   {internal_word}
  0x000001e7d757cfe4: 49ba bdcf | 57d7 e701 | 0000 4d89 | 9790 0300 

  0x000001e7d757cff4: ;   {runtime_call SafepointBlob}
  0x000001e7d757cff4: 00e9 86dd 

  0x000001e7d757cff8: ;   {runtime_call StubRoutines (2)}
  0x000001e7d757cff8: 9cff e8e1 | b69a ffe9 | 96ff ffff | f4f4 f4f4 
[Exception Handler]
  0x000001e7d757d008: ;   {no_reloc}
  0x000001e7d757d008: e9f3 37a8 | ffe8 0000 | 0000 4883 

  0x000001e7d757d014: ;   {runtime_call DeoptimizationBlob}
  0x000001e7d757d014: 2c24 05e9 | 04d0 9cff 

  0x000001e7d757d01c: ;   {static_stub}
  0x000001e7d757d01c: 48bb 0000 | 0000 0000 

  0x000001e7d757d024: ;   {runtime_call}
  0x000001e7d757d024: 0000 e9fb | ffff fff4 | f4f4 f4f4 
[/MachCode]


---------------  P R O C E S S  ---------------

Threads class SMR info:
_java_thread_list=0x000001e7ed61ed00, length=20, elements={
0x000001e7c78fe110, 0x000001e7e733fed0, 0x000001e7e7340910, 0x000001e7e7344ba0,
0x000001e7e7349940, 0x000001e7e734a280, 0x000001e7e734abc0, 0x000001e7e734bc10,
0x000001e7e7350a80, 0x000001e7e730ac30, 0x000001e7eb99eab0, 0x000001e7ebe8a3e0,
0x000001e7ec035020, 0x000001e7ec036120, 0x000001e7ec990f90, 0x000001e7ec9a23a0,
0x000001e7ecf145a0, 0x000001e7ecf11080, 0x000001e7ecf125c0, 0x000001e7ed41e560
}

Java Threads: ( => current thread )
  0x000001e7c78fe110 JavaThread "main" [_thread_blocked, id=16040, stack(0x0000004f06600000,0x0000004f06700000)]
  0x000001e7e733fed0 JavaThread "Reference Handler" daemon [_thread_blocked, id=12520, stack(0x0000004f06d00000,0x0000004f06e00000)]
  0x000001e7e7340910 JavaThread "Finalizer" daemon [_thread_blocked, id=4448, stack(0x0000004f06e00000,0x0000004f06f00000)]
  0x000001e7e7344ba0 JavaThread "Signal Dispatcher" daemon [_thread_blocked, id=5808, stack(0x0000004f06f00000,0x0000004f07000000)]
  0x000001e7e7349940 JavaThread "Attach Listener" daemon [_thread_blocked, id=12608, stack(0x0000004f07000000,0x0000004f07100000)]
  0x000001e7e734a280 JavaThread "Service Thread" daemon [_thread_blocked, id=22160, stack(0x0000004f07100000,0x0000004f07200000)]
  0x000001e7e734abc0 JavaThread "Monitor Deflation Thread" daemon [_thread_blocked, id=23332, stack(0x0000004f07200000,0x0000004f07300000)]
  0x000001e7e734bc10 JavaThread "C2 CompilerThread0" daemon [_thread_blocked, id=13652, stack(0x0000004f07300000,0x0000004f07400000)]
  0x000001e7e7350a80 JavaThread "C1 CompilerThread0" daemon [_thread_blocked, id=22112, stack(0x0000004f07400000,0x0000004f07500000)]
  0x000001e7e730ac30 JavaThread "Common-Cleaner" daemon [_thread_blocked, id=24608, stack(0x0000004f07500000,0x0000004f07600000)]
  0x000001e7eb99eab0 JavaThread "Notification Thread" daemon [_thread_blocked, id=21040, stack(0x0000004f07800000,0x0000004f07900000)]
  0x000001e7ebe8a3e0 JavaThread "QuantumRenderer-0" daemon [_thread_blocked, id=11956, stack(0x0000004f07a00000,0x0000004f07b00000)]
  0x000001e7ec035020 JavaThread "InvokeLaterDispatcher" daemon [_thread_blocked, id=18096, stack(0x0000004f07c00000,0x0000004f07d00000)]
  0x000001e7ec036120 JavaThread "JavaFX Application Thread" [_thread_in_native, id=17928, stack(0x0000004f07d00000,0x0000004f07e00000)]
  0x000001e7ec990f90 JavaThread "JavaFX-Launcher" [_thread_blocked, id=8136, stack(0x0000004f07700000,0x0000004f07800000)]
  0x000001e7ec9a23a0 JavaThread "Thread-2" daemon [_thread_in_native, id=23556, stack(0x0000004f07600000,0x0000004f07700000)]
  0x000001e7ecf145a0 JavaThread "Prism Font Disposer" daemon [_thread_blocked, id=10632, stack(0x0000004f08960000,0x0000004f08a60000)]
  0x000001e7ecf11080 JavaThread "Cleaner-0" daemon [_thread_blocked, id=20928, stack(0x0000004f08a60000,0x0000004f08b60000)]
=>0x000001e7ecf125c0 JavaThread "ForkJoinPool.commonPool-worker-1" daemon [_thread_in_native, id=10784, stack(0x0000004f08f70000,0x0000004f09070000)]
  0x000001e7ed41e560 JavaThread "C2 CompilerThread1" daemon [_thread_in_native, id=15744, stack(0x0000004f09470000,0x0000004f09570000)]

Other Threads:
  0x000001e7e7321af0 VMThread "VM Thread" [stack: 0x0000004f06c00000,0x0000004f06d00000] [id=11800]
  0x000001e7ebc8b8e0 WatcherThread "VM Periodic Task Thread" [stack: 0x0000004f07900000,0x0000004f07a00000] [id=20548]
  0x000001e7c7970340 WorkerThread "GC Thread#0" [stack: 0x0000004f06700000,0x0000004f06800000] [id=22184]
  0x000001e7ec883600 WorkerThread "GC Thread#1" [stack: 0x0000004f07f60000,0x0000004f08060000] [id=12580]
  0x000001e7ec8854f0 WorkerThread "GC Thread#2" [stack: 0x0000004f08060000,0x0000004f08160000] [id=19780]
  0x000001e7ec883e70 WorkerThread "GC Thread#3" [stack: 0x0000004f08160000,0x0000004f08260000] [id=5700]
  0x000001e7ec886300 WorkerThread "GC Thread#4" [stack: 0x0000004f08260000,0x0000004f08360000] [id=21124]
  0x000001e7ec884140 WorkerThread "GC Thread#5" [stack: 0x0000004f08360000,0x0000004f08460000] [id=23244]
  0x000001e7ecdac220 WorkerThread "GC Thread#6" [stack: 0x0000004f08b70000,0x0000004f08c70000] [id=18364]
  0x000001e7ecdad5d0 WorkerThread "GC Thread#7" [stack: 0x0000004f08c70000,0x0000004f08d70000] [id=17644]
  0x000001e7ecdad8a0 WorkerThread "GC Thread#8" [stack: 0x0000004f08d70000,0x0000004f08e70000] [id=17628]
  0x000001e7ecdadb70 WorkerThread "GC Thread#9" [stack: 0x0000004f08e70000,0x0000004f08f70000] [id=12324]
  0x000001e7c79811d0 ConcurrentGCThread "G1 Main Marker" [stack: 0x0000004f06800000,0x0000004f06900000] [id=7668]
  0x000001e7c7981f00 WorkerThread "G1 Conc#0" [stack: 0x0000004f06900000,0x0000004f06a00000] [id=14980]
  0x000001e7c79be850 ConcurrentGCThread "G1 Refine#0" [stack: 0x0000004f06a00000,0x0000004f06b00000] [id=14332]
  0x000001e7e71cf4f0 ConcurrentGCThread "G1 Service" [stack: 0x0000004f06b00000,0x0000004f06c00000] [id=10396]

Threads with active compile tasks:
C2 CompilerThread1    12396 2873       4       javafx.css.CompoundSelector::applies (144 bytes)

VM state: not at safepoint (normal execution)

VM Mutex/Monitor currently owned by a thread: None

Heap address: 0x0000000701000000, size: 4080 MB, Compressed Oops mode: Zero based, Oop shift amount: 3

CDS archive(s) mapped at: [0x0000000800000000-0x0000000800c60000-0x0000000800c60000), size 12976128, SharedBaseAddress: 0x0000000800000000, ArchiveRelocationMode: 0.
Compressed class space mapped at: 0x0000000801000000-0x0000000841000000, reserved size: 1073741824
Narrow klass base: 0x0000000800000000, Narrow klass shift: 0, Narrow klass range: 0x100000000

GC Precious Log:
 CardTable entry size: 512
 Card Set container configuration: InlinePtr #cards 4 size 8 Array Of Cards #cards 16 size 48 Howl #buckets 8 coarsen threshold 3686 Howl Bitmap #cards 512 size 80 coarsen threshold 460 Card regions per heap region 1 cards per card region 4096
 CPUs: 12 total, 12 available
 Memory: 16314M
 Large Page Support: Disabled
 NUMA Support: Disabled
 Compressed Oops: Enabled (Zero based)
 Heap Region Size: 2M
 Heap Min Capacity: 8M
 Heap Initial Capacity: 256M
 Heap Max Capacity: 4080M
 Pre-touch: Disabled
 Parallel Workers: 10
 Concurrent Workers: 3
 Concurrent Refinement Workers: 10
 Periodic GC: Disabled

Heap:
 garbage-first heap   total 262144K, used 16432K [0x0000000701000000, 0x0000000800000000)
  region size 2048K, 8 young (16384K), 3 survivors (6144K)
 Metaspace       used 17327K, committed 17664K, reserved 1114112K
  class space    used 2402K, committed 2560K, reserved 1048576K

Heap Regions: E=young(eden), S=young(survivor), O=old, HS=humongous(starts), HC=humongous(continues), CS=collection set, F=free, OA=open archive, CA=closed archive, TAMS=top-at-mark-start, PB=parsable bottom
|   0|0x0000000701000000, 0x0000000701200000, 0x0000000701200000|100%|HS|  |TAMS 0x0000000701000000| PB 0x0000000701000000| Complete 
|   1|0x0000000701200000, 0x0000000701400000, 0x0000000701400000|100%| O|  |TAMS 0x0000000701200000| PB 0x0000000701200000| Untracked 
|   2|0x0000000701400000, 0x000000070140c200, 0x0000000701600000|  2%| O|  |TAMS 0x0000000701400000| PB 0x0000000701400000| Untracked 
|   3|0x0000000701600000, 0x0000000701600000, 0x0000000701800000|  0%| F|  |TAMS 0x0000000701600000| PB 0x0000000701600000| Untracked 
|   4|0x0000000701800000, 0x0000000701800000, 0x0000000701a00000|  0%| F|  |TAMS 0x0000000701800000| PB 0x0000000701800000| Untracked 
|   5|0x0000000701a00000, 0x0000000701a00000, 0x0000000701c00000|  0%| F|  |TAMS 0x0000000701a00000| PB 0x0000000701a00000| Untracked 
|   6|0x0000000701c00000, 0x0000000701c00000, 0x0000000701e00000|  0%| F|  |TAMS 0x0000000701c00000| PB 0x0000000701c00000| Untracked 
|   7|0x0000000701e00000, 0x0000000701e00000, 0x0000000702000000|  0%| F|  |TAMS 0x0000000701e00000| PB 0x0000000701e00000| Untracked 
|   8|0x0000000702000000, 0x0000000702000000, 0x0000000702200000|  0%| F|  |TAMS 0x0000000702000000| PB 0x0000000702000000| Untracked 
|   9|0x0000000702200000, 0x0000000702200000, 0x0000000702400000|  0%| F|  |TAMS 0x0000000702200000| PB 0x0000000702200000| Untracked 
|  10|0x0000000702400000, 0x0000000702400000, 0x0000000702600000|  0%| F|  |TAMS 0x0000000702400000| PB 0x0000000702400000| Untracked 
|  11|0x0000000702600000, 0x0000000702600000, 0x0000000702800000|  0%| F|  |TAMS 0x0000000702600000| PB 0x0000000702600000| Untracked 
|  12|0x0000000702800000, 0x0000000702800000, 0x0000000702a00000|  0%| F|  |TAMS 0x0000000702800000| PB 0x0000000702800000| Untracked 
|  13|0x0000000702a00000, 0x0000000702a00000, 0x0000000702c00000|  0%| F|  |TAMS 0x0000000702a00000| PB 0x0000000702a00000| Untracked 
|  14|0x0000000702c00000, 0x0000000702c00000, 0x0000000702e00000|  0%| F|  |TAMS 0x0000000702c00000| PB 0x0000000702c00000| Untracked 
|  15|0x0000000702e00000, 0x0000000702e00000, 0x0000000703000000|  0%| F|  |TAMS 0x0000000702e00000| PB 0x0000000702e00000| Untracked 
|  16|0x0000000703000000, 0x0000000703000000, 0x0000000703200000|  0%| F|  |TAMS 0x0000000703000000| PB 0x0000000703000000| Untracked 
|  17|0x0000000703200000, 0x0000000703200000, 0x0000000703400000|  0%| F|  |TAMS 0x0000000703200000| PB 0x0000000703200000| Untracked 
|  18|0x0000000703400000, 0x0000000703400000, 0x0000000703600000|  0%| F|  |TAMS 0x0000000703400000| PB 0x0000000703400000| Untracked 
|  19|0x0000000703600000, 0x0000000703600000, 0x0000000703800000|  0%| F|  |TAMS 0x0000000703600000| PB 0x0000000703600000| Untracked 
|  20|0x0000000703800000, 0x0000000703800000, 0x0000000703a00000|  0%| F|  |TAMS 0x0000000703800000| PB 0x0000000703800000| Untracked 
|  21|0x0000000703a00000, 0x0000000703a00000, 0x0000000703c00000|  0%| F|  |TAMS 0x0000000703a00000| PB 0x0000000703a00000| Untracked 
|  22|0x0000000703c00000, 0x0000000703c00000, 0x0000000703e00000|  0%| F|  |TAMS 0x0000000703c00000| PB 0x0000000703c00000| Untracked 
|  23|0x0000000703e00000, 0x0000000703e00000, 0x0000000704000000|  0%| F|  |TAMS 0x0000000703e00000| PB 0x0000000703e00000| Untracked 
|  24|0x0000000704000000, 0x0000000704000000, 0x0000000704200000|  0%| F|  |TAMS 0x0000000704000000| PB 0x0000000704000000| Untracked 
|  25|0x0000000704200000, 0x0000000704200000, 0x0000000704400000|  0%| F|  |TAMS 0x0000000704200000| PB 0x0000000704200000| Untracked 
|  26|0x0000000704400000, 0x0000000704400000, 0x0000000704600000|  0%| F|  |TAMS 0x0000000704400000| PB 0x0000000704400000| Untracked 
|  27|0x0000000704600000, 0x0000000704600000, 0x0000000704800000|  0%| F|  |TAMS 0x0000000704600000| PB 0x0000000704600000| Untracked 
|  28|0x0000000704800000, 0x0000000704800000, 0x0000000704a00000|  0%| F|  |TAMS 0x0000000704800000| PB 0x0000000704800000| Untracked 
|  29|0x0000000704a00000, 0x0000000704a00000, 0x0000000704c00000|  0%| F|  |TAMS 0x0000000704a00000| PB 0x0000000704a00000| Untracked 
|  30|0x0000000704c00000, 0x0000000704c00000, 0x0000000704e00000|  0%| F|  |TAMS 0x0000000704c00000| PB 0x0000000704c00000| Untracked 
|  31|0x0000000704e00000, 0x0000000704e00000, 0x0000000705000000|  0%| F|  |TAMS 0x0000000704e00000| PB 0x0000000704e00000| Untracked 
|  32|0x0000000705000000, 0x0000000705000000, 0x0000000705200000|  0%| F|  |TAMS 0x0000000705000000| PB 0x0000000705000000| Untracked 
|  33|0x0000000705200000, 0x0000000705200000, 0x0000000705400000|  0%| F|  |TAMS 0x0000000705200000| PB 0x0000000705200000| Untracked 
|  34|0x0000000705400000, 0x0000000705400000, 0x0000000705600000|  0%| F|  |TAMS 0x0000000705400000| PB 0x0000000705400000| Untracked 
|  35|0x0000000705600000, 0x0000000705600000, 0x0000000705800000|  0%| F|  |TAMS 0x0000000705600000| PB 0x0000000705600000| Untracked 
|  36|0x0000000705800000, 0x0000000705800000, 0x0000000705a00000|  0%| F|  |TAMS 0x0000000705800000| PB 0x0000000705800000| Untracked 
|  37|0x0000000705a00000, 0x0000000705a00000, 0x0000000705c00000|  0%| F|  |TAMS 0x0000000705a00000| PB 0x0000000705a00000| Untracked 
|  38|0x0000000705c00000, 0x0000000705c00000, 0x0000000705e00000|  0%| F|  |TAMS 0x0000000705c00000| PB 0x0000000705c00000| Untracked 
|  39|0x0000000705e00000, 0x0000000705e00000, 0x0000000706000000|  0%| F|  |TAMS 0x0000000705e00000| PB 0x0000000705e00000| Untracked 
|  40|0x0000000706000000, 0x0000000706000000, 0x0000000706200000|  0%| F|  |TAMS 0x0000000706000000| PB 0x0000000706000000| Untracked 
|  41|0x0000000706200000, 0x0000000706200000, 0x0000000706400000|  0%| F|  |TAMS 0x0000000706200000| PB 0x0000000706200000| Untracked 
|  42|0x0000000706400000, 0x0000000706400000, 0x0000000706600000|  0%| F|  |TAMS 0x0000000706400000| PB 0x0000000706400000| Untracked 
|  43|0x0000000706600000, 0x0000000706600000, 0x0000000706800000|  0%| F|  |TAMS 0x0000000706600000| PB 0x0000000706600000| Untracked 
|  44|0x0000000706800000, 0x0000000706800000, 0x0000000706a00000|  0%| F|  |TAMS 0x0000000706800000| PB 0x0000000706800000| Untracked 
|  45|0x0000000706a00000, 0x0000000706a00000, 0x0000000706c00000|  0%| F|  |TAMS 0x0000000706a00000| PB 0x0000000706a00000| Untracked 
|  46|0x0000000706c00000, 0x0000000706c00000, 0x0000000706e00000|  0%| F|  |TAMS 0x0000000706c00000| PB 0x0000000706c00000| Untracked 
|  47|0x0000000706e00000, 0x0000000706e00000, 0x0000000707000000|  0%| F|  |TAMS 0x0000000706e00000| PB 0x0000000706e00000| Untracked 
|  48|0x0000000707000000, 0x0000000707000000, 0x0000000707200000|  0%| F|  |TAMS 0x0000000707000000| PB 0x0000000707000000| Untracked 
|  49|0x0000000707200000, 0x0000000707200000, 0x0000000707400000|  0%| F|  |TAMS 0x0000000707200000| PB 0x0000000707200000| Untracked 
|  50|0x0000000707400000, 0x0000000707400000, 0x0000000707600000|  0%| F|  |TAMS 0x0000000707400000| PB 0x0000000707400000| Untracked 
|  51|0x0000000707600000, 0x0000000707600000, 0x0000000707800000|  0%| F|  |TAMS 0x0000000707600000| PB 0x0000000707600000| Untracked 
|  52|0x0000000707800000, 0x0000000707800000, 0x0000000707a00000|  0%| F|  |TAMS 0x0000000707800000| PB 0x0000000707800000| Untracked 
|  53|0x0000000707a00000, 0x0000000707a00000, 0x0000000707c00000|  0%| F|  |TAMS 0x0000000707a00000| PB 0x0000000707a00000| Untracked 
|  54|0x0000000707c00000, 0x0000000707c00000, 0x0000000707e00000|  0%| F|  |TAMS 0x0000000707c00000| PB 0x0000000707c00000| Untracked 
|  55|0x0000000707e00000, 0x0000000707e00000, 0x0000000708000000|  0%| F|  |TAMS 0x0000000707e00000| PB 0x0000000707e00000| Untracked 
|  56|0x0000000708000000, 0x0000000708000000, 0x0000000708200000|  0%| F|  |TAMS 0x0000000708000000| PB 0x0000000708000000| Untracked 
|  57|0x0000000708200000, 0x0000000708200000, 0x0000000708400000|  0%| F|  |TAMS 0x0000000708200000| PB 0x0000000708200000| Untracked 
|  58|0x0000000708400000, 0x0000000708400000, 0x0000000708600000|  0%| F|  |TAMS 0x0000000708400000| PB 0x0000000708400000| Untracked 
|  59|0x0000000708600000, 0x0000000708600000, 0x0000000708800000|  0%| F|  |TAMS 0x0000000708600000| PB 0x0000000708600000| Untracked 
|  60|0x0000000708800000, 0x0000000708800000, 0x0000000708a00000|  0%| F|  |TAMS 0x0000000708800000| PB 0x0000000708800000| Untracked 
|  61|0x0000000708a00000, 0x0000000708a00000, 0x0000000708c00000|  0%| F|  |TAMS 0x0000000708a00000| PB 0x0000000708a00000| Untracked 
|  62|0x0000000708c00000, 0x0000000708c00000, 0x0000000708e00000|  0%| F|  |TAMS 0x0000000708c00000| PB 0x0000000708c00000| Untracked 
|  63|0x0000000708e00000, 0x0000000708e00000, 0x0000000709000000|  0%| F|  |TAMS 0x0000000708e00000| PB 0x0000000708e00000| Untracked 
|  64|0x0000000709000000, 0x0000000709000000, 0x0000000709200000|  0%| F|  |TAMS 0x0000000709000000| PB 0x0000000709000000| Untracked 
|  65|0x0000000709200000, 0x0000000709200000, 0x0000000709400000|  0%| F|  |TAMS 0x0000000709200000| PB 0x0000000709200000| Untracked 
|  66|0x0000000709400000, 0x0000000709400000, 0x0000000709600000|  0%| F|  |TAMS 0x0000000709400000| PB 0x0000000709400000| Untracked 
|  67|0x0000000709600000, 0x0000000709600000, 0x0000000709800000|  0%| F|  |TAMS 0x0000000709600000| PB 0x0000000709600000| Untracked 
|  68|0x0000000709800000, 0x0000000709800000, 0x0000000709a00000|  0%| F|  |TAMS 0x0000000709800000| PB 0x0000000709800000| Untracked 
|  69|0x0000000709a00000, 0x0000000709a00000, 0x0000000709c00000|  0%| F|  |TAMS 0x0000000709a00000| PB 0x0000000709a00000| Untracked 
|  70|0x0000000709c00000, 0x0000000709c00000, 0x0000000709e00000|  0%| F|  |TAMS 0x0000000709c00000| PB 0x0000000709c00000| Untracked 
|  71|0x0000000709e00000, 0x0000000709e00000, 0x000000070a000000|  0%| F|  |TAMS 0x0000000709e00000| PB 0x0000000709e00000| Untracked 
|  72|0x000000070a000000, 0x000000070a000000, 0x000000070a200000|  0%| F|  |TAMS 0x000000070a000000| PB 0x000000070a000000| Untracked 
|  73|0x000000070a200000, 0x000000070a200000, 0x000000070a400000|  0%| F|  |TAMS 0x000000070a200000| PB 0x000000070a200000| Untracked 
|  74|0x000000070a400000, 0x000000070a400000, 0x000000070a600000|  0%| F|  |TAMS 0x000000070a400000| PB 0x000000070a400000| Untracked 
|  75|0x000000070a600000, 0x000000070a600000, 0x000000070a800000|  0%| F|  |TAMS 0x000000070a600000| PB 0x000000070a600000| Untracked 
|  76|0x000000070a800000, 0x000000070a800000, 0x000000070aa00000|  0%| F|  |TAMS 0x000000070a800000| PB 0x000000070a800000| Untracked 
|  77|0x000000070aa00000, 0x000000070aa00000, 0x000000070ac00000|  0%| F|  |TAMS 0x000000070aa00000| PB 0x000000070aa00000| Untracked 
|  78|0x000000070ac00000, 0x000000070ac00000, 0x000000070ae00000|  0%| F|  |TAMS 0x000000070ac00000| PB 0x000000070ac00000| Untracked 
|  79|0x000000070ae00000, 0x000000070ae00000, 0x000000070b000000|  0%| F|  |TAMS 0x000000070ae00000| PB 0x000000070ae00000| Untracked 
|  80|0x000000070b000000, 0x000000070b000000, 0x000000070b200000|  0%| F|  |TAMS 0x000000070b000000| PB 0x000000070b000000| Untracked 
|  81|0x000000070b200000, 0x000000070b200000, 0x000000070b400000|  0%| F|  |TAMS 0x000000070b200000| PB 0x000000070b200000| Untracked 
|  82|0x000000070b400000, 0x000000070b400000, 0x000000070b600000|  0%| F|  |TAMS 0x000000070b400000| PB 0x000000070b400000| Untracked 
|  83|0x000000070b600000, 0x000000070b600000, 0x000000070b800000|  0%| F|  |TAMS 0x000000070b600000| PB 0x000000070b600000| Untracked 
|  84|0x000000070b800000, 0x000000070b800000, 0x000000070ba00000|  0%| F|  |TAMS 0x000000070b800000| PB 0x000000070b800000| Untracked 
|  85|0x000000070ba00000, 0x000000070ba00000, 0x000000070bc00000|  0%| F|  |TAMS 0x000000070ba00000| PB 0x000000070ba00000| Untracked 
|  86|0x000000070bc00000, 0x000000070bc00000, 0x000000070be00000|  0%| F|  |TAMS 0x000000070bc00000| PB 0x000000070bc00000| Untracked 
|  87|0x000000070be00000, 0x000000070be00000, 0x000000070c000000|  0%| F|  |TAMS 0x000000070be00000| PB 0x000000070be00000| Untracked 
|  88|0x000000070c000000, 0x000000070c000000, 0x000000070c200000|  0%| F|  |TAMS 0x000000070c000000| PB 0x000000070c000000| Untracked 
|  89|0x000000070c200000, 0x000000070c200000, 0x000000070c400000|  0%| F|  |TAMS 0x000000070c200000| PB 0x000000070c200000| Untracked 
|  90|0x000000070c400000, 0x000000070c400000, 0x000000070c600000|  0%| F|  |TAMS 0x000000070c400000| PB 0x000000070c400000| Untracked 
|  91|0x000000070c600000, 0x000000070c600000, 0x000000070c800000|  0%| F|  |TAMS 0x000000070c600000| PB 0x000000070c600000| Untracked 
|  92|0x000000070c800000, 0x000000070c800000, 0x000000070ca00000|  0%| F|  |TAMS 0x000000070c800000| PB 0x000000070c800000| Untracked 
|  93|0x000000070ca00000, 0x000000070ca00000, 0x000000070cc00000|  0%| F|  |TAMS 0x000000070ca00000| PB 0x000000070ca00000| Untracked 
|  94|0x000000070cc00000, 0x000000070cc00000, 0x000000070ce00000|  0%| F|  |TAMS 0x000000070cc00000| PB 0x000000070cc00000| Untracked 
|  95|0x000000070ce00000, 0x000000070ce00000, 0x000000070d000000|  0%| F|  |TAMS 0x000000070ce00000| PB 0x000000070ce00000| Untracked 
|  96|0x000000070d000000, 0x000000070d000000, 0x000000070d200000|  0%| F|  |TAMS 0x000000070d000000| PB 0x000000070d000000| Untracked 
|  97|0x000000070d200000, 0x000000070d200000, 0x000000070d400000|  0%| F|  |TAMS 0x000000070d200000| PB 0x000000070d200000| Untracked 
|  98|0x000000070d400000, 0x000000070d400000, 0x000000070d600000|  0%| F|  |TAMS 0x000000070d400000| PB 0x000000070d400000| Untracked 
|  99|0x000000070d600000, 0x000000070d600000, 0x000000070d800000|  0%| F|  |TAMS 0x000000070d600000| PB 0x000000070d600000| Untracked 
| 100|0x000000070d800000, 0x000000070d800000, 0x000000070da00000|  0%| F|  |TAMS 0x000000070d800000| PB 0x000000070d800000| Untracked 
| 101|0x000000070da00000, 0x000000070da00000, 0x000000070dc00000|  0%| F|  |TAMS 0x000000070da00000| PB 0x000000070da00000| Untracked 
| 102|0x000000070dc00000, 0x000000070dc00000, 0x000000070de00000|  0%| F|  |TAMS 0x000000070dc00000| PB 0x000000070dc00000| Untracked 
| 103|0x000000070de00000, 0x000000070de00000, 0x000000070e000000|  0%| F|  |TAMS 0x000000070de00000| PB 0x000000070de00000| Untracked 
| 104|0x000000070e000000, 0x000000070e200000, 0x000000070e200000|100%| S|CS|TAMS 0x000000070e000000| PB 0x000000070e000000| Complete 
| 105|0x000000070e200000, 0x000000070e400000, 0x000000070e400000|100%| S|CS|TAMS 0x000000070e200000| PB 0x000000070e200000| Complete 
| 106|0x000000070e400000, 0x000000070e600000, 0x000000070e600000|100%| S|CS|TAMS 0x000000070e400000| PB 0x000000070e400000| Complete 
| 107|0x000000070e600000, 0x000000070e600000, 0x000000070e800000|  0%| F|  |TAMS 0x000000070e600000| PB 0x000000070e600000| Untracked 
| 108|0x000000070e800000, 0x000000070e800000, 0x000000070ea00000|  0%| F|  |TAMS 0x000000070e800000| PB 0x000000070e800000| Untracked 
| 109|0x000000070ea00000, 0x000000070ea00000, 0x000000070ec00000|  0%| F|  |TAMS 0x000000070ea00000| PB 0x000000070ea00000| Untracked 
| 110|0x000000070ec00000, 0x000000070ec00000, 0x000000070ee00000|  0%| F|  |TAMS 0x000000070ec00000| PB 0x000000070ec00000| Untracked 
| 111|0x000000070ee00000, 0x000000070ee00000, 0x000000070f000000|  0%| F|  |TAMS 0x000000070ee00000| PB 0x000000070ee00000| Untracked 
| 112|0x000000070f000000, 0x000000070f000000, 0x000000070f200000|  0%| F|  |TAMS 0x000000070f000000| PB 0x000000070f000000| Untracked 
| 113|0x000000070f200000, 0x000000070f200000, 0x000000070f400000|  0%| F|  |TAMS 0x000000070f200000| PB 0x000000070f200000| Untracked 
| 114|0x000000070f400000, 0x000000070f400000, 0x000000070f600000|  0%| F|  |TAMS 0x000000070f400000| PB 0x000000070f400000| Untracked 
| 115|0x000000070f600000, 0x000000070f600000, 0x000000070f800000|  0%| F|  |TAMS 0x000000070f600000| PB 0x000000070f600000| Untracked 
| 116|0x000000070f800000, 0x000000070f800000, 0x000000070fa00000|  0%| F|  |TAMS 0x000000070f800000| PB 0x000000070f800000| Untracked 
| 117|0x000000070fa00000, 0x000000070fa00000, 0x000000070fc00000|  0%| F|  |TAMS 0x000000070fa00000| PB 0x000000070fa00000| Untracked 
| 118|0x000000070fc00000, 0x000000070fc00000, 0x000000070fe00000|  0%| F|  |TAMS 0x000000070fc00000| PB 0x000000070fc00000| Untracked 
| 119|0x000000070fe00000, 0x000000070fe00000, 0x0000000710000000|  0%| F|  |TAMS 0x000000070fe00000| PB 0x000000070fe00000| Untracked 
| 120|0x0000000710000000, 0x0000000710000000, 0x0000000710200000|  0%| F|  |TAMS 0x0000000710000000| PB 0x0000000710000000| Untracked 
| 121|0x0000000710200000, 0x0000000710200000, 0x0000000710400000|  0%| F|  |TAMS 0x0000000710200000| PB 0x0000000710200000| Untracked 
| 122|0x0000000710400000, 0x0000000710400000, 0x0000000710600000|  0%| F|  |TAMS 0x0000000710400000| PB 0x0000000710400000| Untracked 
| 123|0x0000000710600000, 0x00000007106f3598, 0x0000000710800000| 47%| E|  |TAMS 0x0000000710600000| PB 0x0000000710600000| Complete 
| 124|0x0000000710800000, 0x0000000710a00000, 0x0000000710a00000|100%| E|CS|TAMS 0x0000000710800000| PB 0x0000000710800000| Complete 
| 125|0x0000000710a00000, 0x0000000710c00000, 0x0000000710c00000|100%| E|CS|TAMS 0x0000000710a00000| PB 0x0000000710a00000| Complete 
| 126|0x0000000710c00000, 0x0000000710e00000, 0x0000000710e00000|100%| E|CS|TAMS 0x0000000710c00000| PB 0x0000000710c00000| Complete 
| 127|0x0000000710e00000, 0x0000000711000000, 0x0000000711000000|100%| E|  |TAMS 0x0000000710e00000| PB 0x0000000710e00000| Complete 

Card table byte_map: [0x000001e7df700000,0x000001e7dff00000] _byte_map_base: 0x000001e7dbef8000

Marking Bits: (CMBitMap*) 0x000001e7c7970970
 Bits: [0x000001e7e0700000, 0x000001e7e46c0000)

Polling page: 0x000001e7c5850000

Metaspace:

Usage:
  Non-class:     14.57 MB used.
      Class:      2.35 MB used.
       Both:     16.92 MB used.

Virtual space:
  Non-class space:       64.00 MB reserved,      14.75 MB ( 23%) committed,  1 nodes.
      Class space:        1.00 GB reserved,       2.50 MB ( <1%) committed,  1 nodes.
             Both:        1.06 GB reserved,      17.25 MB (  2%) committed. 

Chunk freelists:
   Non-Class:  1.30 MB
       Class:  1.44 MB
        Both:  2.73 MB

MaxMetaspaceSize: unlimited
CompressedClassSpaceSize: 1.00 GB
Initial GC threshold: 21.00 MB
Current GC threshold: 21.00 MB
CDS: on
MetaspaceReclaimPolicy: balanced
 - commit_granule_bytes: 65536.
 - commit_granule_words: 8192.
 - virtual_space_node_default_size: 8388608.
 - enlarge_chunks_in_place: 1.
 - new_chunks_are_fully_committed: 0.
 - uncommit_free_chunks: 1.
 - use_allocation_guard: 0.


Internal statistics:

num_allocs_failed_limit: 0.
num_arena_births: 364.
num_arena_deaths: 0.
num_vsnodes_births: 2.
num_vsnodes_deaths: 0.
num_space_committed: 276.
num_space_uncommitted: 0.
num_chunks_returned_to_freelist: 0.
num_chunks_taken_from_freelist: 941.
num_chunk_merges: 0.
num_chunk_splits: 641.
num_chunks_enlarged: 483.
num_inconsistent_stats: 0.

CodeHeap 'non-profiled nmethods': size=120000Kb used=1075Kb max_used=1075Kb free=118924Kb
 bounds [0x000001e7d7480000, 0x000001e7d76f0000, 0x000001e7de9b0000]
CodeHeap 'profiled nmethods': size=120000Kb used=5586Kb max_used=5586Kb free=114413Kb
 bounds [0x000001e7cf9b0000, 0x000001e7cff30000, 0x000001e7d6ee0000]
CodeHeap 'non-nmethods': size=5760Kb used=2530Kb max_used=2551Kb free=3229Kb
 bounds [0x000001e7d6ee0000, 0x000001e7d7170000, 0x000001e7d7480000]
 total_blobs=4323 nmethods=2953 adapters=1279
 compilation: enabled
              stopped_count=0, restarted_count=0
 full_count=0

Compilation events (20 events):
Event: 12.220 Thread 0x000001e7e734bc10 2739       4       java.lang.Math::min (11 bytes)
Event: 12.221 Thread 0x000001e7e734bc10 nmethod 2739 0x000001e7d757b410 code [0x000001e7d757b580, 0x000001e7d757b5f0]
Event: 12.221 Thread 0x000001e7e7350a80 2740       3       java.util.zip.CRC32::update (38 bytes)
Event: 12.222 Thread 0x000001e7e7350a80 nmethod 2740 0x000001e7cfea5b10 code [0x000001e7cfea5ce0, 0x000001e7cfea6108]
Event: 12.222 Thread 0x000001e7e7350a80 2741       3       java.util.zip.CRC32::updateBytes (14 bytes)
Event: 12.222 Thread 0x000001e7e7350a80 nmethod 2741 0x000001e7cfea6310 code [0x000001e7cfea64c0, 0x000001e7cfea6878]
Event: 12.229 Thread 0x000001e7e7350a80 2746       1       org.lwjgl.system.Pointer$Default::address (5 bytes)
Event: 12.229 Thread 0x000001e7e7350a80 nmethod 2746 0x000001e7d757c310 code [0x000001e7d757c480, 0x000001e7d757c548]
Event: 12.229 Thread 0x000001e7e7350a80 2747       3       org.lwjgl.glfw.GLFW::glfwGetGamepadState (17 bytes)
Event: 12.230 Thread 0x000001e7e7350a80 nmethod 2747 0x000001e7cfea6a90 code [0x000001e7cfea6c20, 0x000001e7cfea6e30]
Event: 12.230 Thread 0x000001e7e7350a80 2748       3       org.lwjgl.glfw.GLFW::nglfwGetGamepadState (11 bytes)
Event: 12.230 Thread 0x000001e7e7350a80 nmethod 2748 0x000001e7cfea6f10 code [0x000001e7cfea70a0, 0x000001e7cfea71c0]
Event: 12.230 Thread 0x000001e7e7350a80 2749       3       org.lwjgl.system.Checks::check (16 bytes)
Event: 12.230 Thread 0x000001e7e7350a80 nmethod 2749 0x000001e7cfea7290 code [0x000001e7cfea7420, 0x000001e7cfea7610]
Event: 12.230 Thread 0x000001e7e7350a80 2751       3       org.lwjgl.glfw.GLFW::glfwGetKey (22 bytes)
Event: 12.230 Thread 0x000001e7e7350a80 nmethod 2751 0x000001e7cfea7710 code [0x000001e7cfea78c0, 0x000001e7cfea7b60]
Event: 12.237 Thread 0x000001e7e734bc10 2753       4       org.lwjgl.glfw.GLFW::glfwGetGamepadState (17 bytes)
Event: 12.238 Thread 0x000001e7e734bc10 nmethod 2753 0x000001e7d757ce10 code [0x000001e7d757cf80, 0x000001e7d757d030]
Event: 12.238 Thread 0x000001e7e734bc10 2754       4       org.lwjgl.glfw.GLFW::nglfwGetGamepadState (11 bytes)
Event: 12.238 Thread 0x000001e7e734bc10 nmethod 2754 0x000001e7d757d110 code [0x000001e7d757d280, 0x000001e7d757d318]

GC Heap History (4 events):
Event: 0.692 GC heap before
{Heap before GC invocations=0 (full 0):
 garbage-first heap   total 262144K, used 20480K [0x0000000701000000, 0x0000000800000000)
  region size 2048K, 11 young (22528K), 0 survivors (0K)
 Metaspace       used 4330K, committed 4608K, reserved 1114112K
  class space    used 498K, committed 640K, reserved 1048576K
}
Event: 0.696 GC heap after
{Heap after GC invocations=1 (full 0):
 garbage-first heap   total 262144K, used 2634K [0x0000000701000000, 0x0000000800000000)
  region size 2048K, 2 young (4096K), 2 survivors (4096K)
 Metaspace       used 4330K, committed 4608K, reserved 1114112K
  class space    used 498K, committed 640K, reserved 1048576K
}
Event: 11.759 GC heap before
{Heap before GC invocations=1 (full 0):
 garbage-first heap   total 262144K, used 43594K [0x0000000701000000, 0x0000000800000000)
  region size 2048K, 21 young (43008K), 2 survivors (4096K)
 Metaspace       used 14982K, committed 15296K, reserved 1114112K
  class space    used 2117K, committed 2304K, reserved 1048576K
}
Event: 11.768 GC heap after
{Heap after GC invocations=2 (full 0):
 garbage-first heap   total 262144K, used 10288K [0x0000000701000000, 0x0000000800000000)
  region size 2048K, 3 young (6144K), 3 survivors (6144K)
 Metaspace       used 14982K, committed 15296K, reserved 1114112K
  class space    used 2117K, committed 2304K, reserved 1048576K
}

Dll operation events (20 events):
Event: 0.358 Loaded shared library C:\Users\gage1\.openjfx\cache\20-ea+4\amd64\api-ms-win-crt-math-l1-1-0.dll
Event: 0.359 Loaded shared library C:\Users\gage1\.openjfx\cache\20-ea+4\amd64\api-ms-win-crt-multibyte-l1-1-0.dll
Event: 0.361 Loaded shared library C:\Users\gage1\.openjfx\cache\20-ea+4\amd64\api-ms-win-crt-private-l1-1-0.dll
Event: 0.366 Loaded shared library C:\Users\gage1\.openjfx\cache\20-ea+4\amd64\api-ms-win-crt-process-l1-1-0.dll
Event: 0.369 Loaded shared library C:\Users\gage1\.openjfx\cache\20-ea+4\amd64\api-ms-win-crt-runtime-l1-1-0.dll
Event: 0.371 Loaded shared library C:\Users\gage1\.openjfx\cache\20-ea+4\amd64\api-ms-win-crt-stdio-l1-1-0.dll
Event: 0.374 Loaded shared library C:\Users\gage1\.openjfx\cache\20-ea+4\amd64\api-ms-win-crt-string-l1-1-0.dll
Event: 0.376 Loaded shared library C:\Users\gage1\.openjfx\cache\20-ea+4\amd64\api-ms-win-crt-time-l1-1-0.dll
Event: 0.380 Loaded shared library C:\Users\gage1\.openjfx\cache\20-ea+4\amd64\api-ms-win-crt-utility-l1-1-0.dll
Event: 0.396 Loaded shared library C:\Users\gage1\.openjfx\cache\20-ea+4\amd64\ucrtbase.dll
Event: 0.399 Loaded shared library C:\Users\gage1\.openjfx\cache\20-ea+4\amd64\vcruntime140.dll
Event: 0.402 Loaded shared library C:\Users\gage1\.openjfx\cache\20-ea+4\amd64\vcruntime140_1.dll
Event: 0.409 Loaded shared library C:\Users\gage1\.openjfx\cache\20-ea+4\amd64\msvcp140.dll
Event: 0.411 Loaded shared library C:\Users\gage1\.openjfx\cache\20-ea+4\amd64\msvcp140_1.dll
Event: 0.415 Loaded shared library C:\Users\gage1\.openjfx\cache\20-ea+4\amd64\msvcp140_2.dll
Event: 0.463 Loaded shared library C:\Users\gage1\.openjfx\cache\20-ea+4\amd64\prism_d3d.dll
Event: 0.524 Loaded shared library C:\Users\gage1\.openjfx\cache\20-ea+4\amd64\glass.dll
Event: 0.686 Loaded shared library C:\Program Files\Java\jdk-20\bin\jimage.dll
Event: 0.841 Loaded shared library C:\Users\gage1\.openjfx\cache\20-ea+4\amd64\javafx_font.dll
Event: 11.848 Loaded shared library C:\Users\gage1\AppData\Local\Temp\lwjgl_gage1\3.3.2+13\x64\lwjgl.dll

Deoptimization events (20 events):
Event: 11.783 Thread 0x000001e7ec036120 Uncommon trap: trap_request=0xffffffde fr.pc=0x000001e7d7503208 relative=0x00000000000006c8
Event: 11.783 Thread 0x000001e7ec036120 Uncommon trap: reason=class_check action=maybe_recompile pc=0x000001e7d7503208 method=java.util.zip.InflaterInputStream.read([BII)I @ 78 c2
Event: 11.783 Thread 0x000001e7ec036120 DEOPT PACKING pc=0x000001e7d7503208 sp=0x0000004f07dfb540
Event: 11.783 Thread 0x000001e7ec036120 DEOPT UNPACKING pc=0x000001e7d6f49d22 sp=0x0000004f07dfb530 mode 2
Event: 11.783 Thread 0x000001e7ec036120 Uncommon trap: trap_request=0xffffffde fr.pc=0x000001e7d7503208 relative=0x00000000000006c8
Event: 11.783 Thread 0x000001e7ec036120 Uncommon trap: reason=class_check action=maybe_recompile pc=0x000001e7d7503208 method=java.util.zip.InflaterInputStream.read([BII)I @ 78 c2
Event: 11.783 Thread 0x000001e7ec036120 DEOPT PACKING pc=0x000001e7d7503208 sp=0x0000004f07dfb540
Event: 11.783 Thread 0x000001e7ec036120 DEOPT UNPACKING pc=0x000001e7d6f49d22 sp=0x0000004f07dfb530 mode 2
Event: 11.846 Thread 0x000001e7ec036120 Uncommon trap: trap_request=0xffffff45 fr.pc=0x000001e7d74dd1cc relative=0x000000000000004c
Event: 11.846 Thread 0x000001e7ec036120 Uncommon trap: reason=unstable_if action=reinterpret pc=0x000001e7d74dd1cc method=sun.nio.fs.WindowsPathParser.isSlash(C)Z @ 9 c2
Event: 11.846 Thread 0x000001e7ec036120 DEOPT PACKING pc=0x000001e7d74dd1cc sp=0x0000004f07df9c80
Event: 11.846 Thread 0x000001e7ec036120 DEOPT UNPACKING pc=0x000001e7d6f49d22 sp=0x0000004f07df9c08 mode 2
Event: 11.853 Thread 0x000001e7ec036120 Uncommon trap: trap_request=0xffffff45 fr.pc=0x000001e7d74ba2ac relative=0x00000000000000ac
Event: 11.853 Thread 0x000001e7ec036120 Uncommon trap: reason=unstable_if action=reinterpret pc=0x000001e7d74ba2ac method=jdk.internal.misc.Unsafe.convEndian(ZI)I @ 4 c2
Event: 11.853 Thread 0x000001e7ec036120 DEOPT PACKING pc=0x000001e7d74ba2ac sp=0x0000004f07df9b50
Event: 11.853 Thread 0x000001e7ec036120 DEOPT UNPACKING pc=0x000001e7d6f49d22 sp=0x0000004f07df99e8 mode 2
Event: 11.892 Thread 0x000001e7ec036120 Uncommon trap: trap_request=0xffffff45 fr.pc=0x000001e7d7564f2c relative=0x000000000000010c
Event: 11.892 Thread 0x000001e7ec036120 Uncommon trap: reason=unstable_if action=reinterpret pc=0x000001e7d7564f2c method=java.lang.ThreadLocal$ThreadLocalMap.getEntry(Ljava/lang/ThreadLocal;)Ljava/lang/ThreadLocal$ThreadLocalMap$Entry; @ 29 c2
Event: 11.892 Thread 0x000001e7ec036120 DEOPT PACKING pc=0x000001e7d7564f2c sp=0x0000004f07dfa3d0
Event: 11.892 Thread 0x000001e7ec036120 DEOPT UNPACKING pc=0x000001e7d6f49d22 sp=0x0000004f07dfa2f0 mode 2

Classes loaded (20 events):
Event: 11.880 Loading class java/util/function/LongPredicate
Event: 11.880 Loading class java/util/function/LongPredicate done
Event: 11.882 Loading class java/lang/foreign/MemorySegment
Event: 11.882 Loading class java/lang/foreign/MemorySegment done
Event: 11.886 Loading class java/nio/InvalidMarkException
Event: 11.886 Loading class java/nio/InvalidMarkException done
Event: 11.886 Loading class java/nio/BufferUnderflowException
Event: 11.886 Loading class java/nio/BufferUnderflowException done
Event: 12.223 Loading class java/util/concurrent/CompletableFuture
Event: 12.225 Loading class java/util/concurrent/CompletionStage
Event: 12.225 Loading class java/util/concurrent/CompletionStage done
Event: 12.226 Loading class java/util/concurrent/CompletableFuture done
Event: 12.226 Loading class java/util/concurrent/CompletableFuture$AltResult
Event: 12.226 Loading class java/util/concurrent/CompletableFuture$AltResult done
Event: 12.226 Loading class java/util/concurrent/CompletableFuture$Completion
Event: 12.226 Loading class java/util/concurrent/CompletableFuture$AsynchronousCompletionTask
Event: 12.226 Loading class java/util/concurrent/CompletableFuture$AsynchronousCompletionTask done
Event: 12.227 Loading class java/util/concurrent/CompletableFuture$Completion done
Event: 12.227 Loading class java/util/concurrent/CompletableFuture$AsyncRun
Event: 12.227 Loading class java/util/concurrent/CompletableFuture$AsyncRun done

Classes unloaded (0 events):
No events

Classes redefined (0 events):
No events

Internal exceptions (20 events):
Event: 11.704 Thread 0x000001e7ec036120 Exception <a 'java/lang/NoSuchMethodError'{0x000000070e721d50}: 'long java.lang.invoke.DirectMethodHandle$Holder.invokeStaticInit(java.lang.Object, java.lang.Object, java.lang.Object)'> (0x000000070e721d50) 
thrown [s\open\src\hotspot\share\interpreter\linkResolver.cpp, line 773]
Event: 11.706 Thread 0x000001e7ec036120 Exception <a 'java/lang/NoSuchMethodError'{0x000000070e739ea0}: 'java.lang.Object java.lang.invoke.DirectMethodHandle$Holder.newInvokeSpecial(java.lang.Object, java.lang.Object, long)'> (0x000000070e739ea0) 
thrown [s\open\src\hotspot\share\interpreter\linkResolver.cpp, line 773]
Event: 11.706 Thread 0x000001e7ec036120 Exception <a 'java/lang/NoSuchMethodError'{0x000000070e73db90}: 'java.lang.Object java.lang.invoke.Invokers$Holder.linkToTargetMethod(java.lang.Object, long, java.lang.Object)'> (0x000000070e73db90) 
thrown [s\open\src\hotspot\share\interpreter\linkResolver.cpp, line 773]
Event: 11.747 Thread 0x000001e7ec036120 Exception <a 'java/lang/NoSuchMethodError'{0x000000070e783c10}: 'void java.lang.invoke.Invokers$Holder.invokeExact_MT(java.lang.Object, java.lang.Object, java.lang.Object, java.lang.Object)'> (0x000000070e783c10) 
thrown [s\open\src\hotspot\share\interpreter\linkResolver.cpp, line 773]
Event: 11.812 Thread 0x000001e7ec036120 Exception <a 'java/lang/NoSuchMethodError'{0x0000000710fdff10}: 'void java.lang.invoke.DirectMethodHandle$Holder.invokeVirtual(java.lang.Object, java.lang.Object)'> (0x0000000710fdff10) 
thrown [s\open\src\hotspot\share\interpreter\linkResolver.cpp, line 773]
Event: 11.826 Thread 0x000001e7ec036120 Exception <a 'java/lang/NoSuchMethodError'{0x0000000710d1e268}: 'void java.lang.System.load(java.lang.String, java.lang.Class)'> (0x0000000710d1e268) 
thrown [s\open\src\hotspot\share\interpreter\linkResolver.cpp, line 773]
Event: 11.828 Thread 0x000001e7ec036120 Exception <a 'java/lang/NoSuchMethodError'{0x0000000710d22ef0}: 'java.lang.Object java.lang.invoke.DirectMethodHandle$Holder.invokeStatic(java.lang.Object, java.lang.Object, int)'> (0x0000000710d22ef0) 
thrown [s\open\src\hotspot\share\interpreter\linkResolver.cpp, line 773]
Event: 11.828 Thread 0x000001e7ec036120 Exception <a 'java/lang/NoSuchMethodError'{0x0000000710d27028}: 'void java.lang.invoke.DirectMethodHandle$Holder.invokeStatic(java.lang.Object, java.lang.Object, int, java.lang.Object)'> (0x0000000710d27028) 
thrown [s\open\src\hotspot\share\interpreter\linkResolver.cpp, line 773]
Event: 11.829 Thread 0x000001e7ec036120 Exception <a 'java/lang/NoSuchMethodError'{0x0000000710d2dff8}: 'void java.lang.invoke.DelegatingMethodHandle$Holder.delegate(java.lang.Object, java.lang.Object, int, java.lang.Object)'> (0x0000000710d2dff8) 
thrown [s\open\src\hotspot\share\interpreter\linkResolver.cpp, line 773]
Event: 11.831 Thread 0x000001e7ec036120 Exception <a 'java/lang/NoSuchMethodError'{0x0000000710d47970}: 'void java.lang.System.loadLibrary(java.lang.String, java.lang.Class)'> (0x0000000710d47970) 
thrown [s\open\src\hotspot\share\interpreter\linkResolver.cpp, line 773]
Event: 11.846 Thread 0x000001e7ec036120 Exception <a 'sun/nio/fs/WindowsException'{0x0000000710d72880}> (0x0000000710d72880) 
thrown [s\open\src\hotspot\share\prims\jni.cpp, line 519]
Event: 11.846 Thread 0x000001e7ec036120 Exception <a 'sun/nio/fs/WindowsException'{0x0000000710d72db0}> (0x0000000710d72db0) 
thrown [s\open\src\hotspot\share\prims\jni.cpp, line 519]
Event: 11.873 Thread 0x000001e7ec036120 Exception <a 'sun/nio/fs/WindowsException'{0x0000000710da4c70}> (0x0000000710da4c70) 
thrown [s\open\src\hotspot\share\prims\jni.cpp, line 519]
Event: 11.873 Thread 0x000001e7ec036120 Exception <a 'sun/nio/fs/WindowsException'{0x0000000710da4fd0}> (0x0000000710da4fd0) 
thrown [s\open\src\hotspot\share\prims\jni.cpp, line 519]
Event: 11.881 Thread 0x000001e7ec036120 Exception <a 'java/lang/NoSuchMethodError'{0x0000000710dee2d8}: 'int java.lang.invoke.DirectMethodHandle$Holder.invokeStaticInit(java.lang.Object, java.lang.Object, int, long)'> (0x0000000710dee2d8) 
thrown [s\open\src\hotspot\share\interpreter\linkResolver.cpp, line 773]
Event: 11.884 Thread 0x000001e7ec036120 Exception <a 'java/lang/NoSuchMethodError'{0x0000000710dfe4f8}: 'int java.lang.invoke.DirectMethodHandle$Holder.invokeStaticInit(java.lang.Object, java.lang.Object, long, long)'> (0x0000000710dfe4f8) 
thrown [s\open\src\hotspot\share\interpreter\linkResolver.cpp, line 773]
Event: 11.885 Thread 0x000001e7ec036120 Exception <a 'java/lang/NoSuchMethodError'{0x0000000710a08a08}: 'int java.lang.invoke.DirectMethodHandle$Holder.invokeStaticInit(java.lang.Object, java.lang.Object, java.lang.Object, long)'> (0x0000000710a08a08) 
thrown [s\open\src\hotspot\share\interpreter\linkResolver.cpp, line 773]
Event: 12.222 Thread 0x000001e7ec036120 Exception <a 'java/lang/NoSuchMethodError'{0x0000000710a846d8}: 'void java.lang.invoke.DirectMethodHandle$Holder.invokeStatic(java.lang.Object, long, java.lang.Object)'> (0x0000000710a846d8) 
thrown [s\open\src\hotspot\share\interpreter\linkResolver.cpp, line 773]
Event: 12.223 Thread 0x000001e7ec036120 Exception <a 'java/lang/NoSuchMethodError'{0x0000000710a8a788}: 'java.lang.Object java.lang.invoke.DirectMethodHandle$Holder.newInvokeSpecial(java.lang.Object, long, java.lang.Object)'> (0x0000000710a8a788) 
thrown [s\open\src\hotspot\share\interpreter\linkResolver.cpp, line 773]
Event: 12.223 Thread 0x000001e7ec036120 Exception <a 'java/lang/NoSuchMethodError'{0x0000000710a8e6e8}: 'java.lang.Object java.lang.invoke.DirectMethodHandle$Holder.invokeSpecial(java.lang.Object, java.lang.Object, long, java.lang.Object)'> (0x0000000710a8e6e8) 
thrown [s\open\src\hotspot\share\interpreter\linkResolver.cpp, line 773]

VM Operations (20 events):
Event: 4.364 Executing VM operation: Cleanup
Event: 4.365 Executing VM operation: Cleanup done
Event: 4.839 Executing VM operation: HandshakeAllThreads
Event: 4.839 Executing VM operation: HandshakeAllThreads done
Event: 5.840 Executing VM operation: Cleanup
Event: 5.840 Executing VM operation: Cleanup done
Event: 6.840 Executing VM operation: Cleanup
Event: 6.840 Executing VM operation: Cleanup done
Event: 10.844 Executing VM operation: Cleanup
Event: 10.844 Executing VM operation: Cleanup done
Event: 11.759 Executing VM operation: G1CollectForAllocation
Event: 11.768 Executing VM operation: G1CollectForAllocation done
Event: 11.814 Executing VM operation: HandshakeAllThreads
Event: 11.814 Executing VM operation: HandshakeAllThreads done
Event: 11.827 Executing VM operation: HandshakeAllThreads
Event: 11.827 Executing VM operation: HandshakeAllThreads done
Event: 11.847 Executing VM operation: HandshakeAllThreads
Event: 11.847 Executing VM operation: HandshakeAllThreads done
Event: 11.852 Executing VM operation: HandshakeAllThreads
Event: 11.853 Executing VM operation: HandshakeAllThreads done

Events (20 events):
Event: 0.142 Thread 0x000001e7eb72adb0 Thread added: 0x000001e7eb72adb0
Event: 0.190 Thread 0x000001e7eb99eab0 Thread added: 0x000001e7eb99eab0
Event: 0.454 Thread 0x000001e7ebe8a3e0 Thread added: 0x000001e7ebe8a3e0
Event: 0.526 Thread 0x000001e7ec035020 Thread added: 0x000001e7ec035020
Event: 0.529 Thread 0x000001e7ec036120 Thread added: 0x000001e7ec036120
Event: 0.617 Thread 0x000001e7eb7303f0 Thread exited: 0x000001e7eb7303f0
Event: 0.617 Thread 0x000001e7eb72adb0 Thread exited: 0x000001e7eb72adb0
Event: 0.657 Thread 0x000001e7ec990f90 Thread added: 0x000001e7ec990f90
Event: 0.662 Thread 0x000001e7ec9a23a0 Thread added: 0x000001e7ec9a23a0
Event: 0.862 Thread 0x000001e7ecc257a0 Thread added: 0x000001e7ecc257a0
Event: 0.889 Thread 0x000001e7ecedc120 Thread added: 0x000001e7ecedc120
Event: 1.216 Thread 0x000001e7ecf145a0 Thread added: 0x000001e7ecf145a0
Event: 1.501 Thread 0x000001e7ecf11080 Thread added: 0x000001e7ecf11080
Event: 2.402 Thread 0x000001e7ecedc120 Thread exited: 0x000001e7ecedc120
Event: 2.402 Thread 0x000001e7ecc257a0 Thread exited: 0x000001e7ecc257a0
Event: 4.048 Thread 0x000001e7ecc257a0 Thread added: 0x000001e7ecc257a0
Event: 4.638 Thread 0x000001e7ecc257a0 Thread exited: 0x000001e7ecc257a0
Event: 11.788 Thread 0x000001e7ecdb6850 Thread added: 0x000001e7ecdb6850
Event: 12.219 Thread 0x000001e7ecdb6850 Thread exited: 0x000001e7ecdb6850
Event: 12.228 Thread 0x000001e7ecf125c0 Thread added: 0x000001e7ecf125c0


Dynamic libraries:
0x00007ff792d30000 - 0x00007ff792d40000 	C:\Program Files\Java\jdk-20\bin\java.exe
0x00007ffe03f90000 - 0x00007ffe041a4000 	C:\WINDOWS\SYSTEM32\ntdll.dll
0x00007ffe02840000 - 0x00007ffe02902000 	C:\WINDOWS\System32\KERNEL32.DLL
0x00007ffe01450000 - 0x00007ffe017f3000 	C:\WINDOWS\System32\KERNELBASE.dll
0x00007ffe01800000 - 0x00007ffe01911000 	C:\WINDOWS\System32\ucrtbase.dll
0x00007ffdda790000 - 0x00007ffdda7ab000 	C:\Program Files\Java\jdk-20\bin\VCRUNTIME140.dll
0x00007ffdda770000 - 0x00007ffdda789000 	C:\Program Files\Java\jdk-20\bin\jli.dll
0x00007ffe02790000 - 0x00007ffe0283e000 	C:\WINDOWS\System32\ADVAPI32.dll
0x00007ffe01f40000 - 0x00007ffe01fe7000 	C:\WINDOWS\System32\msvcrt.dll
0x00007ffe02300000 - 0x00007ffe023a4000 	C:\WINDOWS\System32\sechost.dll
0x00007ffe03050000 - 0x00007ffe03167000 	C:\WINDOWS\System32\RPCRT4.dll
0x00007ffe01d90000 - 0x00007ffe01f3b000 	C:\WINDOWS\System32\USER32.dll
0x00007ffdecfb0000 - 0x00007ffded23e000 	C:\WINDOWS\WinSxS\amd64_microsoft.windows.common-controls_6595b64144ccf1df_6.0.22621.1635_none_270f70857386168e\COMCTL32.dll
0x00007ffe01ca0000 - 0x00007ffe01cc6000 	C:\WINDOWS\System32\win32u.dll
0x00007ffe02530000 - 0x00007ffe02559000 	C:\WINDOWS\System32\GDI32.dll
0x00007ffe019a0000 - 0x00007ffe01ab8000 	C:\WINDOWS\System32\gdi32full.dll
0x00007ffdf7220000 - 0x00007ffdf722a000 	C:\WINDOWS\SYSTEM32\VERSION.dll
0x00007ffe013b0000 - 0x00007ffe0144a000 	C:\WINDOWS\System32\msvcp_win.dll
0x00007ffe03f10000 - 0x00007ffe03f41000 	C:\WINDOWS\System32\IMM32.DLL
0x00007ffddeac0000 - 0x00007ffddeacc000 	C:\Program Files\Java\jdk-20\bin\vcruntime140_1.dll
0x00007ffdbadd0000 - 0x00007ffdbae5e000 	C:\Program Files\Java\jdk-20\bin\msvcp140.dll
0x00007ffdb2670000 - 0x00007ffdb3307000 	C:\Program Files\Java\jdk-20\bin\server\jvm.dll
0x00007ffded6d0000 - 0x00007ffded6d9000 	C:\WINDOWS\SYSTEM32\WSOCK32.dll
0x00007ffe024b0000 - 0x00007ffe02521000 	C:\WINDOWS\System32\WS2_32.dll
0x00007ffdf1ac0000 - 0x00007ffdf1af4000 	C:\WINDOWS\SYSTEM32\WINMM.dll
0x00007ffe004b0000 - 0x00007ffe004c8000 	C:\WINDOWS\SYSTEM32\kernel.appcore.dll
0x00007ffdde5e0000 - 0x00007ffdde5ea000 	C:\Program Files\Java\jdk-20\bin\jimage.dll
0x00007ffdecd80000 - 0x00007ffdecfae000 	C:\WINDOWS\SYSTEM32\DBGHELP.DLL
0x00007ffe03380000 - 0x00007ffe03709000 	C:\WINDOWS\System32\combase.dll
0x00007ffe03280000 - 0x00007ffe03357000 	C:\WINDOWS\System32\OLEAUT32.dll
0x00007ffdebf40000 - 0x00007ffdebf72000 	C:\WINDOWS\SYSTEM32\dbgcore.DLL
0x00007ffe01920000 - 0x00007ffe0199b000 	C:\WINDOWS\System32\bcryptPrimitives.dll
0x00007ffdda740000 - 0x00007ffdda766000 	C:\Program Files\Java\jdk-20\bin\java.dll
0x00007ffdbacf0000 - 0x00007ffdbadc7000 	C:\Program Files\Java\jdk-20\bin\jsvml.dll
0x00007ffe03710000 - 0x00007ffe03f0a000 	C:\WINDOWS\System32\SHELL32.dll
0x00007ffdff360000 - 0x00007ffdffc2e000 	C:\WINDOWS\SYSTEM32\windows.storage.dll
0x00007ffdff220000 - 0x00007ffdff35e000 	C:\WINDOWS\SYSTEM32\wintypes.dll
0x00007ffe02080000 - 0x00007ffe02171000 	C:\WINDOWS\System32\SHCORE.dll
0x00007ffe022a0000 - 0x00007ffe022fe000 	C:\WINDOWS\System32\shlwapi.dll
0x00007ffe012e0000 - 0x00007ffe01301000 	C:\WINDOWS\SYSTEM32\profapi.dll
0x00007ffdda300000 - 0x00007ffdda313000 	C:\Program Files\Java\jdk-20\bin\net.dll
0x00007ffdfaf50000 - 0x00007ffdfb087000 	C:\WINDOWS\SYSTEM32\WINHTTP.dll
0x00007ffe00910000 - 0x00007ffe00979000 	C:\WINDOWS\system32\mswsock.dll
0x00007ffdda2e0000 - 0x00007ffdda2f6000 	C:\Program Files\Java\jdk-20\bin\nio.dll
0x00007ffdd70b0000 - 0x00007ffdd70c8000 	C:\Program Files\Java\jdk-20\bin\zip.dll
0x000001e7c7800000 - 0x000001e7c7803000 	C:\Users\gage1\.openjfx\cache\20-ea+4\amd64\api-ms-win-core-console-l1-1-0.dll
0x000001e7c7810000 - 0x000001e7c7813000 	C:\Users\gage1\.openjfx\cache\20-ea+4\amd64\api-ms-win-core-console-l1-2-0.dll
0x000001e7c7820000 - 0x000001e7c7823000 	C:\Users\gage1\.openjfx\cache\20-ea+4\amd64\api-ms-win-core-datetime-l1-1-0.dll
0x000001e7c7830000 - 0x000001e7c7833000 	C:\Users\gage1\.openjfx\cache\20-ea+4\amd64\api-ms-win-core-debug-l1-1-0.dll
0x000001e7c7840000 - 0x000001e7c7843000 	C:\Users\gage1\.openjfx\cache\20-ea+4\amd64\api-ms-win-core-errorhandling-l1-1-0.dll
0x000001e7c7850000 - 0x000001e7c7854000 	C:\Users\gage1\.openjfx\cache\20-ea+4\amd64\api-ms-win-core-file-l1-1-0.dll
0x000001e7c7860000 - 0x000001e7c7863000 	C:\Users\gage1\.openjfx\cache\20-ea+4\amd64\api-ms-win-core-file-l1-2-0.dll
0x000001e7c7870000 - 0x000001e7c7873000 	C:\Users\gage1\.openjfx\cache\20-ea+4\amd64\api-ms-win-core-file-l2-1-0.dll
0x000001e7c7880000 - 0x000001e7c7883000 	C:\Users\gage1\.openjfx\cache\20-ea+4\amd64\api-ms-win-core-handle-l1-1-0.dll
0x000001e7c7890000 - 0x000001e7c7893000 	C:\Users\gage1\.openjfx\cache\20-ea+4\amd64\api-ms-win-core-heap-l1-1-0.dll
0x000001e7c78a0000 - 0x000001e7c78a3000 	C:\Users\gage1\.openjfx\cache\20-ea+4\amd64\api-ms-win-core-interlocked-l1-1-0.dll
0x000001e7c78b0000 - 0x000001e7c78b3000 	C:\Users\gage1\.openjfx\cache\20-ea+4\amd64\api-ms-win-core-libraryloader-l1-1-0.dll
0x000001e7e7370000 - 0x000001e7e7373000 	C:\Users\gage1\.openjfx\cache\20-ea+4\amd64\api-ms-win-core-localization-l1-2-0.dll
0x000001e7e7380000 - 0x000001e7e7383000 	C:\Users\gage1\.openjfx\cache\20-ea+4\amd64\api-ms-win-core-memory-l1-1-0.dll
0x000001e7e7390000 - 0x000001e7e7393000 	C:\Users\gage1\.openjfx\cache\20-ea+4\amd64\api-ms-win-core-namedpipe-l1-1-0.dll
0x000001e7e73a0000 - 0x000001e7e73a3000 	C:\Users\gage1\.openjfx\cache\20-ea+4\amd64\api-ms-win-core-processenvironment-l1-1-0.dll
0x000001e7e73b0000 - 0x000001e7e73b3000 	C:\Users\gage1\.openjfx\cache\20-ea+4\amd64\api-ms-win-core-processthreads-l1-1-0.dll
0x000001e7e73c0000 - 0x000001e7e73c3000 	C:\Users\gage1\.openjfx\cache\20-ea+4\amd64\api-ms-win-core-processthreads-l1-1-1.dll
0x000001e7e73d0000 - 0x000001e7e73d3000 	C:\Users\gage1\.openjfx\cache\20-ea+4\amd64\api-ms-win-core-profile-l1-1-0.dll
0x000001e7e73e0000 - 0x000001e7e73e3000 	C:\Users\gage1\.openjfx\cache\20-ea+4\amd64\api-ms-win-core-rtlsupport-l1-1-0.dll
0x000001e7e73f0000 - 0x000001e7e73f3000 	C:\Users\gage1\.openjfx\cache\20-ea+4\amd64\api-ms-win-core-string-l1-1-0.dll
0x000001e7ec100000 - 0x000001e7ec103000 	C:\Users\gage1\.openjfx\cache\20-ea+4\amd64\api-ms-win-core-synch-l1-1-0.dll
0x000001e7ec110000 - 0x000001e7ec113000 	C:\Users\gage1\.openjfx\cache\20-ea+4\amd64\api-ms-win-core-synch-l1-2-0.dll
0x000001e7ec120000 - 0x000001e7ec123000 	C:\Users\gage1\.openjfx\cache\20-ea+4\amd64\api-ms-win-core-sysinfo-l1-1-0.dll
0x000001e7ec130000 - 0x000001e7ec133000 	C:\Users\gage1\.openjfx\cache\20-ea+4\amd64\api-ms-win-core-timezone-l1-1-0.dll
0x000001e7ec140000 - 0x000001e7ec143000 	C:\Users\gage1\.openjfx\cache\20-ea+4\amd64\api-ms-win-core-util-l1-1-0.dll
0x000001e7ec150000 - 0x000001e7ec153000 	C:\Users\gage1\.openjfx\cache\20-ea+4\amd64\api-ms-win-crt-conio-l1-1-0.dll
0x000001e7ec160000 - 0x000001e7ec164000 	C:\Users\gage1\.openjfx\cache\20-ea+4\amd64\api-ms-win-crt-convert-l1-1-0.dll
0x000001e7ec170000 - 0x000001e7ec173000 	C:\Users\gage1\.openjfx\cache\20-ea+4\amd64\api-ms-win-crt-environment-l1-1-0.dll
0x000001e7ec180000 - 0x000001e7ec183000 	C:\Users\gage1\.openjfx\cache\20-ea+4\amd64\api-ms-win-crt-filesystem-l1-1-0.dll
0x000001e7ec190000 - 0x000001e7ec193000 	C:\Users\gage1\.openjfx\cache\20-ea+4\amd64\api-ms-win-crt-heap-l1-1-0.dll
0x000001e7ec1a0000 - 0x000001e7ec1a3000 	C:\Users\gage1\.openjfx\cache\20-ea+4\amd64\api-ms-win-crt-locale-l1-1-0.dll
0x000001e7ec1b0000 - 0x000001e7ec1b5000 	C:\Users\gage1\.openjfx\cache\20-ea+4\amd64\api-ms-win-crt-math-l1-1-0.dll
0x000001e7ec1c0000 - 0x000001e7ec1c5000 	C:\Users\gage1\.openjfx\cache\20-ea+4\amd64\api-ms-win-crt-multibyte-l1-1-0.dll
0x000001e7ec1d0000 - 0x000001e7ec1e0000 	C:\Users\gage1\.openjfx\cache\20-ea+4\amd64\api-ms-win-crt-private-l1-1-0.dll
0x000001e7ec1e0000 - 0x000001e7ec1e3000 	C:\Users\gage1\.openjfx\cache\20-ea+4\amd64\api-ms-win-crt-process-l1-1-0.dll
0x000001e7ec1f0000 - 0x000001e7ec1f4000 	C:\Users\gage1\.openjfx\cache\20-ea+4\amd64\api-ms-win-crt-runtime-l1-1-0.dll
0x000001e7ec200000 - 0x000001e7ec204000 	C:\Users\gage1\.openjfx\cache\20-ea+4\amd64\api-ms-win-crt-stdio-l1-1-0.dll
0x000001e7ec210000 - 0x000001e7ec214000 	C:\Users\gage1\.openjfx\cache\20-ea+4\amd64\api-ms-win-crt-string-l1-1-0.dll
0x000001e7ec220000 - 0x000001e7ec223000 	C:\Users\gage1\.openjfx\cache\20-ea+4\amd64\api-ms-win-crt-time-l1-1-0.dll
0x000001e7ec230000 - 0x000001e7ec233000 	C:\Users\gage1\.openjfx\cache\20-ea+4\amd64\api-ms-win-crt-utility-l1-1-0.dll
0x00007ffdba990000 - 0x00007ffdbaa8c000 	C:\Users\gage1\.openjfx\cache\20-ea+4\amd64\ucrtbase.dll
0x00007ffdd42e0000 - 0x00007ffdd42fb000 	C:\Users\gage1\.openjfx\cache\20-ea+4\amd64\vcruntime140.dll
0x00007ffddd0c0000 - 0x00007ffddd0cc000 	C:\Users\gage1\.openjfx\cache\20-ea+4\amd64\vcruntime140_1.dll
0x00007ffdba900000 - 0x00007ffdba98e000 	C:\Users\gage1\.openjfx\cache\20-ea+4\amd64\msvcp140.dll
0x00007ffddc880000 - 0x00007ffddc889000 	C:\Users\gage1\.openjfx\cache\20-ea+4\amd64\msvcp140_1.dll
0x00007ffdc7c70000 - 0x00007ffdc7ca0000 	C:\Users\gage1\.openjfx\cache\20-ea+4\amd64\msvcp140_2.dll
0x00007ffdbda90000 - 0x00007ffdbdabc000 	C:\Users\gage1\.openjfx\cache\20-ea+4\amd64\prism_d3d.dll
0x00007ffdd8060000 - 0x00007ffdd8209000 	C:\WINDOWS\system32\d3d9.dll
0x00007ffdfeda0000 - 0x00007ffdfedcb000 	C:\WINDOWS\SYSTEM32\dwmapi.dll
0x00007ffdfea70000 - 0x00007ffdfeaa6000 	C:\WINDOWS\SYSTEM32\dxcore.dll
0x00007ffdfe940000 - 0x00007ffdfe9eb000 	C:\WINDOWS\system32\uxtheme.dll
0x00007ffdf7230000 - 0x00007ffdf72ed000 	C:\WINDOWS\System32\DriverStore\FileRepository\nv_dispi.inf_amd64_059948e396d205d5\nvldumdx.dll
0x00007ffe01050000 - 0x00007ffe01062000 	C:\WINDOWS\SYSTEM32\msasn1.dll
0x00007ffdf71e0000 - 0x00007ffdf7212000 	C:\WINDOWS\SYSTEM32\cryptnet.dll
0x00007ffe01b30000 - 0x00007ffe01c97000 	C:\WINDOWS\System32\CRYPT32.dll
0x00007ffdf6fd0000 - 0x00007ffdf7131000 	C:\WINDOWS\SYSTEM32\drvstore.dll
0x00007ffe010c0000 - 0x00007ffe010ec000 	C:\WINDOWS\SYSTEM32\devobj.dll
0x00007ffe01070000 - 0x00007ffe010be000 	C:\WINDOWS\SYSTEM32\cfgmgr32.dll
0x00007ffe00c10000 - 0x00007ffe00c58000 	C:\WINDOWS\SYSTEM32\wldp.dll
0x00007ffe00b20000 - 0x00007ffe00b2c000 	C:\WINDOWS\SYSTEM32\cryptbase.dll
0x00007ffe01ac0000 - 0x00007ffe01b2b000 	C:\WINDOWS\System32\WINTRUST.DLL
0x00007ffe03360000 - 0x00007ffe0337f000 	C:\WINDOWS\System32\imagehlp.dll
0x00007ffe00bb0000 - 0x00007ffe00bcb000 	C:\WINDOWS\SYSTEM32\CRYPTSP.dll
0x00007ffe00420000 - 0x00007ffe00455000 	C:\WINDOWS\system32\rsaenh.dll
0x00007ffe00d60000 - 0x00007ffe00d88000 	C:\WINDOWS\SYSTEM32\bcrypt.dll
0x00007ffd9b5e0000 - 0x00007ffd9e4db000 	C:\WINDOWS\System32\DriverStore\FileRepository\nv_dispi.inf_amd64_059948e396d205d5\nvd3dumx.dll
0x00007ffdfadb0000 - 0x00007ffdfadf8000 	C:\WINDOWS\SYSTEM32\directxdatabasehelper.dll
0x00007ffdbd3a0000 - 0x00007ffdbd3e2000 	C:\Users\gage1\.openjfx\cache\20-ea+4\amd64\glass.dll
0x00007ffe023b0000 - 0x00007ffe024a7000 	C:\WINDOWS\System32\COMDLG32.dll
0x00007ffe02ea0000 - 0x00007ffe0303c000 	C:\WINDOWS\System32\ole32.dll
0x00007ffe02180000 - 0x00007ffe0229e000 	C:\WINDOWS\System32\MSCTF.dll
0x00007ffda2770000 - 0x00007ffda2a41000 	C:\WINDOWS\system32\nvspcap64.dll
0x00007ffe004d0000 - 0x00007ffe00504000 	C:\WINDOWS\SYSTEM32\ntmarta.dll
0x00007ffe00980000 - 0x00007ffe009a6000 	C:\WINDOWS\SYSTEM32\gpapi.dll
0x00007ffdd42c0000 - 0x00007ffdd42d4000 	C:\Users\gage1\.openjfx\cache\20-ea+4\amd64\javafx_font.dll
0x00007ffdfcf70000 - 0x00007ffdfd1d7000 	C:\WINDOWS\SYSTEM32\dwrite.dll
0x00007ffe03170000 - 0x00007ffe03220000 	C:\WINDOWS\System32\clbcatq.dll
0x00007ffdfcd40000 - 0x00007ffdfcef0000 	C:\WINDOWS\SYSTEM32\WindowsCodecs.dll
0x00007ffdd4cd0000 - 0x00007ffdd4d2e000 	C:\WINDOWS\system32\dataexchange.dll
0x00007ffdf7ca0000 - 0x00007ffdf7f17000 	C:\WINDOWS\system32\twinapi.appcore.dll
0x00007ffdbbda0000 - 0x00007ffdbbdd2000 	C:\Program Files\Common Files\Microsoft Shared\Ink\rtscom.dll
0x00007ffdf09b0000 - 0x00007ffdf0add000 	C:\WINDOWS\SYSTEM32\textinputframework.dll

dbghelp: loaded successfully - version: 4.0.5 - missing functions: none
symbol engine: initialized successfully - sym options: 0x614 - pdb path: .;C:\Program Files\Java\jdk-20\bin;C:\WINDOWS\SYSTEM32;C:\WINDOWS\WinSxS\amd64_microsoft.windows.common-controls_6595b64144ccf1df_6.0.22621.1635_none_270f70857386168e;C:\Program Files\Java\jdk-20\bin\server;C:\Users\gage1\.openjfx\cache\20-ea+4\amd64;C:\WINDOWS\System32\DriverStore\FileRepository\nv_dispi.inf_amd64_059948e396d205d5;C:\Program Files\Common Files\Microsoft Shared\Ink;C:\Users\gage1\AppData\Local\Temp\lwjgl_gage1\3.3.2+13\x64

VM Arguments:
jvm_args: --module-path=C:\Users\gage1\.m2\repository\org\openjfx\javafx-base\20-ea+4\javafx-base-20-ea+4-win.jar;C:\Users\gage1\.m2\repository\org\openjfx\javafx-base\20-ea+4\javafx-base-20-ea+4.jar;C:\Users\gage1\.m2\repository\org\openjfx\javafx-controls\20-ea+4\javafx-controls-20-ea+4-win.jar;C:\Users\gage1\.m2\repository\org\openjfx\javafx-controls\20-ea+4\javafx-controls-20-ea+4.jar;C:\Users\gage1\.m2\repository\org\openjfx\javafx-fxml\20-ea+4\javafx-fxml-20-ea+4-win.jar;C:\Users\gage1\.m2\repository\org\openjfx\javafx-fxml\20-ea+4\javafx-fxml-20-ea+4.jar;C:\Users\gage1\.m2\repository\org\openjfx\javafx-graphics\20-ea+4\javafx-graphics-20-ea+4-win.jar;C:\Users\gage1\.m2\repository\org\openjfx\javafx-graphics\20-ea+4\javafx-graphics-20-ea+4.jar;C:\Users\gage1\.m2\repository\org\openjfx\javafx-media\20-ea+4\javafx-media-20-ea+4-win.jar;C:\Users\gage1\.m2\repository\org\openjfx\javafx-media\20-ea+4\javafx-media-20-ea+4.jar;C:\Users\gage1\.m2\repository\org\openjfx\javafx-web\20-ea+4\javafx-web-20-ea+4-win.jar;C:\Users\gage1\.m2\repository\org\openjfx\javafx-web\20-ea+4\javafx-web-20-ea+4.jar --add-modules=javafx.base,javafx.controls,javafx.fxml,javafx.graphics,javafx.media,javafx.web 
java_command: com.freyja.Main
java_class_path (initial): C:\Users\gage1\Documents\GitHub\RepairSoftwareSuite\target\classes;C:\Users\gage1\.m2\repository\com\dlsc\formsfx\formsfx-core\11.5.0\formsfx-core-11.5.0.jar;C:\Users\gage1\.m2\repository\com\fasterxml\jackson\core\jackson-annotations\2.12.1\jackson-annotations-2.12.1.jar;C:\Users\gage1\.m2\repository\com\fasterxml\jackson\core\jackson-core\2.12.1\jackson-core-2.12.1.jar;C:\Users\gage1\.m2\repository\com\fasterxml\jackson\core\jackson-databind\2.12.1\jackson-databind-2.12.1.jar;C:\Users\gage1\.m2\repository\com\github\almasb\fxgl\17.2\fxgl-17.2.jar;C:\Users\gage1\.m2\repository\com\github\almasb\fxgl-core\17.2\fxgl-core-17.2.jar;C:\Users\gage1\.m2\repository\com\github\almasb\fxgl-entity\17.2\fxgl-entity-17.2.jar;C:\Users\gage1\.m2\repository\com\github\almasb\fxgl-gameplay\17.2\fxgl-gameplay-17.2.jar;C:\Users\gage1\.m2\repository\com\github\almasb\fxgl-io\17.2\fxgl-io-17.2.jar;C:\Users\gage1\.m2\repository\com\github\almasb\fxgl-scene\17.2\fxgl-scene-17.2.jar;C:\Users\gage1\.m2\repository\com\gluonhq\attach\audio\4.0.13\audio-4.0.13.jar;C:\Users\gage1\.m2\repository\com\gluonhq\attach\lifecycle\4.0.13\lifecycle-4.0.13.jar;C:\Users\gage1\.m2\repository\com\gluonhq\attach\storage\4.0.13\storage-4.0.13.jar;C:\Users\gage1\.m2\repository\com\gluonhq\attach\util\4.0.13\util-4.0.13.jar;C:\Users\gage1\.m2\repository\commons-io\commons-io\2.6\commons-io-2.6.jar;C:\Users\gage1\.m2\repository\eu\hansolo\tilesfx\17.1.15\tilesfx-17.1.15.jar;C:\Users\gage1\.m2\repository\eu\hansolo\toolbox\17.0.26\toolbox-17.0.26.jar;C:\Users\gage1\.m2\repository\eu\hansolo\toolboxfx\17.0.29\toolboxfx-17.0.29.jar;C:\Users\gage1\.m2\repository\eu\hansolo\fx\countries\17.0.23\countries-17.0.23.jar;C:\Users\gage1\.m2\repository\eu\hansolo\fx\heatmap\17.0.12\heatmap-17.0.12.jar;C:\Users\gage1\.m2\repository\net\synedra\validatorfx\0.4.0\validatorfx-0.4.0.jar;C:\Users\gage1\.m2\repository\org\controlsfx\controlsfx\11.1.2\controlsfx-11.1.2.jar;C:\Users\gage1\.m2\repository\org\jetbrains\annotations\13.0\annotations-13.0.jar;C:\Users\gage1\.m2\repository\org\jetbrains\kotlin\kotlin-stdlib\1.6.0\kotlin-stdlib-1.6.0-modular.jar;C:\Users\gage1\.m2\repository\org\jetbrains\kotlin\kotlin-stdlib-common\1.6.0\kotlin-stdlib-common-1.6.0.jar;C:\Users\gage1\.m2\repository\org\jsoup\jsoup\1.15.4\jsoup-1.15.4.jar;C:\Users\gage1\.m2\repository\org\kordamp\bootstrapfx\bootstrapfx-core\0.4.0\bootstrapfx-core-0.4.0.jar;C:\Users\gage1\.m2\repository\org\kordamp\ikonli\ikonli-core\12.3.1\ikonli-core-12.3.1.jar;C:\Users\gage1\.m2\repository\org\kordamp\ikonli\ikonli-javafx\12.3.1\ikonli-javafx-12.3.1.jar;C:\Users\gage1\.m2\repository\org\lwjgl\lwjgl\3.3.2\lwjgl-3.3.2.jar;C:\Users\gage1\.m2\repository\org\lwjgl\lwjgl-glfw\3.3.1\lwjgl-glfw-3.3.1.jar;C:\Users\gage1\.m2\repository\org\lwjgl\lwjgl-stb\3.3.0\lwjgl-stb-3.3.0.jar;C:\Users\gage1\.m2\repository\org\lwjgl\osgi\org.lwjgl.glfw\3.3.0\org.lwjgl.glfw-3.3.0.jar;C:\Users\gage1\.m2\repository\org\lwjgl\osgi\org.lwjgl.jawt\3.3.0\org.lwjgl.jawt-3.3.0.jar;C:\Users\gage1\.m2\repository\org\lwjgl\osgi\org.lwjgl.lwjgl\3.3.0\org.lwjgl.lwjgl-3.3.0.jar
Launcher Type: SUN_STANDARD

[Global flags]
     intx CICompilerCount                          = 4                                         {product} {ergonomic}
     uint ConcGCThreads                            = 3                                         {product} {ergonomic}
     uint G1ConcRefinementThreads                  = 10                                        {product} {ergonomic}
   size_t G1HeapRegionSize                         = 2097152                                   {product} {ergonomic}
    uintx GCDrainStackTargetSize                   = 64                                        {product} {ergonomic}
   size_t InitialHeapSize                          = 268435456                                 {product} {ergonomic}
   size_t MarkStackSize                            = 4194304                                   {product} {ergonomic}
   size_t MaxHeapSize                              = 4278190080                                {product} {ergonomic}
   size_t MaxNewSize                               = 2566914048                                {product} {ergonomic}
   size_t MinHeapDeltaBytes                        = 2097152                                   {product} {ergonomic}
   size_t MinHeapSize                              = 8388608                                   {product} {ergonomic}
    uintx NonNMethodCodeHeapSize                   = 5839372                                {pd product} {ergonomic}
    uintx NonProfiledCodeHeapSize                  = 122909434                              {pd product} {ergonomic}
    uintx ProfiledCodeHeapSize                     = 122909434                              {pd product} {ergonomic}
    uintx ReservedCodeCacheSize                    = 251658240                              {pd product} {ergonomic}
     bool SegmentedCodeCache                       = true                                      {product} {ergonomic}
   size_t SoftMaxHeapSize                          = 4278190080                             {manageable} {ergonomic}
     bool UseCompressedClassPointers               = true                           {product lp64_product} {ergonomic}
     bool UseCompressedOops                        = true                           {product lp64_product} {ergonomic}
     bool UseG1GC                                  = true                                      {product} {ergonomic}
     bool UseLargePagesIndividualAllocation        = false                                  {pd product} {ergonomic}

Logging:
Log output configuration:
 #0: stdout all=warning uptime,level,tags foldmultilines=false
 #1: stderr all=off uptime,level,tags foldmultilines=false

Environment Variables:
PATH=C:\Program Files\Common Files\Oracle\Java\javapath;C:\Python311\Scripts\;C:\Python311\;C:\Program Files\Eclipse Adoptium\jre-17.0.5.8-hotspot\bin;C:\Program Files\Eclipse Adoptium\jre-11.0.17.8-hotspot\bin;C:\WINDOWS\system32;C:\WINDOWS;C:\WINDOWS\System32\Wbem;C:\WINDOWS\System32\WindowsPowerShell\v1.0\;C:\WINDOWS\System32\OpenSSH\;C:\Program Files\dotnet\;C:\Program Files\nodejs\;C:\ProgramData\chocolatey\bin;;C:\Program Files\NVIDIA Corporation\NVIDIA NvDLISR;C:\Program Files (x86)\NVIDIA Corporation\PhysX\Common;C:\Users\gage1\.cargo\bin;C:\Users\gage1\AppData\Local\Programs\Python\Python38\Scripts\;C:\Users\gage1\AppData\Local\Programs\Python\Python38\;C:\Users\gage1\AppData\Local\Microsoft\WindowsApps;C:\Users\gage1\AppData\Local\GitHubDesktop\bin;C:\Users\gage1\AppData\Local\spicetify;C:\Users\gage1\AppData\Local\Programs\Microsoft VS Code\bin;C:\Program Files\JetBrains\CLion 2022.3.2\bin;C:\Users\gage1\AppData\Roaming\npm;C:\Program Files\JetBrains\IntelliJ IDEA Community Edition 2022.3.2\bin;C:\Users\gage1\AppData\Local\JetBrains\Toolbox\scripts;C:\Users\gage1\.dotnet\tools
USERNAME=gage1
OS=Windows_NT
PROCESSOR_IDENTIFIER=AMD64 Family 23 Model 113 Stepping 0, AuthenticAMD
TMP=C:\Users\gage1\AppData\Local\Temp
TEMP=C:\Users\gage1\AppData\Local\Temp




---------------  S Y S T E M  ---------------

OS:
 Windows 11 , 64 bit Build 22621 (10.0.22621.1635)
OS uptime: 19 days 11:11 hours
Hyper-V role detected

CPU: total 12 (initial active 12) (12 cores per cpu, 2 threads per core) family 23 model 113 stepping 0 microcode 0x0, cx8, cmov, fxsr, ht, mmx, 3dnowpref, sse, sse2, sse3, ssse3, sse4a, sse4.1, sse4.2, popcnt, lzcnt, tsc, tscinvbit, avx, avx2, aes, clmul, bmi1, bmi2, adx, sha, fma, vzeroupper, clflush, clflushopt, hv, rdtscp, rdpid, f16c

Memory: 4k page, system-wide physical 16314M (4843M free)
TotalPageFile size 28176M (AvailPageFile size 10443M)
current process WorkingSet (physical memory assigned to process): 188M, peak: 190M
current process commit charge ("private bytes"): 480M, peak: 482M

vm_info: Java HotSpot(TM) 64-Bit Server VM (20.0.1+9-29) for windows-amd64 JRE (20.0.1+9-29), built on 2023-03-07T13:56:11Z by "mach5one" with MS VC++ 17.1 (VS2022)

END.
